ERROR - 2024-05-13 02:42:42 --> mysqli_sql_exception: You have an error in your SQL syntax; check the manual that corresponds to your MariaDB server version for the right syntax to use near '1 PRIMARY KEY(`User_status_id`)
) DEFAULT CHARACTER SET = utf8mb4 COLLATE = u...' at line 7 in C:\xampp\htdocs\Codeigniter_Crud\crud_v2\vendor\codeigniter4\framework\system\Database\MySQLi\Connection.php:308
Stack trace:
#0 C:\xampp\htdocs\Codeigniter_Crud\crud_v2\vendor\codeigniter4\framework\system\Database\MySQLi\Connection.php(308): mysqli->query('CREATE TABLE `u...', 0)
#1 C:\xampp\htdocs\Codeigniter_Crud\crud_v2\vendor\codeigniter4\framework\system\Database\BaseConnection.php(722): CodeIgniter\Database\MySQLi\Connection->execute('CREATE TABLE `u...')
#2 C:\xampp\htdocs\Codeigniter_Crud\crud_v2\vendor\codeigniter4\framework\system\Database\BaseConnection.php(636): CodeIgniter\Database\BaseConnection->simpleQuery('CREATE TABLE `u...')
#3 C:\xampp\htdocs\Codeigniter_Crud\crud_v2\vendor\codeigniter4\framework\system\Database\Forge.php(570): CodeIgniter\Database\BaseConnection->query('CREATE TABLE `u...')
#4 C:\xampp\htdocs\Codeigniter_Crud\crud_v2\app\Database\Migrations\2024-05-13-020420_AddUserStatus.php(38): CodeIgniter\Database\Forge->createTable('user_status')
#5 C:\xampp\htdocs\Codeigniter_Crud\crud_v2\vendor\codeigniter4\framework\system\Database\MigrationRunner.php(867): App\Database\Migrations\AddUserStatus->up()
#6 C:\xampp\htdocs\Codeigniter_Crud\crud_v2\vendor\codeigniter4\framework\system\Database\MigrationRunner.php(183): CodeIgniter\Database\MigrationRunner->migrate('up', Object(stdClass))
#7 C:\xampp\htdocs\Codeigniter_Crud\crud_v2\vendor\codeigniter4\framework\system\Commands\Database\Migrate.php(85): CodeIgniter\Database\MigrationRunner->latest(NULL)
#8 C:\xampp\htdocs\Codeigniter_Crud\crud_v2\vendor\codeigniter4\framework\system\CLI\Commands.php(70): CodeIgniter\Commands\Database\Migrate->run(Array)
#9 C:\xampp\htdocs\Codeigniter_Crud\crud_v2\vendor\codeigniter4\framework\system\CLI\Console.php(48): CodeIgniter\CLI\Commands->run('migrate', Array)
#10 C:\xampp\htdocs\Codeigniter_Crud\crud_v2\vendor\codeigniter4\framework\system\Boot.php(338): CodeIgniter\CLI\Console->run()
#11 C:\xampp\htdocs\Codeigniter_Crud\crud_v2\vendor\codeigniter4\framework\system\Boot.php(104): CodeIgniter\Boot::runCommand(Object(CodeIgniter\CLI\Console))
#12 C:\xampp\htdocs\Codeigniter_Crud\crud_v2\spark(84): CodeIgniter\Boot::bootSpark(Object(Config\Paths))
#13 {main}
ERROR - 2024-05-13 02:53:53 --> mysqli_sql_exception: Can't create table `codeigniter_crud_v2`.`profiles` (errno: 150 "Foreign key constraint is incorrectly formed") in C:\xampp\htdocs\Codeigniter_Crud\crud_v2\vendor\codeigniter4\framework\system\Database\MySQLi\Connection.php:308
Stack trace:
#0 C:\xampp\htdocs\Codeigniter_Crud\crud_v2\vendor\codeigniter4\framework\system\Database\MySQLi\Connection.php(308): mysqli->query('CREATE TABLE `p...', 0)
#1 C:\xampp\htdocs\Codeigniter_Crud\crud_v2\vendor\codeigniter4\framework\system\Database\BaseConnection.php(722): CodeIgniter\Database\MySQLi\Connection->execute('CREATE TABLE `p...')
#2 C:\xampp\htdocs\Codeigniter_Crud\crud_v2\vendor\codeigniter4\framework\system\Database\BaseConnection.php(636): CodeIgniter\Database\BaseConnection->simpleQuery('CREATE TABLE `p...')
#3 C:\xampp\htdocs\Codeigniter_Crud\crud_v2\vendor\codeigniter4\framework\system\Database\Forge.php(570): CodeIgniter\Database\BaseConnection->query('CREATE TABLE `p...')
#4 C:\xampp\htdocs\Codeigniter_Crud\crud_v2\app\Database\Migrations\2024-05-05-231648_AddProfiles.php(49): CodeIgniter\Database\Forge->createTable('profiles')
#5 C:\xampp\htdocs\Codeigniter_Crud\crud_v2\vendor\codeigniter4\framework\system\Database\MigrationRunner.php(867): App\Database\Migrations\AddProfiles->up()
#6 C:\xampp\htdocs\Codeigniter_Crud\crud_v2\vendor\codeigniter4\framework\system\Database\MigrationRunner.php(183): CodeIgniter\Database\MigrationRunner->migrate('up', Object(stdClass))
#7 C:\xampp\htdocs\Codeigniter_Crud\crud_v2\vendor\codeigniter4\framework\system\Commands\Database\Migrate.php(85): CodeIgniter\Database\MigrationRunner->latest(NULL)
#8 C:\xampp\htdocs\Codeigniter_Crud\crud_v2\vendor\codeigniter4\framework\system\CLI\Commands.php(70): CodeIgniter\Commands\Database\Migrate->run(Array)
#9 C:\xampp\htdocs\Codeigniter_Crud\crud_v2\vendor\codeigniter4\framework\system\CLI\Console.php(48): CodeIgniter\CLI\Commands->run('migrate', Array)
#10 C:\xampp\htdocs\Codeigniter_Crud\crud_v2\vendor\codeigniter4\framework\system\Boot.php(338): CodeIgniter\CLI\Console->run()
#11 C:\xampp\htdocs\Codeigniter_Crud\crud_v2\vendor\codeigniter4\framework\system\Boot.php(104): CodeIgniter\Boot::runCommand(Object(CodeIgniter\CLI\Console))
#12 C:\xampp\htdocs\Codeigniter_Crud\crud_v2\spark(84): CodeIgniter\Boot::bootSpark(Object(Config\Paths))
#13 {main}
ERROR - 2024-05-13 02:58:21 --> mysqli_sql_exception: Can't create table `codeigniter_crud_v2`.`profiles` (errno: 150 "Foreign key constraint is incorrectly formed") in C:\xampp\htdocs\Codeigniter_Crud\crud_v2\vendor\codeigniter4\framework\system\Database\MySQLi\Connection.php:308
Stack trace:
#0 C:\xampp\htdocs\Codeigniter_Crud\crud_v2\vendor\codeigniter4\framework\system\Database\MySQLi\Connection.php(308): mysqli->query('CREATE TABLE `p...', 0)
#1 C:\xampp\htdocs\Codeigniter_Crud\crud_v2\vendor\codeigniter4\framework\system\Database\BaseConnection.php(722): CodeIgniter\Database\MySQLi\Connection->execute('CREATE TABLE `p...')
#2 C:\xampp\htdocs\Codeigniter_Crud\crud_v2\vendor\codeigniter4\framework\system\Database\BaseConnection.php(636): CodeIgniter\Database\BaseConnection->simpleQuery('CREATE TABLE `p...')
#3 C:\xampp\htdocs\Codeigniter_Crud\crud_v2\vendor\codeigniter4\framework\system\Database\Forge.php(570): CodeIgniter\Database\BaseConnection->query('CREATE TABLE `p...')
#4 C:\xampp\htdocs\Codeigniter_Crud\crud_v2\app\Database\Migrations\2024-05-05-231648_AddProfiles.php(49): CodeIgniter\Database\Forge->createTable('profiles')
#5 C:\xampp\htdocs\Codeigniter_Crud\crud_v2\vendor\codeigniter4\framework\system\Database\MigrationRunner.php(867): App\Database\Migrations\AddProfiles->up()
#6 C:\xampp\htdocs\Codeigniter_Crud\crud_v2\vendor\codeigniter4\framework\system\Database\MigrationRunner.php(183): CodeIgniter\Database\MigrationRunner->migrate('up', Object(stdClass))
#7 C:\xampp\htdocs\Codeigniter_Crud\crud_v2\vendor\codeigniter4\framework\system\Commands\Database\Migrate.php(85): CodeIgniter\Database\MigrationRunner->latest(NULL)
#8 C:\xampp\htdocs\Codeigniter_Crud\crud_v2\vendor\codeigniter4\framework\system\CLI\Commands.php(70): CodeIgniter\Commands\Database\Migrate->run(Array)
#9 C:\xampp\htdocs\Codeigniter_Crud\crud_v2\vendor\codeigniter4\framework\system\CLI\Console.php(48): CodeIgniter\CLI\Commands->run('migrate', Array)
#10 C:\xampp\htdocs\Codeigniter_Crud\crud_v2\vendor\codeigniter4\framework\system\Boot.php(338): CodeIgniter\CLI\Console->run()
#11 C:\xampp\htdocs\Codeigniter_Crud\crud_v2\vendor\codeigniter4\framework\system\Boot.php(104): CodeIgniter\Boot::runCommand(Object(CodeIgniter\CLI\Console))
#12 C:\xampp\htdocs\Codeigniter_Crud\crud_v2\spark(84): CodeIgniter\Boot::bootSpark(Object(Config\Paths))
#13 {main}
ERROR - 2024-05-13 02:59:52 --> mysqli_sql_exception: Can't create table `codeigniter_crud_v2`.`profiles` (errno: 150 "Foreign key constraint is incorrectly formed") in C:\xampp\htdocs\Codeigniter_Crud\crud_v2\vendor\codeigniter4\framework\system\Database\MySQLi\Connection.php:308
Stack trace:
#0 C:\xampp\htdocs\Codeigniter_Crud\crud_v2\vendor\codeigniter4\framework\system\Database\MySQLi\Connection.php(308): mysqli->query('CREATE TABLE `p...', 0)
#1 C:\xampp\htdocs\Codeigniter_Crud\crud_v2\vendor\codeigniter4\framework\system\Database\BaseConnection.php(722): CodeIgniter\Database\MySQLi\Connection->execute('CREATE TABLE `p...')
#2 C:\xampp\htdocs\Codeigniter_Crud\crud_v2\vendor\codeigniter4\framework\system\Database\BaseConnection.php(636): CodeIgniter\Database\BaseConnection->simpleQuery('CREATE TABLE `p...')
#3 C:\xampp\htdocs\Codeigniter_Crud\crud_v2\vendor\codeigniter4\framework\system\Database\Forge.php(570): CodeIgniter\Database\BaseConnection->query('CREATE TABLE `p...')
#4 C:\xampp\htdocs\Codeigniter_Crud\crud_v2\app\Database\Migrations\2024-05-05-231648_AddProfiles.php(49): CodeIgniter\Database\Forge->createTable('profiles')
#5 C:\xampp\htdocs\Codeigniter_Crud\crud_v2\vendor\codeigniter4\framework\system\Database\MigrationRunner.php(867): App\Database\Migrations\AddProfiles->up()
#6 C:\xampp\htdocs\Codeigniter_Crud\crud_v2\vendor\codeigniter4\framework\system\Database\MigrationRunner.php(183): CodeIgniter\Database\MigrationRunner->migrate('up', Object(stdClass))
#7 C:\xampp\htdocs\Codeigniter_Crud\crud_v2\vendor\codeigniter4\framework\system\Commands\Database\Migrate.php(85): CodeIgniter\Database\MigrationRunner->latest(NULL)
#8 C:\xampp\htdocs\Codeigniter_Crud\crud_v2\vendor\codeigniter4\framework\system\CLI\Commands.php(70): CodeIgniter\Commands\Database\Migrate->run(Array)
#9 C:\xampp\htdocs\Codeigniter_Crud\crud_v2\vendor\codeigniter4\framework\system\CLI\Console.php(48): CodeIgniter\CLI\Commands->run('migrate', Array)
#10 C:\xampp\htdocs\Codeigniter_Crud\crud_v2\vendor\codeigniter4\framework\system\Boot.php(338): CodeIgniter\CLI\Console->run()
#11 C:\xampp\htdocs\Codeigniter_Crud\crud_v2\vendor\codeigniter4\framework\system\Boot.php(104): CodeIgniter\Boot::runCommand(Object(CodeIgniter\CLI\Console))
#12 C:\xampp\htdocs\Codeigniter_Crud\crud_v2\spark(84): CodeIgniter\Boot::bootSpark(Object(Config\Paths))
#13 {main}
ERROR - 2024-05-13 03:10:15 --> mysqli_sql_exception: Can't create table `codeigniter_crud_v2`.`profiles` (errno: 150 "Foreign key constraint is incorrectly formed") in C:\xampp\htdocs\Codeigniter_Crud\crud_v2\vendor\codeigniter4\framework\system\Database\MySQLi\Connection.php:308
Stack trace:
#0 C:\xampp\htdocs\Codeigniter_Crud\crud_v2\vendor\codeigniter4\framework\system\Database\MySQLi\Connection.php(308): mysqli->query('CREATE TABLE `p...', 0)
#1 C:\xampp\htdocs\Codeigniter_Crud\crud_v2\vendor\codeigniter4\framework\system\Database\BaseConnection.php(722): CodeIgniter\Database\MySQLi\Connection->execute('CREATE TABLE `p...')
#2 C:\xampp\htdocs\Codeigniter_Crud\crud_v2\vendor\codeigniter4\framework\system\Database\BaseConnection.php(636): CodeIgniter\Database\BaseConnection->simpleQuery('CREATE TABLE `p...')
#3 C:\xampp\htdocs\Codeigniter_Crud\crud_v2\vendor\codeigniter4\framework\system\Database\Forge.php(570): CodeIgniter\Database\BaseConnection->query('CREATE TABLE `p...')
#4 C:\xampp\htdocs\Codeigniter_Crud\crud_v2\app\Database\Migrations\2024-05-05-231648_AddProfiles.php(49): CodeIgniter\Database\Forge->createTable('profiles')
#5 C:\xampp\htdocs\Codeigniter_Crud\crud_v2\vendor\codeigniter4\framework\system\Database\MigrationRunner.php(867): App\Database\Migrations\AddProfiles->up()
#6 C:\xampp\htdocs\Codeigniter_Crud\crud_v2\vendor\codeigniter4\framework\system\Database\MigrationRunner.php(183): CodeIgniter\Database\MigrationRunner->migrate('up', Object(stdClass))
#7 C:\xampp\htdocs\Codeigniter_Crud\crud_v2\vendor\codeigniter4\framework\system\Commands\Database\Migrate.php(85): CodeIgniter\Database\MigrationRunner->latest(NULL)
#8 C:\xampp\htdocs\Codeigniter_Crud\crud_v2\vendor\codeigniter4\framework\system\CLI\Commands.php(70): CodeIgniter\Commands\Database\Migrate->run(Array)
#9 C:\xampp\htdocs\Codeigniter_Crud\crud_v2\vendor\codeigniter4\framework\system\CLI\Console.php(48): CodeIgniter\CLI\Commands->run('migrate', Array)
#10 C:\xampp\htdocs\Codeigniter_Crud\crud_v2\vendor\codeigniter4\framework\system\Boot.php(338): CodeIgniter\CLI\Console->run()
#11 C:\xampp\htdocs\Codeigniter_Crud\crud_v2\vendor\codeigniter4\framework\system\Boot.php(104): CodeIgniter\Boot::runCommand(Object(CodeIgniter\CLI\Console))
#12 C:\xampp\htdocs\Codeigniter_Crud\crud_v2\spark(84): CodeIgniter\Boot::bootSpark(Object(Config\Paths))
#13 {main}
ERROR - 2024-05-13 03:16:19 --> mysqli_sql_exception: Can't create table `codeigniter_crud_v2`.`profiles` (errno: 150 "Foreign key constraint is incorrectly formed") in C:\xampp\htdocs\Codeigniter_Crud\crud_v2\vendor\codeigniter4\framework\system\Database\MySQLi\Connection.php:308
Stack trace:
#0 C:\xampp\htdocs\Codeigniter_Crud\crud_v2\vendor\codeigniter4\framework\system\Database\MySQLi\Connection.php(308): mysqli->query('CREATE TABLE `p...', 0)
#1 C:\xampp\htdocs\Codeigniter_Crud\crud_v2\vendor\codeigniter4\framework\system\Database\BaseConnection.php(722): CodeIgniter\Database\MySQLi\Connection->execute('CREATE TABLE `p...')
#2 C:\xampp\htdocs\Codeigniter_Crud\crud_v2\vendor\codeigniter4\framework\system\Database\BaseConnection.php(636): CodeIgniter\Database\BaseConnection->simpleQuery('CREATE TABLE `p...')
#3 C:\xampp\htdocs\Codeigniter_Crud\crud_v2\vendor\codeigniter4\framework\system\Database\Forge.php(570): CodeIgniter\Database\BaseConnection->query('CREATE TABLE `p...')
#4 C:\xampp\htdocs\Codeigniter_Crud\crud_v2\app\Database\Migrations\2024-05-05-231648_AddProfiles.php(49): CodeIgniter\Database\Forge->createTable('profiles')
#5 C:\xampp\htdocs\Codeigniter_Crud\crud_v2\vendor\codeigniter4\framework\system\Database\MigrationRunner.php(867): App\Database\Migrations\AddProfiles->up()
#6 C:\xampp\htdocs\Codeigniter_Crud\crud_v2\vendor\codeigniter4\framework\system\Database\MigrationRunner.php(183): CodeIgniter\Database\MigrationRunner->migrate('up', Object(stdClass))
#7 C:\xampp\htdocs\Codeigniter_Crud\crud_v2\vendor\codeigniter4\framework\system\Commands\Database\Migrate.php(85): CodeIgniter\Database\MigrationRunner->latest(NULL)
#8 C:\xampp\htdocs\Codeigniter_Crud\crud_v2\vendor\codeigniter4\framework\system\CLI\Commands.php(70): CodeIgniter\Commands\Database\Migrate->run(Array)
#9 C:\xampp\htdocs\Codeigniter_Crud\crud_v2\vendor\codeigniter4\framework\system\CLI\Console.php(48): CodeIgniter\CLI\Commands->run('migrate', Array)
#10 C:\xampp\htdocs\Codeigniter_Crud\crud_v2\vendor\codeigniter4\framework\system\Boot.php(338): CodeIgniter\CLI\Console->run()
#11 C:\xampp\htdocs\Codeigniter_Crud\crud_v2\vendor\codeigniter4\framework\system\Boot.php(104): CodeIgniter\Boot::runCommand(Object(CodeIgniter\CLI\Console))
#12 C:\xampp\htdocs\Codeigniter_Crud\crud_v2\spark(84): CodeIgniter\Boot::bootSpark(Object(Config\Paths))
#13 {main}
ERROR - 2024-05-13 03:25:32 --> mysqli_sql_exception: Can't create table `codeigniter_crud_v2`.`profiles` (errno: 150 "Foreign key constraint is incorrectly formed") in C:\xampp\htdocs\Codeigniter_Crud\crud_v2\vendor\codeigniter4\framework\system\Database\MySQLi\Connection.php:308
Stack trace:
#0 C:\xampp\htdocs\Codeigniter_Crud\crud_v2\vendor\codeigniter4\framework\system\Database\MySQLi\Connection.php(308): mysqli->query('CREATE TABLE `p...', 0)
#1 C:\xampp\htdocs\Codeigniter_Crud\crud_v2\vendor\codeigniter4\framework\system\Database\BaseConnection.php(722): CodeIgniter\Database\MySQLi\Connection->execute('CREATE TABLE `p...')
#2 C:\xampp\htdocs\Codeigniter_Crud\crud_v2\vendor\codeigniter4\framework\system\Database\BaseConnection.php(636): CodeIgniter\Database\BaseConnection->simpleQuery('CREATE TABLE `p...')
#3 C:\xampp\htdocs\Codeigniter_Crud\crud_v2\vendor\codeigniter4\framework\system\Database\Forge.php(570): CodeIgniter\Database\BaseConnection->query('CREATE TABLE `p...')
#4 C:\xampp\htdocs\Codeigniter_Crud\crud_v2\app\Database\Migrations\2024-05-05-231648_AddProfiles.php(49): CodeIgniter\Database\Forge->createTable('profiles')
#5 C:\xampp\htdocs\Codeigniter_Crud\crud_v2\vendor\codeigniter4\framework\system\Database\MigrationRunner.php(867): App\Database\Migrations\AddProfiles->up()
#6 C:\xampp\htdocs\Codeigniter_Crud\crud_v2\vendor\codeigniter4\framework\system\Database\MigrationRunner.php(183): CodeIgniter\Database\MigrationRunner->migrate('up', Object(stdClass))
#7 C:\xampp\htdocs\Codeigniter_Crud\crud_v2\vendor\codeigniter4\framework\system\Commands\Database\Migrate.php(85): CodeIgniter\Database\MigrationRunner->latest(NULL)
#8 C:\xampp\htdocs\Codeigniter_Crud\crud_v2\vendor\codeigniter4\framework\system\CLI\Commands.php(70): CodeIgniter\Commands\Database\Migrate->run(Array)
#9 C:\xampp\htdocs\Codeigniter_Crud\crud_v2\vendor\codeigniter4\framework\system\CLI\Console.php(48): CodeIgniter\CLI\Commands->run('migrate', Array)
#10 C:\xampp\htdocs\Codeigniter_Crud\crud_v2\vendor\codeigniter4\framework\system\Boot.php(338): CodeIgniter\CLI\Console->run()
#11 C:\xampp\htdocs\Codeigniter_Crud\crud_v2\vendor\codeigniter4\framework\system\Boot.php(104): CodeIgniter\Boot::runCommand(Object(CodeIgniter\CLI\Console))
#12 C:\xampp\htdocs\Codeigniter_Crud\crud_v2\spark(84): CodeIgniter\Boot::bootSpark(Object(Config\Paths))
#13 {main}
ERROR - 2024-05-13 03:28:10 --> mysqli_sql_exception: Can't create table `crud_v2`.`profiles` (errno: 150 "Foreign key constraint is incorrectly formed") in C:\xampp\htdocs\Codeigniter_Crud\crud_v2\vendor\codeigniter4\framework\system\Database\MySQLi\Connection.php:308
Stack trace:
#0 C:\xampp\htdocs\Codeigniter_Crud\crud_v2\vendor\codeigniter4\framework\system\Database\MySQLi\Connection.php(308): mysqli->query('CREATE TABLE `p...', 0)
#1 C:\xampp\htdocs\Codeigniter_Crud\crud_v2\vendor\codeigniter4\framework\system\Database\BaseConnection.php(722): CodeIgniter\Database\MySQLi\Connection->execute('CREATE TABLE `p...')
#2 C:\xampp\htdocs\Codeigniter_Crud\crud_v2\vendor\codeigniter4\framework\system\Database\BaseConnection.php(636): CodeIgniter\Database\BaseConnection->simpleQuery('CREATE TABLE `p...')
#3 C:\xampp\htdocs\Codeigniter_Crud\crud_v2\vendor\codeigniter4\framework\system\Database\Forge.php(570): CodeIgniter\Database\BaseConnection->query('CREATE TABLE `p...')
#4 C:\xampp\htdocs\Codeigniter_Crud\crud_v2\app\Database\Migrations\2024-05-05-231648_AddProfiles.php(49): CodeIgniter\Database\Forge->createTable('profiles')
#5 C:\xampp\htdocs\Codeigniter_Crud\crud_v2\vendor\codeigniter4\framework\system\Database\MigrationRunner.php(867): App\Database\Migrations\AddProfiles->up()
#6 C:\xampp\htdocs\Codeigniter_Crud\crud_v2\vendor\codeigniter4\framework\system\Database\MigrationRunner.php(183): CodeIgniter\Database\MigrationRunner->migrate('up', Object(stdClass))
#7 C:\xampp\htdocs\Codeigniter_Crud\crud_v2\vendor\codeigniter4\framework\system\Commands\Database\Migrate.php(85): CodeIgniter\Database\MigrationRunner->latest(NULL)
#8 C:\xampp\htdocs\Codeigniter_Crud\crud_v2\vendor\codeigniter4\framework\system\CLI\Commands.php(70): CodeIgniter\Commands\Database\Migrate->run(Array)
#9 C:\xampp\htdocs\Codeigniter_Crud\crud_v2\vendor\codeigniter4\framework\system\CLI\Console.php(48): CodeIgniter\CLI\Commands->run('migrate', Array)
#10 C:\xampp\htdocs\Codeigniter_Crud\crud_v2\vendor\codeigniter4\framework\system\Boot.php(338): CodeIgniter\CLI\Console->run()
#11 C:\xampp\htdocs\Codeigniter_Crud\crud_v2\vendor\codeigniter4\framework\system\Boot.php(104): CodeIgniter\Boot::runCommand(Object(CodeIgniter\CLI\Console))
#12 C:\xampp\htdocs\Codeigniter_Crud\crud_v2\spark(84): CodeIgniter\Boot::bootSpark(Object(Config\Paths))
#13 {main}
ERROR - 2024-05-13 03:45:03 --> mysqli_sql_exception: Can't create table `crud_v2`.`profiles` (errno: 150 "Foreign key constraint is incorrectly formed") in C:\xampp\htdocs\Codeigniter_Crud\crud_v2\vendor\codeigniter4\framework\system\Database\MySQLi\Connection.php:308
Stack trace:
#0 C:\xampp\htdocs\Codeigniter_Crud\crud_v2\vendor\codeigniter4\framework\system\Database\MySQLi\Connection.php(308): mysqli->query('CREATE TABLE `p...', 0)
#1 C:\xampp\htdocs\Codeigniter_Crud\crud_v2\vendor\codeigniter4\framework\system\Database\BaseConnection.php(722): CodeIgniter\Database\MySQLi\Connection->execute('CREATE TABLE `p...')
#2 C:\xampp\htdocs\Codeigniter_Crud\crud_v2\vendor\codeigniter4\framework\system\Database\BaseConnection.php(636): CodeIgniter\Database\BaseConnection->simpleQuery('CREATE TABLE `p...')
#3 C:\xampp\htdocs\Codeigniter_Crud\crud_v2\vendor\codeigniter4\framework\system\Database\Forge.php(570): CodeIgniter\Database\BaseConnection->query('CREATE TABLE `p...')
#4 C:\xampp\htdocs\Codeigniter_Crud\crud_v2\app\Database\Migrations\2024-05-05-231648_AddProfiles.php(49): CodeIgniter\Database\Forge->createTable('profiles')
#5 C:\xampp\htdocs\Codeigniter_Crud\crud_v2\vendor\codeigniter4\framework\system\Database\MigrationRunner.php(867): App\Database\Migrations\AddProfiles->up()
#6 C:\xampp\htdocs\Codeigniter_Crud\crud_v2\vendor\codeigniter4\framework\system\Database\MigrationRunner.php(183): CodeIgniter\Database\MigrationRunner->migrate('up', Object(stdClass))
#7 C:\xampp\htdocs\Codeigniter_Crud\crud_v2\vendor\codeigniter4\framework\system\Commands\Database\Migrate.php(85): CodeIgniter\Database\MigrationRunner->latest(NULL)
#8 C:\xampp\htdocs\Codeigniter_Crud\crud_v2\vendor\codeigniter4\framework\system\CLI\Commands.php(70): CodeIgniter\Commands\Database\Migrate->run(Array)
#9 C:\xampp\htdocs\Codeigniter_Crud\crud_v2\vendor\codeigniter4\framework\system\CLI\Console.php(48): CodeIgniter\CLI\Commands->run('migrate', Array)
#10 C:\xampp\htdocs\Codeigniter_Crud\crud_v2\vendor\codeigniter4\framework\system\Boot.php(338): CodeIgniter\CLI\Console->run()
#11 C:\xampp\htdocs\Codeigniter_Crud\crud_v2\vendor\codeigniter4\framework\system\Boot.php(104): CodeIgniter\Boot::runCommand(Object(CodeIgniter\CLI\Console))
#12 C:\xampp\htdocs\Codeigniter_Crud\crud_v2\spark(84): CodeIgniter\Boot::bootSpark(Object(Config\Paths))
#13 {main}
ERROR - 2024-05-13 03:46:30 --> mysqli_sql_exception: Can't create table `crud_v2`.`profiles` (errno: 150 "Foreign key constraint is incorrectly formed") in C:\xampp\htdocs\Codeigniter_Crud\crud_v2\vendor\codeigniter4\framework\system\Database\MySQLi\Connection.php:308
Stack trace:
#0 C:\xampp\htdocs\Codeigniter_Crud\crud_v2\vendor\codeigniter4\framework\system\Database\MySQLi\Connection.php(308): mysqli->query('CREATE TABLE `p...', 0)
#1 C:\xampp\htdocs\Codeigniter_Crud\crud_v2\vendor\codeigniter4\framework\system\Database\BaseConnection.php(722): CodeIgniter\Database\MySQLi\Connection->execute('CREATE TABLE `p...')
#2 C:\xampp\htdocs\Codeigniter_Crud\crud_v2\vendor\codeigniter4\framework\system\Database\BaseConnection.php(636): CodeIgniter\Database\BaseConnection->simpleQuery('CREATE TABLE `p...')
#3 C:\xampp\htdocs\Codeigniter_Crud\crud_v2\vendor\codeigniter4\framework\system\Database\Forge.php(570): CodeIgniter\Database\BaseConnection->query('CREATE TABLE `p...')
#4 C:\xampp\htdocs\Codeigniter_Crud\crud_v2\app\Database\Migrations\2024-05-05-231648_AddProfiles.php(49): CodeIgniter\Database\Forge->createTable('profiles')
#5 C:\xampp\htdocs\Codeigniter_Crud\crud_v2\vendor\codeigniter4\framework\system\Database\MigrationRunner.php(867): App\Database\Migrations\AddProfiles->up()
#6 C:\xampp\htdocs\Codeigniter_Crud\crud_v2\vendor\codeigniter4\framework\system\Database\MigrationRunner.php(183): CodeIgniter\Database\MigrationRunner->migrate('up', Object(stdClass))
#7 C:\xampp\htdocs\Codeigniter_Crud\crud_v2\vendor\codeigniter4\framework\system\Commands\Database\Migrate.php(85): CodeIgniter\Database\MigrationRunner->latest(NULL)
#8 C:\xampp\htdocs\Codeigniter_Crud\crud_v2\vendor\codeigniter4\framework\system\CLI\Commands.php(70): CodeIgniter\Commands\Database\Migrate->run(Array)
#9 C:\xampp\htdocs\Codeigniter_Crud\crud_v2\vendor\codeigniter4\framework\system\CLI\Console.php(48): CodeIgniter\CLI\Commands->run('migrate', Array)
#10 C:\xampp\htdocs\Codeigniter_Crud\crud_v2\vendor\codeigniter4\framework\system\Boot.php(338): CodeIgniter\CLI\Console->run()
#11 C:\xampp\htdocs\Codeigniter_Crud\crud_v2\vendor\codeigniter4\framework\system\Boot.php(104): CodeIgniter\Boot::runCommand(Object(CodeIgniter\CLI\Console))
#12 C:\xampp\htdocs\Codeigniter_Crud\crud_v2\spark(84): CodeIgniter\Boot::bootSpark(Object(Config\Paths))
#13 {main}
ERROR - 2024-05-13 03:47:57 --> mysqli_sql_exception: Can't create table `crud_v2`.`profiles` (errno: 150 "Foreign key constraint is incorrectly formed") in C:\xampp\htdocs\Codeigniter_Crud\crud_v2\vendor\codeigniter4\framework\system\Database\MySQLi\Connection.php:308
Stack trace:
#0 C:\xampp\htdocs\Codeigniter_Crud\crud_v2\vendor\codeigniter4\framework\system\Database\MySQLi\Connection.php(308): mysqli->query('CREATE TABLE `p...', 0)
#1 C:\xampp\htdocs\Codeigniter_Crud\crud_v2\vendor\codeigniter4\framework\system\Database\BaseConnection.php(722): CodeIgniter\Database\MySQLi\Connection->execute('CREATE TABLE `p...')
#2 C:\xampp\htdocs\Codeigniter_Crud\crud_v2\vendor\codeigniter4\framework\system\Database\BaseConnection.php(636): CodeIgniter\Database\BaseConnection->simpleQuery('CREATE TABLE `p...')
#3 C:\xampp\htdocs\Codeigniter_Crud\crud_v2\vendor\codeigniter4\framework\system\Database\Forge.php(570): CodeIgniter\Database\BaseConnection->query('CREATE TABLE `p...')
#4 C:\xampp\htdocs\Codeigniter_Crud\crud_v2\app\Database\Migrations\2024-05-05-231648_AddProfiles.php(49): CodeIgniter\Database\Forge->createTable('profiles')
#5 C:\xampp\htdocs\Codeigniter_Crud\crud_v2\vendor\codeigniter4\framework\system\Database\MigrationRunner.php(867): App\Database\Migrations\AddProfiles->up()
#6 C:\xampp\htdocs\Codeigniter_Crud\crud_v2\vendor\codeigniter4\framework\system\Database\MigrationRunner.php(183): CodeIgniter\Database\MigrationRunner->migrate('up', Object(stdClass))
#7 C:\xampp\htdocs\Codeigniter_Crud\crud_v2\vendor\codeigniter4\framework\system\Commands\Database\Migrate.php(85): CodeIgniter\Database\MigrationRunner->latest(NULL)
#8 C:\xampp\htdocs\Codeigniter_Crud\crud_v2\vendor\codeigniter4\framework\system\CLI\Commands.php(70): CodeIgniter\Commands\Database\Migrate->run(Array)
#9 C:\xampp\htdocs\Codeigniter_Crud\crud_v2\vendor\codeigniter4\framework\system\CLI\Console.php(48): CodeIgniter\CLI\Commands->run('migrate', Array)
#10 C:\xampp\htdocs\Codeigniter_Crud\crud_v2\vendor\codeigniter4\framework\system\Boot.php(338): CodeIgniter\CLI\Console->run()
#11 C:\xampp\htdocs\Codeigniter_Crud\crud_v2\vendor\codeigniter4\framework\system\Boot.php(104): CodeIgniter\Boot::runCommand(Object(CodeIgniter\CLI\Console))
#12 C:\xampp\htdocs\Codeigniter_Crud\crud_v2\spark(84): CodeIgniter\Boot::bootSpark(Object(Config\Paths))
#13 {main}
ERROR - 2024-05-13 03:50:31 --> mysqli_sql_exception: Can't create table `crud_v2`.`profiles` (errno: 150 "Foreign key constraint is incorrectly formed") in C:\xampp\htdocs\Codeigniter_Crud\crud_v2\vendor\codeigniter4\framework\system\Database\MySQLi\Connection.php:308
Stack trace:
#0 C:\xampp\htdocs\Codeigniter_Crud\crud_v2\vendor\codeigniter4\framework\system\Database\MySQLi\Connection.php(308): mysqli->query('CREATE TABLE `p...', 0)
#1 C:\xampp\htdocs\Codeigniter_Crud\crud_v2\vendor\codeigniter4\framework\system\Database\BaseConnection.php(722): CodeIgniter\Database\MySQLi\Connection->execute('CREATE TABLE `p...')
#2 C:\xampp\htdocs\Codeigniter_Crud\crud_v2\vendor\codeigniter4\framework\system\Database\BaseConnection.php(636): CodeIgniter\Database\BaseConnection->simpleQuery('CREATE TABLE `p...')
#3 C:\xampp\htdocs\Codeigniter_Crud\crud_v2\vendor\codeigniter4\framework\system\Database\Forge.php(570): CodeIgniter\Database\BaseConnection->query('CREATE TABLE `p...')
#4 C:\xampp\htdocs\Codeigniter_Crud\crud_v2\app\Database\Migrations\2024-05-05-231648_AddProfiles.php(49): CodeIgniter\Database\Forge->createTable('profiles')
#5 C:\xampp\htdocs\Codeigniter_Crud\crud_v2\vendor\codeigniter4\framework\system\Database\MigrationRunner.php(867): App\Database\Migrations\AddProfiles->up()
#6 C:\xampp\htdocs\Codeigniter_Crud\crud_v2\vendor\codeigniter4\framework\system\Database\MigrationRunner.php(183): CodeIgniter\Database\MigrationRunner->migrate('up', Object(stdClass))
#7 C:\xampp\htdocs\Codeigniter_Crud\crud_v2\vendor\codeigniter4\framework\system\Commands\Database\Migrate.php(85): CodeIgniter\Database\MigrationRunner->latest(NULL)
#8 C:\xampp\htdocs\Codeigniter_Crud\crud_v2\vendor\codeigniter4\framework\system\CLI\Commands.php(70): CodeIgniter\Commands\Database\Migrate->run(Array)
#9 C:\xampp\htdocs\Codeigniter_Crud\crud_v2\vendor\codeigniter4\framework\system\CLI\Console.php(48): CodeIgniter\CLI\Commands->run('migrate', Array)
#10 C:\xampp\htdocs\Codeigniter_Crud\crud_v2\vendor\codeigniter4\framework\system\Boot.php(338): CodeIgniter\CLI\Console->run()
#11 C:\xampp\htdocs\Codeigniter_Crud\crud_v2\vendor\codeigniter4\framework\system\Boot.php(104): CodeIgniter\Boot::runCommand(Object(CodeIgniter\CLI\Console))
#12 C:\xampp\htdocs\Codeigniter_Crud\crud_v2\spark(84): CodeIgniter\Boot::bootSpark(Object(Config\Paths))
#13 {main}
ERROR - 2024-05-13 03:51:47 --> mysqli_sql_exception: Can't create table `crud_v2`.`profiles` (errno: 150 "Foreign key constraint is incorrectly formed") in C:\xampp\htdocs\Codeigniter_Crud\crud_v2\vendor\codeigniter4\framework\system\Database\MySQLi\Connection.php:308
Stack trace:
#0 C:\xampp\htdocs\Codeigniter_Crud\crud_v2\vendor\codeigniter4\framework\system\Database\MySQLi\Connection.php(308): mysqli->query('CREATE TABLE `p...', 0)
#1 C:\xampp\htdocs\Codeigniter_Crud\crud_v2\vendor\codeigniter4\framework\system\Database\BaseConnection.php(722): CodeIgniter\Database\MySQLi\Connection->execute('CREATE TABLE `p...')
#2 C:\xampp\htdocs\Codeigniter_Crud\crud_v2\vendor\codeigniter4\framework\system\Database\BaseConnection.php(636): CodeIgniter\Database\BaseConnection->simpleQuery('CREATE TABLE `p...')
#3 C:\xampp\htdocs\Codeigniter_Crud\crud_v2\vendor\codeigniter4\framework\system\Database\Forge.php(570): CodeIgniter\Database\BaseConnection->query('CREATE TABLE `p...')
#4 C:\xampp\htdocs\Codeigniter_Crud\crud_v2\app\Database\Migrations\2024-05-05-231648_AddProfiles.php(49): CodeIgniter\Database\Forge->createTable('profiles')
#5 C:\xampp\htdocs\Codeigniter_Crud\crud_v2\vendor\codeigniter4\framework\system\Database\MigrationRunner.php(867): App\Database\Migrations\AddProfiles->up()
#6 C:\xampp\htdocs\Codeigniter_Crud\crud_v2\vendor\codeigniter4\framework\system\Database\MigrationRunner.php(183): CodeIgniter\Database\MigrationRunner->migrate('up', Object(stdClass))
#7 C:\xampp\htdocs\Codeigniter_Crud\crud_v2\vendor\codeigniter4\framework\system\Commands\Database\Migrate.php(85): CodeIgniter\Database\MigrationRunner->latest(NULL)
#8 C:\xampp\htdocs\Codeigniter_Crud\crud_v2\vendor\codeigniter4\framework\system\CLI\Commands.php(70): CodeIgniter\Commands\Database\Migrate->run(Array)
#9 C:\xampp\htdocs\Codeigniter_Crud\crud_v2\vendor\codeigniter4\framework\system\CLI\Console.php(48): CodeIgniter\CLI\Commands->run('migrate', Array)
#10 C:\xampp\htdocs\Codeigniter_Crud\crud_v2\vendor\codeigniter4\framework\system\Boot.php(338): CodeIgniter\CLI\Console->run()
#11 C:\xampp\htdocs\Codeigniter_Crud\crud_v2\vendor\codeigniter4\framework\system\Boot.php(104): CodeIgniter\Boot::runCommand(Object(CodeIgniter\CLI\Console))
#12 C:\xampp\htdocs\Codeigniter_Crud\crud_v2\spark(84): CodeIgniter\Boot::bootSpark(Object(Config\Paths))
#13 {main}
ERROR - 2024-05-13 14:37:25 --> Error connecting to the database: mysqli_sql_exception: No se puede establecer una conexión ya que el equipo de destino denegó expresamente dicha conexión in C:\xampp\htdocs\Codeigniter_Crud\crud_v2\vendor\codeigniter4\framework\system\Database\MySQLi\Connection.php:186
Stack trace:
#0 C:\xampp\htdocs\Codeigniter_Crud\crud_v2\vendor\codeigniter4\framework\system\Database\MySQLi\Connection.php(186): mysqli->real_connect('localhost', 'root', Object(SensitiveParameterValue), 'crud_v2', 3306, '', 0)
#1 C:\xampp\htdocs\Codeigniter_Crud\crud_v2\vendor\codeigniter4\framework\system\Database\BaseConnection.php(421): CodeIgniter\Database\MySQLi\Connection->connect(false)
#2 C:\xampp\htdocs\Codeigniter_Crud\crud_v2\vendor\codeigniter4\framework\system\Database\BaseConnection.php(604): CodeIgniter\Database\BaseConnection->initialize()
#3 C:\xampp\htdocs\Codeigniter_Crud\crud_v2\vendor\codeigniter4\framework\system\Database\BaseConnection.php(1471): CodeIgniter\Database\BaseConnection->query('SHOW TABLES FRO...')
#4 C:\xampp\htdocs\Codeigniter_Crud\crud_v2\vendor\codeigniter4\framework\system\Database\BaseConnection.php(1490): CodeIgniter\Database\BaseConnection->listTables()
#5 C:\xampp\htdocs\Codeigniter_Crud\crud_v2\vendor\codeigniter4\framework\system\Database\MigrationRunner.php(759): CodeIgniter\Database\BaseConnection->tableExists('migrations')
#6 C:\xampp\htdocs\Codeigniter_Crud\crud_v2\vendor\codeigniter4\framework\system\Database\MigrationRunner.php(163): CodeIgniter\Database\MigrationRunner->ensureTable()
#7 C:\xampp\htdocs\Codeigniter_Crud\crud_v2\vendor\codeigniter4\framework\system\Commands\Database\Migrate.php(85): CodeIgniter\Database\MigrationRunner->latest(NULL)
#8 C:\xampp\htdocs\Codeigniter_Crud\crud_v2\vendor\codeigniter4\framework\system\CLI\Commands.php(70): CodeIgniter\Commands\Database\Migrate->run(Array)
#9 C:\xampp\htdocs\Codeigniter_Crud\crud_v2\vendor\codeigniter4\framework\system\CLI\Console.php(48): CodeIgniter\CLI\Commands->run('migrate', Array)
#10 C:\xampp\htdocs\Codeigniter_Crud\crud_v2\vendor\codeigniter4\framework\system\Boot.php(338): CodeIgniter\CLI\Console->run()
#11 C:\xampp\htdocs\Codeigniter_Crud\crud_v2\vendor\codeigniter4\framework\system\Boot.php(104): CodeIgniter\Boot::runCommand(Object(CodeIgniter\CLI\Console))
#12 C:\xampp\htdocs\Codeigniter_Crud\crud_v2\spark(84): CodeIgniter\Boot::bootSpark(Object(Config\Paths))
#13 {main}

Next CodeIgniter\Database\Exceptions\DatabaseException: No se puede establecer una conexión ya que el equipo de destino denegó expresamente dicha conexión in C:\xampp\htdocs\Codeigniter_Crud\crud_v2\vendor\codeigniter4\framework\system\Database\MySQLi\Connection.php:231
Stack trace:
#0 C:\xampp\htdocs\Codeigniter_Crud\crud_v2\vendor\codeigniter4\framework\system\Database\BaseConnection.php(421): CodeIgniter\Database\MySQLi\Connection->connect(false)
#1 C:\xampp\htdocs\Codeigniter_Crud\crud_v2\vendor\codeigniter4\framework\system\Database\BaseConnection.php(604): CodeIgniter\Database\BaseConnection->initialize()
#2 C:\xampp\htdocs\Codeigniter_Crud\crud_v2\vendor\codeigniter4\framework\system\Database\BaseConnection.php(1471): CodeIgniter\Database\BaseConnection->query('SHOW TABLES FRO...')
#3 C:\xampp\htdocs\Codeigniter_Crud\crud_v2\vendor\codeigniter4\framework\system\Database\BaseConnection.php(1490): CodeIgniter\Database\BaseConnection->listTables()
#4 C:\xampp\htdocs\Codeigniter_Crud\crud_v2\vendor\codeigniter4\framework\system\Database\MigrationRunner.php(759): CodeIgniter\Database\BaseConnection->tableExists('migrations')
#5 C:\xampp\htdocs\Codeigniter_Crud\crud_v2\vendor\codeigniter4\framework\system\Database\MigrationRunner.php(163): CodeIgniter\Database\MigrationRunner->ensureTable()
#6 C:\xampp\htdocs\Codeigniter_Crud\crud_v2\vendor\codeigniter4\framework\system\Commands\Database\Migrate.php(85): CodeIgniter\Database\MigrationRunner->latest(NULL)
#7 C:\xampp\htdocs\Codeigniter_Crud\crud_v2\vendor\codeigniter4\framework\system\CLI\Commands.php(70): CodeIgniter\Commands\Database\Migrate->run(Array)
#8 C:\xampp\htdocs\Codeigniter_Crud\crud_v2\vendor\codeigniter4\framework\system\CLI\Console.php(48): CodeIgniter\CLI\Commands->run('migrate', Array)
#9 C:\xampp\htdocs\Codeigniter_Crud\crud_v2\vendor\codeigniter4\framework\system\Boot.php(338): CodeIgniter\CLI\Console->run()
#10 C:\xampp\htdocs\Codeigniter_Crud\crud_v2\vendor\codeigniter4\framework\system\Boot.php(104): CodeIgniter\Boot::runCommand(Object(CodeIgniter\CLI\Console))
#11 C:\xampp\htdocs\Codeigniter_Crud\crud_v2\spark(84): CodeIgniter\Boot::bootSpark(Object(Config\Paths))
#12 {main}
ERROR - 2024-05-13 14:37:52 --> mysqli_sql_exception: Can't create table `crud_v2`.`profiles` (errno: 150 "Foreign key constraint is incorrectly formed") in C:\xampp\htdocs\Codeigniter_Crud\crud_v2\vendor\codeigniter4\framework\system\Database\MySQLi\Connection.php:308
Stack trace:
#0 C:\xampp\htdocs\Codeigniter_Crud\crud_v2\vendor\codeigniter4\framework\system\Database\MySQLi\Connection.php(308): mysqli->query('CREATE TABLE `p...', 0)
#1 C:\xampp\htdocs\Codeigniter_Crud\crud_v2\vendor\codeigniter4\framework\system\Database\BaseConnection.php(722): CodeIgniter\Database\MySQLi\Connection->execute('CREATE TABLE `p...')
#2 C:\xampp\htdocs\Codeigniter_Crud\crud_v2\vendor\codeigniter4\framework\system\Database\BaseConnection.php(636): CodeIgniter\Database\BaseConnection->simpleQuery('CREATE TABLE `p...')
#3 C:\xampp\htdocs\Codeigniter_Crud\crud_v2\vendor\codeigniter4\framework\system\Database\Forge.php(570): CodeIgniter\Database\BaseConnection->query('CREATE TABLE `p...')
#4 C:\xampp\htdocs\Codeigniter_Crud\crud_v2\app\Database\Migrations\2024-05-05-231648_AddProfiles.php(49): CodeIgniter\Database\Forge->createTable('profiles')
#5 C:\xampp\htdocs\Codeigniter_Crud\crud_v2\vendor\codeigniter4\framework\system\Database\MigrationRunner.php(867): App\Database\Migrations\AddProfiles->up()
#6 C:\xampp\htdocs\Codeigniter_Crud\crud_v2\vendor\codeigniter4\framework\system\Database\MigrationRunner.php(183): CodeIgniter\Database\MigrationRunner->migrate('up', Object(stdClass))
#7 C:\xampp\htdocs\Codeigniter_Crud\crud_v2\vendor\codeigniter4\framework\system\Commands\Database\Migrate.php(85): CodeIgniter\Database\MigrationRunner->latest(NULL)
#8 C:\xampp\htdocs\Codeigniter_Crud\crud_v2\vendor\codeigniter4\framework\system\CLI\Commands.php(70): CodeIgniter\Commands\Database\Migrate->run(Array)
#9 C:\xampp\htdocs\Codeigniter_Crud\crud_v2\vendor\codeigniter4\framework\system\CLI\Console.php(48): CodeIgniter\CLI\Commands->run('migrate', Array)
#10 C:\xampp\htdocs\Codeigniter_Crud\crud_v2\vendor\codeigniter4\framework\system\Boot.php(338): CodeIgniter\CLI\Console->run()
#11 C:\xampp\htdocs\Codeigniter_Crud\crud_v2\vendor\codeigniter4\framework\system\Boot.php(104): CodeIgniter\Boot::runCommand(Object(CodeIgniter\CLI\Console))
#12 C:\xampp\htdocs\Codeigniter_Crud\crud_v2\spark(84): CodeIgniter\Boot::bootSpark(Object(Config\Paths))
#13 {main}
ERROR - 2024-05-13 14:39:14 --> mysqli_sql_exception: Can't create table `crud_v2`.`profiles` (errno: 150 "Foreign key constraint is incorrectly formed") in C:\xampp\htdocs\Codeigniter_Crud\crud_v2\vendor\codeigniter4\framework\system\Database\MySQLi\Connection.php:308
Stack trace:
#0 C:\xampp\htdocs\Codeigniter_Crud\crud_v2\vendor\codeigniter4\framework\system\Database\MySQLi\Connection.php(308): mysqli->query('CREATE TABLE `p...', 0)
#1 C:\xampp\htdocs\Codeigniter_Crud\crud_v2\vendor\codeigniter4\framework\system\Database\BaseConnection.php(722): CodeIgniter\Database\MySQLi\Connection->execute('CREATE TABLE `p...')
#2 C:\xampp\htdocs\Codeigniter_Crud\crud_v2\vendor\codeigniter4\framework\system\Database\BaseConnection.php(636): CodeIgniter\Database\BaseConnection->simpleQuery('CREATE TABLE `p...')
#3 C:\xampp\htdocs\Codeigniter_Crud\crud_v2\vendor\codeigniter4\framework\system\Database\Forge.php(570): CodeIgniter\Database\BaseConnection->query('CREATE TABLE `p...')
#4 C:\xampp\htdocs\Codeigniter_Crud\crud_v2\app\Database\Migrations\2024-05-05-231648_AddProfiles.php(49): CodeIgniter\Database\Forge->createTable('profiles')
#5 C:\xampp\htdocs\Codeigniter_Crud\crud_v2\vendor\codeigniter4\framework\system\Database\MigrationRunner.php(867): App\Database\Migrations\AddProfiles->up()
#6 C:\xampp\htdocs\Codeigniter_Crud\crud_v2\vendor\codeigniter4\framework\system\Database\MigrationRunner.php(183): CodeIgniter\Database\MigrationRunner->migrate('up', Object(stdClass))
#7 C:\xampp\htdocs\Codeigniter_Crud\crud_v2\vendor\codeigniter4\framework\system\Commands\Database\Migrate.php(85): CodeIgniter\Database\MigrationRunner->latest(NULL)
#8 C:\xampp\htdocs\Codeigniter_Crud\crud_v2\vendor\codeigniter4\framework\system\CLI\Commands.php(70): CodeIgniter\Commands\Database\Migrate->run(Array)
#9 C:\xampp\htdocs\Codeigniter_Crud\crud_v2\vendor\codeigniter4\framework\system\CLI\BaseCommand.php(119): CodeIgniter\CLI\Commands->run('migrate', Array)
#10 C:\xampp\htdocs\Codeigniter_Crud\crud_v2\vendor\codeigniter4\framework\system\Commands\Database\MigrateRefresh.php(87): CodeIgniter\CLI\BaseCommand->call('migrate', Array)
#11 C:\xampp\htdocs\Codeigniter_Crud\crud_v2\vendor\codeigniter4\framework\system\CLI\Commands.php(70): CodeIgniter\Commands\Database\MigrateRefresh->run(Array)
#12 C:\xampp\htdocs\Codeigniter_Crud\crud_v2\vendor\codeigniter4\framework\system\CLI\Console.php(48): CodeIgniter\CLI\Commands->run('migrate:refresh', Array)
#13 C:\xampp\htdocs\Codeigniter_Crud\crud_v2\vendor\codeigniter4\framework\system\Boot.php(338): CodeIgniter\CLI\Console->run()
#14 C:\xampp\htdocs\Codeigniter_Crud\crud_v2\vendor\codeigniter4\framework\system\Boot.php(104): CodeIgniter\Boot::runCommand(Object(CodeIgniter\CLI\Console))
#15 C:\xampp\htdocs\Codeigniter_Crud\crud_v2\spark(84): CodeIgniter\Boot::bootSpark(Object(Config\Paths))
#16 {main}
ERROR - 2024-05-13 14:55:16 --> mysqli_sql_exception: You have an error in your SQL syntax; check the manual that corresponds to your MariaDB server version for the right syntax to use near '(255) NOT NULL,
	`Roles_fk` INT(11) UNSIGNED NULL,
	`User_status_fk` INT(11) ...' at line 4 in C:\xampp\htdocs\Codeigniter_Crud\crud_v2\vendor\codeigniter4\framework\system\Database\MySQLi\Connection.php:308
Stack trace:
#0 C:\xampp\htdocs\Codeigniter_Crud\crud_v2\vendor\codeigniter4\framework\system\Database\MySQLi\Connection.php(308): mysqli->query('CREATE TABLE `u...', 0)
#1 C:\xampp\htdocs\Codeigniter_Crud\crud_v2\vendor\codeigniter4\framework\system\Database\BaseConnection.php(722): CodeIgniter\Database\MySQLi\Connection->execute('CREATE TABLE `u...')
#2 C:\xampp\htdocs\Codeigniter_Crud\crud_v2\vendor\codeigniter4\framework\system\Database\BaseConnection.php(636): CodeIgniter\Database\BaseConnection->simpleQuery('CREATE TABLE `u...')
#3 C:\xampp\htdocs\Codeigniter_Crud\crud_v2\vendor\codeigniter4\framework\system\Database\Forge.php(570): CodeIgniter\Database\BaseConnection->query('CREATE TABLE `u...')
#4 C:\xampp\htdocs\Codeigniter_Crud\crud_v2\app\Database\Migrations\2024-05-13-020529_AddUsers.php(51): CodeIgniter\Database\Forge->createTable('users')
#5 C:\xampp\htdocs\Codeigniter_Crud\crud_v2\vendor\codeigniter4\framework\system\Database\MigrationRunner.php(867): App\Database\Migrations\AddUsers->up()
#6 C:\xampp\htdocs\Codeigniter_Crud\crud_v2\vendor\codeigniter4\framework\system\Database\MigrationRunner.php(183): CodeIgniter\Database\MigrationRunner->migrate('up', Object(stdClass))
#7 C:\xampp\htdocs\Codeigniter_Crud\crud_v2\vendor\codeigniter4\framework\system\Commands\Database\Migrate.php(85): CodeIgniter\Database\MigrationRunner->latest(NULL)
#8 C:\xampp\htdocs\Codeigniter_Crud\crud_v2\vendor\codeigniter4\framework\system\CLI\Commands.php(70): CodeIgniter\Commands\Database\Migrate->run(Array)
#9 C:\xampp\htdocs\Codeigniter_Crud\crud_v2\vendor\codeigniter4\framework\system\CLI\Console.php(48): CodeIgniter\CLI\Commands->run('migrate', Array)
#10 C:\xampp\htdocs\Codeigniter_Crud\crud_v2\vendor\codeigniter4\framework\system\Boot.php(338): CodeIgniter\CLI\Console->run()
#11 C:\xampp\htdocs\Codeigniter_Crud\crud_v2\vendor\codeigniter4\framework\system\Boot.php(104): CodeIgniter\Boot::runCommand(Object(CodeIgniter\CLI\Console))
#12 C:\xampp\htdocs\Codeigniter_Crud\crud_v2\spark(84): CodeIgniter\Boot::bootSpark(Object(Config\Paths))
#13 {main}
CRITICAL - 2024-05-13 21:21:19 --> CodeIgniter\HTTP\Exceptions\BadRequestException: The URI you submitted has disallowed characters: "$routes"
[Method: GET, Route: $routes/show]
in SYSTEMPATH\Router\Router.php on line 736.
 1 SYSTEMPATH\Router\Router.php(203): CodeIgniter\Router\Router->checkDisallowedChars('$routes/show')
 2 SYSTEMPATH\CodeIgniter.php(834): CodeIgniter\Router\Router->handle('$routes/show')
 3 SYSTEMPATH\CodeIgniter.php(457): CodeIgniter\CodeIgniter->tryToRouteIt(Object(CodeIgniter\Router\RouteCollection))
 4 SYSTEMPATH\CodeIgniter.php(355): CodeIgniter\CodeIgniter->handleRequest(null, Object(Config\Cache), false)
 5 SYSTEMPATH\Boot.php(312): CodeIgniter\CodeIgniter->run()
 6 SYSTEMPATH\Boot.php(67): CodeIgniter\Boot::runCodeIgniter(Object(CodeIgniter\CodeIgniter))
 7 FCPATH\index.php(56): CodeIgniter\Boot::bootWeb(Object(Config\Paths))
 8 SYSTEMPATH\Commands\Server\rewrite.php(49): require_once('C:\\xampp\\htdocs\\Codeigniter_Crud\\crud_v2\\public\\index.php')
CRITICAL - 2024-05-13 23:43:25 --> Error: Class "App\Controllers\Controller" not found
[Method: GET, Route: userStatus]
in APPPATH\Controllers\UserStatus.php on line 13.
 1 VENDORPATH\composer\ClassLoader.php(576): include()
 2 VENDORPATH\composer\ClassLoader.php(427): Composer\Autoload\{closure}('C:\\xampp\\htdocs\\Codeigniter_Crud\\crud_v2\\vendor\\composer/../../app\\Controllers\\UserStatus.php')
 3 [internal function]: Composer\Autoload\ClassLoader->loadClass('App\\Controllers\\UserStatus')
 4 SYSTEMPATH\CodeIgniter.php(887): class_exists('\\App\\Controllers\\UserStatus', true)
 5 SYSTEMPATH\CodeIgniter.php(496): CodeIgniter\CodeIgniter->startController()
 6 SYSTEMPATH\CodeIgniter.php(355): CodeIgniter\CodeIgniter->handleRequest(null, Object(Config\Cache), false)
 7 SYSTEMPATH\Boot.php(312): CodeIgniter\CodeIgniter->run()
 8 SYSTEMPATH\Boot.php(67): CodeIgniter\Boot::runCodeIgniter(Object(CodeIgniter\CodeIgniter))
 9 FCPATH\index.php(56): CodeIgniter\Boot::bootWeb(Object(Config\Paths))
10 SYSTEMPATH\Commands\Server\rewrite.php(49): require_once('C:\\xampp\\htdocs\\Codeigniter_Crud\\crud_v2\\public\\index.php')
CRITICAL - 2024-05-13 23:47:15 --> Error: Class "CodeIgntier\Controller" not found
[Method: GET, Route: userStatus]
in APPPATH\Controllers\UserStatus.php on line 13.
 1 VENDORPATH\composer\ClassLoader.php(576): include()
 2 VENDORPATH\composer\ClassLoader.php(427): Composer\Autoload\{closure}('C:\\xampp\\htdocs\\Codeigniter_Crud\\crud_v2\\vendor\\composer/../../app\\Controllers\\UserStatus.php')
 3 [internal function]: Composer\Autoload\ClassLoader->loadClass('App\\Controllers\\UserStatus')
 4 SYSTEMPATH\CodeIgniter.php(887): class_exists('\\App\\Controllers\\UserStatus', true)
 5 SYSTEMPATH\CodeIgniter.php(496): CodeIgniter\CodeIgniter->startController()
 6 SYSTEMPATH\CodeIgniter.php(355): CodeIgniter\CodeIgniter->handleRequest(null, Object(Config\Cache), false)
 7 SYSTEMPATH\Boot.php(312): CodeIgniter\CodeIgniter->run()
 8 SYSTEMPATH\Boot.php(67): CodeIgniter\Boot::runCodeIgniter(Object(CodeIgniter\CodeIgniter))
 9 FCPATH\index.php(56): CodeIgniter\Boot::bootWeb(Object(Config\Paths))
10 SYSTEMPATH\Commands\Server\rewrite.php(49): require_once('C:\\xampp\\htdocs\\Codeigniter_Crud\\crud_v2\\public\\index.php')
CRITICAL - 2024-05-13 23:57:53 --> Error: Class "CodeIgntier\Controller" not found
[Method: GET, Route: userStatus]
in APPPATH\Controllers\UserStatus.php on line 13.
 1 VENDORPATH\composer\ClassLoader.php(576): include()
 2 VENDORPATH\composer\ClassLoader.php(427): Composer\Autoload\{closure}('C:\\xampp\\htdocs\\Codeigniter_Crud\\crud_v2\\vendor\\composer/../../app\\Controllers\\UserStatus.php')
 3 [internal function]: Composer\Autoload\ClassLoader->loadClass('App\\Controllers\\UserStatus')
 4 SYSTEMPATH\CodeIgniter.php(887): class_exists('\\App\\Controllers\\UserStatus', true)
 5 SYSTEMPATH\CodeIgniter.php(496): CodeIgniter\CodeIgniter->startController()
 6 SYSTEMPATH\CodeIgniter.php(355): CodeIgniter\CodeIgniter->handleRequest(null, Object(Config\Cache), false)
 7 SYSTEMPATH\Boot.php(312): CodeIgniter\CodeIgniter->run()
 8 SYSTEMPATH\Boot.php(67): CodeIgniter\Boot::runCodeIgniter(Object(CodeIgniter\CodeIgniter))
 9 FCPATH\index.php(56): CodeIgniter\Boot::bootWeb(Object(Config\Paths))
10 SYSTEMPATH\Commands\Server\rewrite.php(49): require_once('C:\\xampp\\htdocs\\Codeigniter_Crud\\crud_v2\\public\\index.php')
CRITICAL - 2024-05-13 23:57:54 --> Error: Class "CodeIgntier\Controller" not found
[Method: GET, Route: userStatus]
in APPPATH\Controllers\UserStatus.php on line 13.
 1 VENDORPATH\composer\ClassLoader.php(576): include()
 2 VENDORPATH\composer\ClassLoader.php(427): Composer\Autoload\{closure}('C:\\xampp\\htdocs\\Codeigniter_Crud\\crud_v2\\vendor\\composer/../../app\\Controllers\\UserStatus.php')
 3 [internal function]: Composer\Autoload\ClassLoader->loadClass('App\\Controllers\\UserStatus')
 4 SYSTEMPATH\CodeIgniter.php(887): class_exists('\\App\\Controllers\\UserStatus', true)
 5 SYSTEMPATH\CodeIgniter.php(496): CodeIgniter\CodeIgniter->startController()
 6 SYSTEMPATH\CodeIgniter.php(355): CodeIgniter\CodeIgniter->handleRequest(null, Object(Config\Cache), false)
 7 SYSTEMPATH\Boot.php(312): CodeIgniter\CodeIgniter->run()
 8 SYSTEMPATH\Boot.php(67): CodeIgniter\Boot::runCodeIgniter(Object(CodeIgniter\CodeIgniter))
 9 FCPATH\index.php(56): CodeIgniter\Boot::bootWeb(Object(Config\Paths))
10 SYSTEMPATH\Commands\Server\rewrite.php(49): require_once('C:\\xampp\\htdocs\\Codeigniter_Crud\\crud_v2\\public\\index.php')
