ERROR - 2024-05-21 00:16:47 --> mysqli_sql_exception: Can't create table `codeigniter_crud`.`user_elements` (errno: 150 "Foreign key constraint is incorrectly formed") in C:\xampp\htdocs\Codeigniter_Crud\crud_v2\vendor\codeigniter4\framework\system\Database\MySQLi\Connection.php:308
Stack trace:
#0 C:\xampp\htdocs\Codeigniter_Crud\crud_v2\vendor\codeigniter4\framework\system\Database\MySQLi\Connection.php(308): mysqli->query('CREATE TABLE `u...', 0)
#1 C:\xampp\htdocs\Codeigniter_Crud\crud_v2\vendor\codeigniter4\framework\system\Database\BaseConnection.php(722): CodeIgniter\Database\MySQLi\Connection->execute('CREATE TABLE `u...')
#2 C:\xampp\htdocs\Codeigniter_Crud\crud_v2\vendor\codeigniter4\framework\system\Database\BaseConnection.php(636): CodeIgniter\Database\BaseConnection->simpleQuery('CREATE TABLE `u...')
#3 C:\xampp\htdocs\Codeigniter_Crud\crud_v2\vendor\codeigniter4\framework\system\Database\Forge.php(570): CodeIgniter\Database\BaseConnection->query('CREATE TABLE `u...')
#4 C:\xampp\htdocs\Codeigniter_Crud\crud_v2\app\Database\Migrations\2024-05-20-210158_AddUserElements.php(49): CodeIgniter\Database\Forge->createTable('user_elements')
#5 C:\xampp\htdocs\Codeigniter_Crud\crud_v2\vendor\codeigniter4\framework\system\Database\MigrationRunner.php(867): App\Database\Migrations\AddUserElements->up()
#6 C:\xampp\htdocs\Codeigniter_Crud\crud_v2\vendor\codeigniter4\framework\system\Database\MigrationRunner.php(183): CodeIgniter\Database\MigrationRunner->migrate('up', Object(stdClass))
#7 C:\xampp\htdocs\Codeigniter_Crud\crud_v2\vendor\codeigniter4\framework\system\Commands\Database\Migrate.php(85): CodeIgniter\Database\MigrationRunner->latest(NULL)
#8 C:\xampp\htdocs\Codeigniter_Crud\crud_v2\vendor\codeigniter4\framework\system\CLI\Commands.php(70): CodeIgniter\Commands\Database\Migrate->run(Array)
#9 C:\xampp\htdocs\Codeigniter_Crud\crud_v2\vendor\codeigniter4\framework\system\CLI\Console.php(48): CodeIgniter\CLI\Commands->run('migrate', Array)
#10 C:\xampp\htdocs\Codeigniter_Crud\crud_v2\vendor\codeigniter4\framework\system\Boot.php(338): CodeIgniter\CLI\Console->run()
#11 C:\xampp\htdocs\Codeigniter_Crud\crud_v2\vendor\codeigniter4\framework\system\Boot.php(104): CodeIgniter\Boot::runCommand(Object(CodeIgniter\CLI\Console))
#12 C:\xampp\htdocs\Codeigniter_Crud\crud_v2\spark(84): CodeIgniter\Boot::bootSpark(Object(Config\Paths))
#13 {main}
ERROR - 2024-05-21 00:24:55 --> mysqli_sql_exception: Table 'user_status' already exists in C:\xampp\htdocs\Codeigniter_Crud\crud_v2\vendor\codeigniter4\framework\system\Database\MySQLi\Connection.php:308
Stack trace:
#0 C:\xampp\htdocs\Codeigniter_Crud\crud_v2\vendor\codeigniter4\framework\system\Database\MySQLi\Connection.php(308): mysqli->query('CREATE TABLE `u...', 0)
#1 C:\xampp\htdocs\Codeigniter_Crud\crud_v2\vendor\codeigniter4\framework\system\Database\BaseConnection.php(722): CodeIgniter\Database\MySQLi\Connection->execute('CREATE TABLE `u...')
#2 C:\xampp\htdocs\Codeigniter_Crud\crud_v2\vendor\codeigniter4\framework\system\Database\BaseConnection.php(636): CodeIgniter\Database\BaseConnection->simpleQuery('CREATE TABLE `u...')
#3 C:\xampp\htdocs\Codeigniter_Crud\crud_v2\vendor\codeigniter4\framework\system\Database\Forge.php(570): CodeIgniter\Database\BaseConnection->query('CREATE TABLE `u...')
#4 C:\xampp\htdocs\Codeigniter_Crud\crud_v2\app\Database\Migrations\2024-05-13-020420_AddUserStatus.php(40): CodeIgniter\Database\Forge->createTable('user_status')
#5 C:\xampp\htdocs\Codeigniter_Crud\crud_v2\vendor\codeigniter4\framework\system\Database\MigrationRunner.php(867): App\Database\Migrations\AddUserStatus->up()
#6 C:\xampp\htdocs\Codeigniter_Crud\crud_v2\vendor\codeigniter4\framework\system\Database\MigrationRunner.php(183): CodeIgniter\Database\MigrationRunner->migrate('up', Object(stdClass))
#7 C:\xampp\htdocs\Codeigniter_Crud\crud_v2\vendor\codeigniter4\framework\system\Commands\Database\Migrate.php(85): CodeIgniter\Database\MigrationRunner->latest(NULL)
#8 C:\xampp\htdocs\Codeigniter_Crud\crud_v2\vendor\codeigniter4\framework\system\CLI\Commands.php(70): CodeIgniter\Commands\Database\Migrate->run(Array)
#9 C:\xampp\htdocs\Codeigniter_Crud\crud_v2\vendor\codeigniter4\framework\system\CLI\Console.php(48): CodeIgniter\CLI\Commands->run('migrate', Array)
#10 C:\xampp\htdocs\Codeigniter_Crud\crud_v2\vendor\codeigniter4\framework\system\Boot.php(338): CodeIgniter\CLI\Console->run()
#11 C:\xampp\htdocs\Codeigniter_Crud\crud_v2\vendor\codeigniter4\framework\system\Boot.php(104): CodeIgniter\Boot::runCommand(Object(CodeIgniter\CLI\Console))
#12 C:\xampp\htdocs\Codeigniter_Crud\crud_v2\spark(84): CodeIgniter\Boot::bootSpark(Object(Config\Paths))
#13 {main}
ERROR - 2024-05-21 00:27:16 --> mysqli_sql_exception: Can't create table `api_proyecto`.`user_elements` (errno: 150 "Foreign key constraint is incorrectly formed") in C:\xampp\htdocs\Codeigniter_Crud\crud_v2\vendor\codeigniter4\framework\system\Database\MySQLi\Connection.php:308
Stack trace:
#0 C:\xampp\htdocs\Codeigniter_Crud\crud_v2\vendor\codeigniter4\framework\system\Database\MySQLi\Connection.php(308): mysqli->query('CREATE TABLE `u...', 0)
#1 C:\xampp\htdocs\Codeigniter_Crud\crud_v2\vendor\codeigniter4\framework\system\Database\BaseConnection.php(722): CodeIgniter\Database\MySQLi\Connection->execute('CREATE TABLE `u...')
#2 C:\xampp\htdocs\Codeigniter_Crud\crud_v2\vendor\codeigniter4\framework\system\Database\BaseConnection.php(636): CodeIgniter\Database\BaseConnection->simpleQuery('CREATE TABLE `u...')
#3 C:\xampp\htdocs\Codeigniter_Crud\crud_v2\vendor\codeigniter4\framework\system\Database\Forge.php(570): CodeIgniter\Database\BaseConnection->query('CREATE TABLE `u...')
#4 C:\xampp\htdocs\Codeigniter_Crud\crud_v2\app\Database\Migrations\2024-05-20-210158_AddUserElements.php(49): CodeIgniter\Database\Forge->createTable('user_elements')
#5 C:\xampp\htdocs\Codeigniter_Crud\crud_v2\vendor\codeigniter4\framework\system\Database\MigrationRunner.php(867): App\Database\Migrations\AddUserElements->up()
#6 C:\xampp\htdocs\Codeigniter_Crud\crud_v2\vendor\codeigniter4\framework\system\Database\MigrationRunner.php(183): CodeIgniter\Database\MigrationRunner->migrate('up', Object(stdClass))
#7 C:\xampp\htdocs\Codeigniter_Crud\crud_v2\vendor\codeigniter4\framework\system\Commands\Database\Migrate.php(85): CodeIgniter\Database\MigrationRunner->latest(NULL)
#8 C:\xampp\htdocs\Codeigniter_Crud\crud_v2\vendor\codeigniter4\framework\system\CLI\Commands.php(70): CodeIgniter\Commands\Database\Migrate->run(Array)
#9 C:\xampp\htdocs\Codeigniter_Crud\crud_v2\vendor\codeigniter4\framework\system\CLI\Console.php(48): CodeIgniter\CLI\Commands->run('migrate', Array)
#10 C:\xampp\htdocs\Codeigniter_Crud\crud_v2\vendor\codeigniter4\framework\system\Boot.php(338): CodeIgniter\CLI\Console->run()
#11 C:\xampp\htdocs\Codeigniter_Crud\crud_v2\vendor\codeigniter4\framework\system\Boot.php(104): CodeIgniter\Boot::runCommand(Object(CodeIgniter\CLI\Console))
#12 C:\xampp\htdocs\Codeigniter_Crud\crud_v2\spark(84): CodeIgniter\Boot::bootSpark(Object(Config\Paths))
#13 {main}
ERROR - 2024-05-21 00:34:21 --> mysqli_sql_exception: Can't create table `api_proyecto`.`user_elements` (errno: 150 "Foreign key constraint is incorrectly formed") in C:\xampp\htdocs\Codeigniter_Crud\crud_v2\vendor\codeigniter4\framework\system\Database\MySQLi\Connection.php:308
Stack trace:
#0 C:\xampp\htdocs\Codeigniter_Crud\crud_v2\vendor\codeigniter4\framework\system\Database\MySQLi\Connection.php(308): mysqli->query('CREATE TABLE `u...', 0)
#1 C:\xampp\htdocs\Codeigniter_Crud\crud_v2\vendor\codeigniter4\framework\system\Database\BaseConnection.php(722): CodeIgniter\Database\MySQLi\Connection->execute('CREATE TABLE `u...')
#2 C:\xampp\htdocs\Codeigniter_Crud\crud_v2\vendor\codeigniter4\framework\system\Database\BaseConnection.php(636): CodeIgniter\Database\BaseConnection->simpleQuery('CREATE TABLE `u...')
#3 C:\xampp\htdocs\Codeigniter_Crud\crud_v2\vendor\codeigniter4\framework\system\Database\Forge.php(570): CodeIgniter\Database\BaseConnection->query('CREATE TABLE `u...')
#4 C:\xampp\htdocs\Codeigniter_Crud\crud_v2\app\Database\Migrations\2024-05-20-210158_AddUserElements.php(49): CodeIgniter\Database\Forge->createTable('user_elements')
#5 C:\xampp\htdocs\Codeigniter_Crud\crud_v2\vendor\codeigniter4\framework\system\Database\MigrationRunner.php(867): App\Database\Migrations\AddUserElements->up()
#6 C:\xampp\htdocs\Codeigniter_Crud\crud_v2\vendor\codeigniter4\framework\system\Database\MigrationRunner.php(183): CodeIgniter\Database\MigrationRunner->migrate('up', Object(stdClass))
#7 C:\xampp\htdocs\Codeigniter_Crud\crud_v2\vendor\codeigniter4\framework\system\Commands\Database\Migrate.php(85): CodeIgniter\Database\MigrationRunner->latest(NULL)
#8 C:\xampp\htdocs\Codeigniter_Crud\crud_v2\vendor\codeigniter4\framework\system\CLI\Commands.php(70): CodeIgniter\Commands\Database\Migrate->run(Array)
#9 C:\xampp\htdocs\Codeigniter_Crud\crud_v2\vendor\codeigniter4\framework\system\CLI\Console.php(48): CodeIgniter\CLI\Commands->run('migrate', Array)
#10 C:\xampp\htdocs\Codeigniter_Crud\crud_v2\vendor\codeigniter4\framework\system\Boot.php(338): CodeIgniter\CLI\Console->run()
#11 C:\xampp\htdocs\Codeigniter_Crud\crud_v2\vendor\codeigniter4\framework\system\Boot.php(104): CodeIgniter\Boot::runCommand(Object(CodeIgniter\CLI\Console))
#12 C:\xampp\htdocs\Codeigniter_Crud\crud_v2\spark(84): CodeIgniter\Boot::bootSpark(Object(Config\Paths))
#13 {main}
ERROR - 2024-05-21 00:47:28 --> mysqli_sql_exception: Incorrect table definition; there can be only one auto column and it must be defined as a key in C:\xampp\htdocs\Codeigniter_Crud\crud_v2\vendor\codeigniter4\framework\system\Database\MySQLi\Connection.php:308
Stack trace:
#0 C:\xampp\htdocs\Codeigniter_Crud\crud_v2\vendor\codeigniter4\framework\system\Database\MySQLi\Connection.php(308): mysqli->query('CREATE TABLE `r...', 0)
#1 C:\xampp\htdocs\Codeigniter_Crud\crud_v2\vendor\codeigniter4\framework\system\Database\BaseConnection.php(722): CodeIgniter\Database\MySQLi\Connection->execute('CREATE TABLE `r...')
#2 C:\xampp\htdocs\Codeigniter_Crud\crud_v2\vendor\codeigniter4\framework\system\Database\BaseConnection.php(636): CodeIgniter\Database\BaseConnection->simpleQuery('CREATE TABLE `r...')
#3 C:\xampp\htdocs\Codeigniter_Crud\crud_v2\vendor\codeigniter4\framework\system\Database\Forge.php(570): CodeIgniter\Database\BaseConnection->query('CREATE TABLE `r...')
#4 C:\xampp\htdocs\Codeigniter_Crud\crud_v2\app\Database\Migrations\2024-05-20-210245_AddRequest.php(67): CodeIgniter\Database\Forge->createTable('requests')
#5 C:\xampp\htdocs\Codeigniter_Crud\crud_v2\vendor\codeigniter4\framework\system\Database\MigrationRunner.php(867): App\Database\Migrations\AddRequest->up()
#6 C:\xampp\htdocs\Codeigniter_Crud\crud_v2\vendor\codeigniter4\framework\system\Database\MigrationRunner.php(183): CodeIgniter\Database\MigrationRunner->migrate('up', Object(stdClass))
#7 C:\xampp\htdocs\Codeigniter_Crud\crud_v2\vendor\codeigniter4\framework\system\Commands\Database\Migrate.php(85): CodeIgniter\Database\MigrationRunner->latest(NULL)
#8 C:\xampp\htdocs\Codeigniter_Crud\crud_v2\vendor\codeigniter4\framework\system\CLI\Commands.php(70): CodeIgniter\Commands\Database\Migrate->run(Array)
#9 C:\xampp\htdocs\Codeigniter_Crud\crud_v2\vendor\codeigniter4\framework\system\CLI\Console.php(48): CodeIgniter\CLI\Commands->run('migrate', Array)
#10 C:\xampp\htdocs\Codeigniter_Crud\crud_v2\vendor\codeigniter4\framework\system\Boot.php(338): CodeIgniter\CLI\Console->run()
#11 C:\xampp\htdocs\Codeigniter_Crud\crud_v2\vendor\codeigniter4\framework\system\Boot.php(104): CodeIgniter\Boot::runCommand(Object(CodeIgniter\CLI\Console))
#12 C:\xampp\htdocs\Codeigniter_Crud\crud_v2\spark(84): CodeIgniter\Boot::bootSpark(Object(Config\Paths))
#13 {main}
ERROR - 2024-05-21 00:48:37 --> mysqli_sql_exception: Incorrect table definition; there can be only one auto column and it must be defined as a key in C:\xampp\htdocs\Codeigniter_Crud\crud_v2\vendor\codeigniter4\framework\system\Database\MySQLi\Connection.php:308
Stack trace:
#0 C:\xampp\htdocs\Codeigniter_Crud\crud_v2\vendor\codeigniter4\framework\system\Database\MySQLi\Connection.php(308): mysqli->query('CREATE TABLE `r...', 0)
#1 C:\xampp\htdocs\Codeigniter_Crud\crud_v2\vendor\codeigniter4\framework\system\Database\BaseConnection.php(722): CodeIgniter\Database\MySQLi\Connection->execute('CREATE TABLE `r...')
#2 C:\xampp\htdocs\Codeigniter_Crud\crud_v2\vendor\codeigniter4\framework\system\Database\BaseConnection.php(636): CodeIgniter\Database\BaseConnection->simpleQuery('CREATE TABLE `r...')
#3 C:\xampp\htdocs\Codeigniter_Crud\crud_v2\vendor\codeigniter4\framework\system\Database\Forge.php(570): CodeIgniter\Database\BaseConnection->query('CREATE TABLE `r...')
#4 C:\xampp\htdocs\Codeigniter_Crud\crud_v2\app\Database\Migrations\2024-05-20-210245_AddRequest.php(66): CodeIgniter\Database\Forge->createTable('requests')
#5 C:\xampp\htdocs\Codeigniter_Crud\crud_v2\vendor\codeigniter4\framework\system\Database\MigrationRunner.php(867): App\Database\Migrations\AddRequest->up()
#6 C:\xampp\htdocs\Codeigniter_Crud\crud_v2\vendor\codeigniter4\framework\system\Database\MigrationRunner.php(183): CodeIgniter\Database\MigrationRunner->migrate('up', Object(stdClass))
#7 C:\xampp\htdocs\Codeigniter_Crud\crud_v2\vendor\codeigniter4\framework\system\Commands\Database\Migrate.php(85): CodeIgniter\Database\MigrationRunner->latest(NULL)
#8 C:\xampp\htdocs\Codeigniter_Crud\crud_v2\vendor\codeigniter4\framework\system\CLI\Commands.php(70): CodeIgniter\Commands\Database\Migrate->run(Array)
#9 C:\xampp\htdocs\Codeigniter_Crud\crud_v2\vendor\codeigniter4\framework\system\CLI\Console.php(48): CodeIgniter\CLI\Commands->run('migrate', Array)
#10 C:\xampp\htdocs\Codeigniter_Crud\crud_v2\vendor\codeigniter4\framework\system\Boot.php(338): CodeIgniter\CLI\Console->run()
#11 C:\xampp\htdocs\Codeigniter_Crud\crud_v2\vendor\codeigniter4\framework\system\Boot.php(104): CodeIgniter\Boot::runCommand(Object(CodeIgniter\CLI\Console))
#12 C:\xampp\htdocs\Codeigniter_Crud\crud_v2\spark(84): CodeIgniter\Boot::bootSpark(Object(Config\Paths))
#13 {main}
ERROR - 2024-05-21 00:49:56 --> mysqli_sql_exception: Can't create table `api_proyecto`.`requests` (errno: 150 "Foreign key constraint is incorrectly formed") in C:\xampp\htdocs\Codeigniter_Crud\crud_v2\vendor\codeigniter4\framework\system\Database\MySQLi\Connection.php:308
Stack trace:
#0 C:\xampp\htdocs\Codeigniter_Crud\crud_v2\vendor\codeigniter4\framework\system\Database\MySQLi\Connection.php(308): mysqli->query('CREATE TABLE `r...', 0)
#1 C:\xampp\htdocs\Codeigniter_Crud\crud_v2\vendor\codeigniter4\framework\system\Database\BaseConnection.php(722): CodeIgniter\Database\MySQLi\Connection->execute('CREATE TABLE `r...')
#2 C:\xampp\htdocs\Codeigniter_Crud\crud_v2\vendor\codeigniter4\framework\system\Database\BaseConnection.php(636): CodeIgniter\Database\BaseConnection->simpleQuery('CREATE TABLE `r...')
#3 C:\xampp\htdocs\Codeigniter_Crud\crud_v2\vendor\codeigniter4\framework\system\Database\Forge.php(570): CodeIgniter\Database\BaseConnection->query('CREATE TABLE `r...')
#4 C:\xampp\htdocs\Codeigniter_Crud\crud_v2\app\Database\Migrations\2024-05-20-210245_AddRequest.php(66): CodeIgniter\Database\Forge->createTable('requests')
#5 C:\xampp\htdocs\Codeigniter_Crud\crud_v2\vendor\codeigniter4\framework\system\Database\MigrationRunner.php(867): App\Database\Migrations\AddRequest->up()
#6 C:\xampp\htdocs\Codeigniter_Crud\crud_v2\vendor\codeigniter4\framework\system\Database\MigrationRunner.php(183): CodeIgniter\Database\MigrationRunner->migrate('up', Object(stdClass))
#7 C:\xampp\htdocs\Codeigniter_Crud\crud_v2\vendor\codeigniter4\framework\system\Commands\Database\Migrate.php(85): CodeIgniter\Database\MigrationRunner->latest(NULL)
#8 C:\xampp\htdocs\Codeigniter_Crud\crud_v2\vendor\codeigniter4\framework\system\CLI\Commands.php(70): CodeIgniter\Commands\Database\Migrate->run(Array)
#9 C:\xampp\htdocs\Codeigniter_Crud\crud_v2\vendor\codeigniter4\framework\system\CLI\Console.php(48): CodeIgniter\CLI\Commands->run('migrate', Array)
#10 C:\xampp\htdocs\Codeigniter_Crud\crud_v2\vendor\codeigniter4\framework\system\Boot.php(338): CodeIgniter\CLI\Console->run()
#11 C:\xampp\htdocs\Codeigniter_Crud\crud_v2\vendor\codeigniter4\framework\system\Boot.php(104): CodeIgniter\Boot::runCommand(Object(CodeIgniter\CLI\Console))
#12 C:\xampp\htdocs\Codeigniter_Crud\crud_v2\spark(84): CodeIgniter\Boot::bootSpark(Object(Config\Paths))
#13 {main}
ERROR - 2024-05-21 00:50:40 --> mysqli_sql_exception: Can't create table `api_proyecto`.`permissions_modules` (errno: 150 "Foreign key constraint is incorrectly formed") in C:\xampp\htdocs\Codeigniter_Crud\crud_v2\vendor\codeigniter4\framework\system\Database\MySQLi\Connection.php:308
Stack trace:
#0 C:\xampp\htdocs\Codeigniter_Crud\crud_v2\vendor\codeigniter4\framework\system\Database\MySQLi\Connection.php(308): mysqli->query('CREATE TABLE `p...', 0)
#1 C:\xampp\htdocs\Codeigniter_Crud\crud_v2\vendor\codeigniter4\framework\system\Database\BaseConnection.php(722): CodeIgniter\Database\MySQLi\Connection->execute('CREATE TABLE `p...')
#2 C:\xampp\htdocs\Codeigniter_Crud\crud_v2\vendor\codeigniter4\framework\system\Database\BaseConnection.php(636): CodeIgniter\Database\BaseConnection->simpleQuery('CREATE TABLE `p...')
#3 C:\xampp\htdocs\Codeigniter_Crud\crud_v2\vendor\codeigniter4\framework\system\Database\Forge.php(570): CodeIgniter\Database\BaseConnection->query('CREATE TABLE `p...')
#4 C:\xampp\htdocs\Codeigniter_Crud\crud_v2\app\Database\Migrations\2024-05-20-210348_AddPermissionsModules.php(44): CodeIgniter\Database\Forge->createTable('permissions_mod...')
#5 C:\xampp\htdocs\Codeigniter_Crud\crud_v2\vendor\codeigniter4\framework\system\Database\MigrationRunner.php(867): App\Database\Migrations\AddPermissionsModules->up()
#6 C:\xampp\htdocs\Codeigniter_Crud\crud_v2\vendor\codeigniter4\framework\system\Database\MigrationRunner.php(183): CodeIgniter\Database\MigrationRunner->migrate('up', Object(stdClass))
#7 C:\xampp\htdocs\Codeigniter_Crud\crud_v2\vendor\codeigniter4\framework\system\Commands\Database\Migrate.php(85): CodeIgniter\Database\MigrationRunner->latest(NULL)
#8 C:\xampp\htdocs\Codeigniter_Crud\crud_v2\vendor\codeigniter4\framework\system\CLI\Commands.php(70): CodeIgniter\Commands\Database\Migrate->run(Array)
#9 C:\xampp\htdocs\Codeigniter_Crud\crud_v2\vendor\codeigniter4\framework\system\CLI\Console.php(48): CodeIgniter\CLI\Commands->run('migrate', Array)
#10 C:\xampp\htdocs\Codeigniter_Crud\crud_v2\vendor\codeigniter4\framework\system\Boot.php(338): CodeIgniter\CLI\Console->run()
#11 C:\xampp\htdocs\Codeigniter_Crud\crud_v2\vendor\codeigniter4\framework\system\Boot.php(104): CodeIgniter\Boot::runCommand(Object(CodeIgniter\CLI\Console))
#12 C:\xampp\htdocs\Codeigniter_Crud\crud_v2\spark(84): CodeIgniter\Boot::bootSpark(Object(Config\Paths))
#13 {main}
ERROR - 2024-05-21 00:54:19 --> mysqli_sql_exception: Can't create table `api_proyecto`.`permissions_modules` (errno: 150 "Foreign key constraint is incorrectly formed") in C:\xampp\htdocs\Codeigniter_Crud\crud_v2\vendor\codeigniter4\framework\system\Database\MySQLi\Connection.php:308
Stack trace:
#0 C:\xampp\htdocs\Codeigniter_Crud\crud_v2\vendor\codeigniter4\framework\system\Database\MySQLi\Connection.php(308): mysqli->query('CREATE TABLE `p...', 0)
#1 C:\xampp\htdocs\Codeigniter_Crud\crud_v2\vendor\codeigniter4\framework\system\Database\BaseConnection.php(722): CodeIgniter\Database\MySQLi\Connection->execute('CREATE TABLE `p...')
#2 C:\xampp\htdocs\Codeigniter_Crud\crud_v2\vendor\codeigniter4\framework\system\Database\BaseConnection.php(636): CodeIgniter\Database\BaseConnection->simpleQuery('CREATE TABLE `p...')
#3 C:\xampp\htdocs\Codeigniter_Crud\crud_v2\vendor\codeigniter4\framework\system\Database\Forge.php(570): CodeIgniter\Database\BaseConnection->query('CREATE TABLE `p...')
#4 C:\xampp\htdocs\Codeigniter_Crud\crud_v2\app\Database\Migrations\2024-05-20-210348_AddPermissionsModules.php(44): CodeIgniter\Database\Forge->createTable('permissions_mod...')
#5 C:\xampp\htdocs\Codeigniter_Crud\crud_v2\vendor\codeigniter4\framework\system\Database\MigrationRunner.php(867): App\Database\Migrations\AddPermissionsModules->up()
#6 C:\xampp\htdocs\Codeigniter_Crud\crud_v2\vendor\codeigniter4\framework\system\Database\MigrationRunner.php(183): CodeIgniter\Database\MigrationRunner->migrate('up', Object(stdClass))
#7 C:\xampp\htdocs\Codeigniter_Crud\crud_v2\vendor\codeigniter4\framework\system\Commands\Database\Migrate.php(85): CodeIgniter\Database\MigrationRunner->latest(NULL)
#8 C:\xampp\htdocs\Codeigniter_Crud\crud_v2\vendor\codeigniter4\framework\system\CLI\Commands.php(70): CodeIgniter\Commands\Database\Migrate->run(Array)
#9 C:\xampp\htdocs\Codeigniter_Crud\crud_v2\vendor\codeigniter4\framework\system\CLI\Console.php(48): CodeIgniter\CLI\Commands->run('migrate', Array)
#10 C:\xampp\htdocs\Codeigniter_Crud\crud_v2\vendor\codeigniter4\framework\system\Boot.php(338): CodeIgniter\CLI\Console->run()
#11 C:\xampp\htdocs\Codeigniter_Crud\crud_v2\vendor\codeigniter4\framework\system\Boot.php(104): CodeIgniter\Boot::runCommand(Object(CodeIgniter\CLI\Console))
#12 C:\xampp\htdocs\Codeigniter_Crud\crud_v2\spark(84): CodeIgniter\Boot::bootSpark(Object(Config\Paths))
#13 {main}
ERROR - 2024-05-21 00:55:56 --> mysqli_sql_exception: Can't create table `api_proyecto`.`permissions_modules` (errno: 150 "Foreign key constraint is incorrectly formed") in C:\xampp\htdocs\Codeigniter_Crud\crud_v2\vendor\codeigniter4\framework\system\Database\MySQLi\Connection.php:308
Stack trace:
#0 C:\xampp\htdocs\Codeigniter_Crud\crud_v2\vendor\codeigniter4\framework\system\Database\MySQLi\Connection.php(308): mysqli->query('CREATE TABLE `p...', 0)
#1 C:\xampp\htdocs\Codeigniter_Crud\crud_v2\vendor\codeigniter4\framework\system\Database\BaseConnection.php(722): CodeIgniter\Database\MySQLi\Connection->execute('CREATE TABLE `p...')
#2 C:\xampp\htdocs\Codeigniter_Crud\crud_v2\vendor\codeigniter4\framework\system\Database\BaseConnection.php(636): CodeIgniter\Database\BaseConnection->simpleQuery('CREATE TABLE `p...')
#3 C:\xampp\htdocs\Codeigniter_Crud\crud_v2\vendor\codeigniter4\framework\system\Database\Forge.php(570): CodeIgniter\Database\BaseConnection->query('CREATE TABLE `p...')
#4 C:\xampp\htdocs\Codeigniter_Crud\crud_v2\app\Database\Migrations\2024-05-20-210348_AddPermissionsModules.php(44): CodeIgniter\Database\Forge->createTable('permissions_mod...')
#5 C:\xampp\htdocs\Codeigniter_Crud\crud_v2\vendor\codeigniter4\framework\system\Database\MigrationRunner.php(867): App\Database\Migrations\AddPermissionsModules->up()
#6 C:\xampp\htdocs\Codeigniter_Crud\crud_v2\vendor\codeigniter4\framework\system\Database\MigrationRunner.php(183): CodeIgniter\Database\MigrationRunner->migrate('up', Object(stdClass))
#7 C:\xampp\htdocs\Codeigniter_Crud\crud_v2\vendor\codeigniter4\framework\system\Commands\Database\Migrate.php(85): CodeIgniter\Database\MigrationRunner->latest(NULL)
#8 C:\xampp\htdocs\Codeigniter_Crud\crud_v2\vendor\codeigniter4\framework\system\CLI\Commands.php(70): CodeIgniter\Commands\Database\Migrate->run(Array)
#9 C:\xampp\htdocs\Codeigniter_Crud\crud_v2\vendor\codeigniter4\framework\system\CLI\Console.php(48): CodeIgniter\CLI\Commands->run('migrate', Array)
#10 C:\xampp\htdocs\Codeigniter_Crud\crud_v2\vendor\codeigniter4\framework\system\Boot.php(338): CodeIgniter\CLI\Console->run()
#11 C:\xampp\htdocs\Codeigniter_Crud\crud_v2\vendor\codeigniter4\framework\system\Boot.php(104): CodeIgniter\Boot::runCommand(Object(CodeIgniter\CLI\Console))
#12 C:\xampp\htdocs\Codeigniter_Crud\crud_v2\spark(84): CodeIgniter\Boot::bootSpark(Object(Config\Paths))
#13 {main}
ERROR - 2024-05-21 00:57:57 --> mysqli_sql_exception: Can't create table `api_proyecto`.`permissions_modules` (errno: 150 "Foreign key constraint is incorrectly formed") in C:\xampp\htdocs\Codeigniter_Crud\crud_v2\vendor\codeigniter4\framework\system\Database\MySQLi\Connection.php:308
Stack trace:
#0 C:\xampp\htdocs\Codeigniter_Crud\crud_v2\vendor\codeigniter4\framework\system\Database\MySQLi\Connection.php(308): mysqli->query('CREATE TABLE `p...', 0)
#1 C:\xampp\htdocs\Codeigniter_Crud\crud_v2\vendor\codeigniter4\framework\system\Database\BaseConnection.php(722): CodeIgniter\Database\MySQLi\Connection->execute('CREATE TABLE `p...')
#2 C:\xampp\htdocs\Codeigniter_Crud\crud_v2\vendor\codeigniter4\framework\system\Database\BaseConnection.php(636): CodeIgniter\Database\BaseConnection->simpleQuery('CREATE TABLE `p...')
#3 C:\xampp\htdocs\Codeigniter_Crud\crud_v2\vendor\codeigniter4\framework\system\Database\Forge.php(570): CodeIgniter\Database\BaseConnection->query('CREATE TABLE `p...')
#4 C:\xampp\htdocs\Codeigniter_Crud\crud_v2\app\Database\Migrations\2024-05-20-210348_AddPermissionsModules.php(44): CodeIgniter\Database\Forge->createTable('permissions_mod...')
#5 C:\xampp\htdocs\Codeigniter_Crud\crud_v2\vendor\codeigniter4\framework\system\Database\MigrationRunner.php(867): App\Database\Migrations\AddPermissionsModules->up()
#6 C:\xampp\htdocs\Codeigniter_Crud\crud_v2\vendor\codeigniter4\framework\system\Database\MigrationRunner.php(183): CodeIgniter\Database\MigrationRunner->migrate('up', Object(stdClass))
#7 C:\xampp\htdocs\Codeigniter_Crud\crud_v2\vendor\codeigniter4\framework\system\Commands\Database\Migrate.php(85): CodeIgniter\Database\MigrationRunner->latest(NULL)
#8 C:\xampp\htdocs\Codeigniter_Crud\crud_v2\vendor\codeigniter4\framework\system\CLI\Commands.php(70): CodeIgniter\Commands\Database\Migrate->run(Array)
#9 C:\xampp\htdocs\Codeigniter_Crud\crud_v2\vendor\codeigniter4\framework\system\CLI\Console.php(48): CodeIgniter\CLI\Commands->run('migrate', Array)
#10 C:\xampp\htdocs\Codeigniter_Crud\crud_v2\vendor\codeigniter4\framework\system\Boot.php(338): CodeIgniter\CLI\Console->run()
#11 C:\xampp\htdocs\Codeigniter_Crud\crud_v2\vendor\codeigniter4\framework\system\Boot.php(104): CodeIgniter\Boot::runCommand(Object(CodeIgniter\CLI\Console))
#12 C:\xampp\htdocs\Codeigniter_Crud\crud_v2\spark(84): CodeIgniter\Boot::bootSpark(Object(Config\Paths))
#13 {main}
ERROR - 2024-05-21 01:03:15 --> mysqli_sql_exception: Can't create table `api_proyecto`.`permissions_modules` (errno: 150 "Foreign key constraint is incorrectly formed") in C:\xampp\htdocs\Codeigniter_Crud\crud_v2\vendor\codeigniter4\framework\system\Database\MySQLi\Connection.php:308
Stack trace:
#0 C:\xampp\htdocs\Codeigniter_Crud\crud_v2\vendor\codeigniter4\framework\system\Database\MySQLi\Connection.php(308): mysqli->query('CREATE TABLE `p...', 0)
#1 C:\xampp\htdocs\Codeigniter_Crud\crud_v2\vendor\codeigniter4\framework\system\Database\BaseConnection.php(722): CodeIgniter\Database\MySQLi\Connection->execute('CREATE TABLE `p...')
#2 C:\xampp\htdocs\Codeigniter_Crud\crud_v2\vendor\codeigniter4\framework\system\Database\BaseConnection.php(636): CodeIgniter\Database\BaseConnection->simpleQuery('CREATE TABLE `p...')
#3 C:\xampp\htdocs\Codeigniter_Crud\crud_v2\vendor\codeigniter4\framework\system\Database\Forge.php(570): CodeIgniter\Database\BaseConnection->query('CREATE TABLE `p...')
#4 C:\xampp\htdocs\Codeigniter_Crud\crud_v2\app\Database\Migrations\2024-05-20-210348_AddPermissionsModules.php(44): CodeIgniter\Database\Forge->createTable('permissions_mod...')
#5 C:\xampp\htdocs\Codeigniter_Crud\crud_v2\vendor\codeigniter4\framework\system\Database\MigrationRunner.php(867): App\Database\Migrations\AddPermissionsModules->up()
#6 C:\xampp\htdocs\Codeigniter_Crud\crud_v2\vendor\codeigniter4\framework\system\Database\MigrationRunner.php(183): CodeIgniter\Database\MigrationRunner->migrate('up', Object(stdClass))
#7 C:\xampp\htdocs\Codeigniter_Crud\crud_v2\vendor\codeigniter4\framework\system\Commands\Database\Migrate.php(85): CodeIgniter\Database\MigrationRunner->latest(NULL)
#8 C:\xampp\htdocs\Codeigniter_Crud\crud_v2\vendor\codeigniter4\framework\system\CLI\Commands.php(70): CodeIgniter\Commands\Database\Migrate->run(Array)
#9 C:\xampp\htdocs\Codeigniter_Crud\crud_v2\vendor\codeigniter4\framework\system\CLI\Console.php(48): CodeIgniter\CLI\Commands->run('migrate', Array)
#10 C:\xampp\htdocs\Codeigniter_Crud\crud_v2\vendor\codeigniter4\framework\system\Boot.php(338): CodeIgniter\CLI\Console->run()
#11 C:\xampp\htdocs\Codeigniter_Crud\crud_v2\vendor\codeigniter4\framework\system\Boot.php(104): CodeIgniter\Boot::runCommand(Object(CodeIgniter\CLI\Console))
#12 C:\xampp\htdocs\Codeigniter_Crud\crud_v2\spark(84): CodeIgniter\Boot::bootSpark(Object(Config\Paths))
#13 {main}
ERROR - 2024-05-21 01:08:41 --> mysqli_sql_exception: Can't create table `api_proyecto`.`permissions_modules` (errno: 150 "Foreign key constraint is incorrectly formed") in C:\xampp\htdocs\Codeigniter_Crud\crud_v2\vendor\codeigniter4\framework\system\Database\MySQLi\Connection.php:308
Stack trace:
#0 C:\xampp\htdocs\Codeigniter_Crud\crud_v2\vendor\codeigniter4\framework\system\Database\MySQLi\Connection.php(308): mysqli->query('CREATE TABLE `p...', 0)
#1 C:\xampp\htdocs\Codeigniter_Crud\crud_v2\vendor\codeigniter4\framework\system\Database\BaseConnection.php(722): CodeIgniter\Database\MySQLi\Connection->execute('CREATE TABLE `p...')
#2 C:\xampp\htdocs\Codeigniter_Crud\crud_v2\vendor\codeigniter4\framework\system\Database\BaseConnection.php(636): CodeIgniter\Database\BaseConnection->simpleQuery('CREATE TABLE `p...')
#3 C:\xampp\htdocs\Codeigniter_Crud\crud_v2\vendor\codeigniter4\framework\system\Database\Forge.php(570): CodeIgniter\Database\BaseConnection->query('CREATE TABLE `p...')
#4 C:\xampp\htdocs\Codeigniter_Crud\crud_v2\app\Database\Migrations\2024-05-20-210348_AddPermissionsModules.php(44): CodeIgniter\Database\Forge->createTable('permissions_mod...')
#5 C:\xampp\htdocs\Codeigniter_Crud\crud_v2\vendor\codeigniter4\framework\system\Database\MigrationRunner.php(867): App\Database\Migrations\AddPermissionsModules->up()
#6 C:\xampp\htdocs\Codeigniter_Crud\crud_v2\vendor\codeigniter4\framework\system\Database\MigrationRunner.php(183): CodeIgniter\Database\MigrationRunner->migrate('up', Object(stdClass))
#7 C:\xampp\htdocs\Codeigniter_Crud\crud_v2\vendor\codeigniter4\framework\system\Commands\Database\Migrate.php(85): CodeIgniter\Database\MigrationRunner->latest(NULL)
#8 C:\xampp\htdocs\Codeigniter_Crud\crud_v2\vendor\codeigniter4\framework\system\CLI\Commands.php(70): CodeIgniter\Commands\Database\Migrate->run(Array)
#9 C:\xampp\htdocs\Codeigniter_Crud\crud_v2\vendor\codeigniter4\framework\system\CLI\Console.php(48): CodeIgniter\CLI\Commands->run('migrate', Array)
#10 C:\xampp\htdocs\Codeigniter_Crud\crud_v2\vendor\codeigniter4\framework\system\Boot.php(338): CodeIgniter\CLI\Console->run()
#11 C:\xampp\htdocs\Codeigniter_Crud\crud_v2\vendor\codeigniter4\framework\system\Boot.php(104): CodeIgniter\Boot::runCommand(Object(CodeIgniter\CLI\Console))
#12 C:\xampp\htdocs\Codeigniter_Crud\crud_v2\spark(84): CodeIgniter\Boot::bootSpark(Object(Config\Paths))
#13 {main}
ERROR - 2024-05-21 01:11:23 --> mysqli_sql_exception: Can't create table `api_proyecto`.`permissions_modules` (errno: 150 "Foreign key constraint is incorrectly formed") in C:\xampp\htdocs\Codeigniter_Crud\crud_v2\vendor\codeigniter4\framework\system\Database\MySQLi\Connection.php:308
Stack trace:
#0 C:\xampp\htdocs\Codeigniter_Crud\crud_v2\vendor\codeigniter4\framework\system\Database\MySQLi\Connection.php(308): mysqli->query('CREATE TABLE `p...', 0)
#1 C:\xampp\htdocs\Codeigniter_Crud\crud_v2\vendor\codeigniter4\framework\system\Database\BaseConnection.php(722): CodeIgniter\Database\MySQLi\Connection->execute('CREATE TABLE `p...')
#2 C:\xampp\htdocs\Codeigniter_Crud\crud_v2\vendor\codeigniter4\framework\system\Database\BaseConnection.php(636): CodeIgniter\Database\BaseConnection->simpleQuery('CREATE TABLE `p...')
#3 C:\xampp\htdocs\Codeigniter_Crud\crud_v2\vendor\codeigniter4\framework\system\Database\Forge.php(570): CodeIgniter\Database\BaseConnection->query('CREATE TABLE `p...')
#4 C:\xampp\htdocs\Codeigniter_Crud\crud_v2\app\Database\Migrations\2024-05-20-210348_AddPermissionsModules.php(44): CodeIgniter\Database\Forge->createTable('permissions_mod...')
#5 C:\xampp\htdocs\Codeigniter_Crud\crud_v2\vendor\codeigniter4\framework\system\Database\MigrationRunner.php(867): App\Database\Migrations\AddPermissionsModules->up()
#6 C:\xampp\htdocs\Codeigniter_Crud\crud_v2\vendor\codeigniter4\framework\system\Database\MigrationRunner.php(183): CodeIgniter\Database\MigrationRunner->migrate('up', Object(stdClass))
#7 C:\xampp\htdocs\Codeigniter_Crud\crud_v2\vendor\codeigniter4\framework\system\Commands\Database\Migrate.php(85): CodeIgniter\Database\MigrationRunner->latest(NULL)
#8 C:\xampp\htdocs\Codeigniter_Crud\crud_v2\vendor\codeigniter4\framework\system\CLI\Commands.php(70): CodeIgniter\Commands\Database\Migrate->run(Array)
#9 C:\xampp\htdocs\Codeigniter_Crud\crud_v2\vendor\codeigniter4\framework\system\CLI\Console.php(48): CodeIgniter\CLI\Commands->run('migrate', Array)
#10 C:\xampp\htdocs\Codeigniter_Crud\crud_v2\vendor\codeigniter4\framework\system\Boot.php(338): CodeIgniter\CLI\Console->run()
#11 C:\xampp\htdocs\Codeigniter_Crud\crud_v2\vendor\codeigniter4\framework\system\Boot.php(104): CodeIgniter\Boot::runCommand(Object(CodeIgniter\CLI\Console))
#12 C:\xampp\htdocs\Codeigniter_Crud\crud_v2\spark(84): CodeIgniter\Boot::bootSpark(Object(Config\Paths))
#13 {main}
ERROR - 2024-05-21 01:12:34 --> mysqli_sql_exception: Can't create table `api_proyecto`.`permissions_modules` (errno: 150 "Foreign key constraint is incorrectly formed") in C:\xampp\htdocs\Codeigniter_Crud\crud_v2\vendor\codeigniter4\framework\system\Database\MySQLi\Connection.php:308
Stack trace:
#0 C:\xampp\htdocs\Codeigniter_Crud\crud_v2\vendor\codeigniter4\framework\system\Database\MySQLi\Connection.php(308): mysqli->query('CREATE TABLE `p...', 0)
#1 C:\xampp\htdocs\Codeigniter_Crud\crud_v2\vendor\codeigniter4\framework\system\Database\BaseConnection.php(722): CodeIgniter\Database\MySQLi\Connection->execute('CREATE TABLE `p...')
#2 C:\xampp\htdocs\Codeigniter_Crud\crud_v2\vendor\codeigniter4\framework\system\Database\BaseConnection.php(636): CodeIgniter\Database\BaseConnection->simpleQuery('CREATE TABLE `p...')
#3 C:\xampp\htdocs\Codeigniter_Crud\crud_v2\vendor\codeigniter4\framework\system\Database\Forge.php(570): CodeIgniter\Database\BaseConnection->query('CREATE TABLE `p...')
#4 C:\xampp\htdocs\Codeigniter_Crud\crud_v2\app\Database\Migrations\2024-05-20-210348_AddPermissionsModules.php(44): CodeIgniter\Database\Forge->createTable('permissions_mod...')
#5 C:\xampp\htdocs\Codeigniter_Crud\crud_v2\vendor\codeigniter4\framework\system\Database\MigrationRunner.php(867): App\Database\Migrations\AddPermissionsModules->up()
#6 C:\xampp\htdocs\Codeigniter_Crud\crud_v2\vendor\codeigniter4\framework\system\Database\MigrationRunner.php(183): CodeIgniter\Database\MigrationRunner->migrate('up', Object(stdClass))
#7 C:\xampp\htdocs\Codeigniter_Crud\crud_v2\vendor\codeigniter4\framework\system\Commands\Database\Migrate.php(85): CodeIgniter\Database\MigrationRunner->latest(NULL)
#8 C:\xampp\htdocs\Codeigniter_Crud\crud_v2\vendor\codeigniter4\framework\system\CLI\Commands.php(70): CodeIgniter\Commands\Database\Migrate->run(Array)
#9 C:\xampp\htdocs\Codeigniter_Crud\crud_v2\vendor\codeigniter4\framework\system\CLI\Console.php(48): CodeIgniter\CLI\Commands->run('migrate', Array)
#10 C:\xampp\htdocs\Codeigniter_Crud\crud_v2\vendor\codeigniter4\framework\system\Boot.php(338): CodeIgniter\CLI\Console->run()
#11 C:\xampp\htdocs\Codeigniter_Crud\crud_v2\vendor\codeigniter4\framework\system\Boot.php(104): CodeIgniter\Boot::runCommand(Object(CodeIgniter\CLI\Console))
#12 C:\xampp\htdocs\Codeigniter_Crud\crud_v2\spark(84): CodeIgniter\Boot::bootSpark(Object(Config\Paths))
#13 {main}
ERROR - 2024-05-21 01:25:06 --> mysqli_sql_exception: Can't create table `api_proyecto`.`permissions_modules` (errno: 150 "Foreign key constraint is incorrectly formed") in C:\xampp\htdocs\Codeigniter_Crud\crud_v2\vendor\codeigniter4\framework\system\Database\MySQLi\Connection.php:308
Stack trace:
#0 C:\xampp\htdocs\Codeigniter_Crud\crud_v2\vendor\codeigniter4\framework\system\Database\MySQLi\Connection.php(308): mysqli->query('CREATE TABLE `p...', 0)
#1 C:\xampp\htdocs\Codeigniter_Crud\crud_v2\vendor\codeigniter4\framework\system\Database\BaseConnection.php(722): CodeIgniter\Database\MySQLi\Connection->execute('CREATE TABLE `p...')
#2 C:\xampp\htdocs\Codeigniter_Crud\crud_v2\vendor\codeigniter4\framework\system\Database\BaseConnection.php(636): CodeIgniter\Database\BaseConnection->simpleQuery('CREATE TABLE `p...')
#3 C:\xampp\htdocs\Codeigniter_Crud\crud_v2\vendor\codeigniter4\framework\system\Database\Forge.php(570): CodeIgniter\Database\BaseConnection->query('CREATE TABLE `p...')
#4 C:\xampp\htdocs\Codeigniter_Crud\crud_v2\app\Database\Migrations\2024-05-20-210348_AddPermissionsModules.php(44): CodeIgniter\Database\Forge->createTable('permissions_mod...')
#5 C:\xampp\htdocs\Codeigniter_Crud\crud_v2\vendor\codeigniter4\framework\system\Database\MigrationRunner.php(867): App\Database\Migrations\AddPermissionsModules->up()
#6 C:\xampp\htdocs\Codeigniter_Crud\crud_v2\vendor\codeigniter4\framework\system\Database\MigrationRunner.php(183): CodeIgniter\Database\MigrationRunner->migrate('up', Object(stdClass))
#7 C:\xampp\htdocs\Codeigniter_Crud\crud_v2\vendor\codeigniter4\framework\system\Commands\Database\Migrate.php(85): CodeIgniter\Database\MigrationRunner->latest(NULL)
#8 C:\xampp\htdocs\Codeigniter_Crud\crud_v2\vendor\codeigniter4\framework\system\CLI\Commands.php(70): CodeIgniter\Commands\Database\Migrate->run(Array)
#9 C:\xampp\htdocs\Codeigniter_Crud\crud_v2\vendor\codeigniter4\framework\system\CLI\Console.php(48): CodeIgniter\CLI\Commands->run('migrate', Array)
#10 C:\xampp\htdocs\Codeigniter_Crud\crud_v2\vendor\codeigniter4\framework\system\Boot.php(338): CodeIgniter\CLI\Console->run()
#11 C:\xampp\htdocs\Codeigniter_Crud\crud_v2\vendor\codeigniter4\framework\system\Boot.php(104): CodeIgniter\Boot::runCommand(Object(CodeIgniter\CLI\Console))
#12 C:\xampp\htdocs\Codeigniter_Crud\crud_v2\spark(84): CodeIgniter\Boot::bootSpark(Object(Config\Paths))
#13 {main}
ERROR - 2024-05-21 01:28:43 --> mysqli_sql_exception: You have an error in your SQL syntax; check the manual that corresponds to your MariaDB server version for the right syntax to use near '1 PRIMARY KEY(`Permissions_id`)
) DEFAULT CHARACTER SET = utf8mb4 COLLATE = u...' at line 7 in C:\xampp\htdocs\Codeigniter_Crud\crud_v2\vendor\codeigniter4\framework\system\Database\MySQLi\Connection.php:308
Stack trace:
#0 C:\xampp\htdocs\Codeigniter_Crud\crud_v2\vendor\codeigniter4\framework\system\Database\MySQLi\Connection.php(308): mysqli->query('CREATE TABLE `p...', 0)
#1 C:\xampp\htdocs\Codeigniter_Crud\crud_v2\vendor\codeigniter4\framework\system\Database\BaseConnection.php(722): CodeIgniter\Database\MySQLi\Connection->execute('CREATE TABLE `p...')
#2 C:\xampp\htdocs\Codeigniter_Crud\crud_v2\vendor\codeigniter4\framework\system\Database\BaseConnection.php(636): CodeIgniter\Database\BaseConnection->simpleQuery('CREATE TABLE `p...')
#3 C:\xampp\htdocs\Codeigniter_Crud\crud_v2\vendor\codeigniter4\framework\system\Database\Forge.php(570): CodeIgniter\Database\BaseConnection->query('CREATE TABLE `p...')
#4 C:\xampp\htdocs\Codeigniter_Crud\crud_v2\app\Database\Migrations\2024-05-20-210359_AddPermissions.php(40): CodeIgniter\Database\Forge->createTable('permissions')
#5 C:\xampp\htdocs\Codeigniter_Crud\crud_v2\vendor\codeigniter4\framework\system\Database\MigrationRunner.php(867): App\Database\Migrations\AddPermissions->up()
#6 C:\xampp\htdocs\Codeigniter_Crud\crud_v2\vendor\codeigniter4\framework\system\Database\MigrationRunner.php(183): CodeIgniter\Database\MigrationRunner->migrate('up', Object(stdClass))
#7 C:\xampp\htdocs\Codeigniter_Crud\crud_v2\vendor\codeigniter4\framework\system\Commands\Database\Migrate.php(85): CodeIgniter\Database\MigrationRunner->latest(NULL)
#8 C:\xampp\htdocs\Codeigniter_Crud\crud_v2\vendor\codeigniter4\framework\system\CLI\Commands.php(70): CodeIgniter\Commands\Database\Migrate->run(Array)
#9 C:\xampp\htdocs\Codeigniter_Crud\crud_v2\vendor\codeigniter4\framework\system\CLI\Console.php(48): CodeIgniter\CLI\Commands->run('migrate', Array)
#10 C:\xampp\htdocs\Codeigniter_Crud\crud_v2\vendor\codeigniter4\framework\system\Boot.php(338): CodeIgniter\CLI\Console->run()
#11 C:\xampp\htdocs\Codeigniter_Crud\crud_v2\vendor\codeigniter4\framework\system\Boot.php(104): CodeIgniter\Boot::runCommand(Object(CodeIgniter\CLI\Console))
#12 C:\xampp\htdocs\Codeigniter_Crud\crud_v2\spark(84): CodeIgniter\Boot::bootSpark(Object(Config\Paths))
#13 {main}
ERROR - 2024-05-21 01:30:59 --> mysqli_sql_exception: You have an error in your SQL syntax; check the manual that corresponds to your MariaDB server version for the right syntax to use near ') NOT NULL,
	`Element_stock` VARCHAR(50) NOT NULL,
	`Category_fk` INT(11) UNS...' at line 11 in C:\xampp\htdocs\Codeigniter_Crud\crud_v2\vendor\codeigniter4\framework\system\Database\MySQLi\Connection.php:308
Stack trace:
#0 C:\xampp\htdocs\Codeigniter_Crud\crud_v2\vendor\codeigniter4\framework\system\Database\MySQLi\Connection.php(308): mysqli->query('CREATE TABLE `e...', 0)
#1 C:\xampp\htdocs\Codeigniter_Crud\crud_v2\vendor\codeigniter4\framework\system\Database\BaseConnection.php(722): CodeIgniter\Database\MySQLi\Connection->execute('CREATE TABLE `e...')
#2 C:\xampp\htdocs\Codeigniter_Crud\crud_v2\vendor\codeigniter4\framework\system\Database\BaseConnection.php(636): CodeIgniter\Database\BaseConnection->simpleQuery('CREATE TABLE `e...')
#3 C:\xampp\htdocs\Codeigniter_Crud\crud_v2\vendor\codeigniter4\framework\system\Database\Forge.php(570): CodeIgniter\Database\BaseConnection->query('CREATE TABLE `e...')
#4 C:\xampp\htdocs\Codeigniter_Crud\crud_v2\app\Database\Migrations\2024-05-20-210512_AddElements.php(86): CodeIgniter\Database\Forge->createTable('elements')
#5 C:\xampp\htdocs\Codeigniter_Crud\crud_v2\vendor\codeigniter4\framework\system\Database\MigrationRunner.php(867): App\Database\Migrations\AddElements->up()
#6 C:\xampp\htdocs\Codeigniter_Crud\crud_v2\vendor\codeigniter4\framework\system\Database\MigrationRunner.php(183): CodeIgniter\Database\MigrationRunner->migrate('up', Object(stdClass))
#7 C:\xampp\htdocs\Codeigniter_Crud\crud_v2\vendor\codeigniter4\framework\system\Commands\Database\Migrate.php(85): CodeIgniter\Database\MigrationRunner->latest(NULL)
#8 C:\xampp\htdocs\Codeigniter_Crud\crud_v2\vendor\codeigniter4\framework\system\CLI\Commands.php(70): CodeIgniter\Commands\Database\Migrate->run(Array)
#9 C:\xampp\htdocs\Codeigniter_Crud\crud_v2\vendor\codeigniter4\framework\system\CLI\Console.php(48): CodeIgniter\CLI\Commands->run('migrate', Array)
#10 C:\xampp\htdocs\Codeigniter_Crud\crud_v2\vendor\codeigniter4\framework\system\Boot.php(338): CodeIgniter\CLI\Console->run()
#11 C:\xampp\htdocs\Codeigniter_Crud\crud_v2\vendor\codeigniter4\framework\system\Boot.php(104): CodeIgniter\Boot::runCommand(Object(CodeIgniter\CLI\Console))
#12 C:\xampp\htdocs\Codeigniter_Crud\crud_v2\spark(84): CodeIgniter\Boot::bootSpark(Object(Config\Paths))
#13 {main}
ERROR - 2024-05-21 01:34:04 --> mysqli_sql_exception: Can't create table `api_proyecto`.`elements` (errno: 150 "Foreign key constraint is incorrectly formed") in C:\xampp\htdocs\Codeigniter_Crud\crud_v2\vendor\codeigniter4\framework\system\Database\MySQLi\Connection.php:308
Stack trace:
#0 C:\xampp\htdocs\Codeigniter_Crud\crud_v2\vendor\codeigniter4\framework\system\Database\MySQLi\Connection.php(308): mysqli->query('CREATE TABLE `e...', 0)
#1 C:\xampp\htdocs\Codeigniter_Crud\crud_v2\vendor\codeigniter4\framework\system\Database\BaseConnection.php(722): CodeIgniter\Database\MySQLi\Connection->execute('CREATE TABLE `e...')
#2 C:\xampp\htdocs\Codeigniter_Crud\crud_v2\vendor\codeigniter4\framework\system\Database\BaseConnection.php(636): CodeIgniter\Database\BaseConnection->simpleQuery('CREATE TABLE `e...')
#3 C:\xampp\htdocs\Codeigniter_Crud\crud_v2\vendor\codeigniter4\framework\system\Database\Forge.php(570): CodeIgniter\Database\BaseConnection->query('CREATE TABLE `e...')
#4 C:\xampp\htdocs\Codeigniter_Crud\crud_v2\app\Database\Migrations\2024-05-20-210512_AddElements.php(85): CodeIgniter\Database\Forge->createTable('elements')
#5 C:\xampp\htdocs\Codeigniter_Crud\crud_v2\vendor\codeigniter4\framework\system\Database\MigrationRunner.php(867): App\Database\Migrations\AddElements->up()
#6 C:\xampp\htdocs\Codeigniter_Crud\crud_v2\vendor\codeigniter4\framework\system\Database\MigrationRunner.php(183): CodeIgniter\Database\MigrationRunner->migrate('up', Object(stdClass))
#7 C:\xampp\htdocs\Codeigniter_Crud\crud_v2\vendor\codeigniter4\framework\system\Commands\Database\Migrate.php(85): CodeIgniter\Database\MigrationRunner->latest(NULL)
#8 C:\xampp\htdocs\Codeigniter_Crud\crud_v2\vendor\codeigniter4\framework\system\CLI\Commands.php(70): CodeIgniter\Commands\Database\Migrate->run(Array)
#9 C:\xampp\htdocs\Codeigniter_Crud\crud_v2\vendor\codeigniter4\framework\system\CLI\Console.php(48): CodeIgniter\CLI\Commands->run('migrate', Array)
#10 C:\xampp\htdocs\Codeigniter_Crud\crud_v2\vendor\codeigniter4\framework\system\Boot.php(338): CodeIgniter\CLI\Console->run()
#11 C:\xampp\htdocs\Codeigniter_Crud\crud_v2\vendor\codeigniter4\framework\system\Boot.php(104): CodeIgniter\Boot::runCommand(Object(CodeIgniter\CLI\Console))
#12 C:\xampp\htdocs\Codeigniter_Crud\crud_v2\spark(84): CodeIgniter\Boot::bootSpark(Object(Config\Paths))
#13 {main}
ERROR - 2024-05-21 01:48:24 --> mysqli_sql_exception: Can't create table `api_proyecto`.`elements` (errno: 150 "Foreign key constraint is incorrectly formed") in C:\xampp\htdocs\Codeigniter_Crud\crud_v2\vendor\codeigniter4\framework\system\Database\MySQLi\Connection.php:308
Stack trace:
#0 C:\xampp\htdocs\Codeigniter_Crud\crud_v2\vendor\codeigniter4\framework\system\Database\MySQLi\Connection.php(308): mysqli->query('CREATE TABLE `e...', 0)
#1 C:\xampp\htdocs\Codeigniter_Crud\crud_v2\vendor\codeigniter4\framework\system\Database\BaseConnection.php(722): CodeIgniter\Database\MySQLi\Connection->execute('CREATE TABLE `e...')
#2 C:\xampp\htdocs\Codeigniter_Crud\crud_v2\vendor\codeigniter4\framework\system\Database\BaseConnection.php(636): CodeIgniter\Database\BaseConnection->simpleQuery('CREATE TABLE `e...')
#3 C:\xampp\htdocs\Codeigniter_Crud\crud_v2\vendor\codeigniter4\framework\system\Database\Forge.php(570): CodeIgniter\Database\BaseConnection->query('CREATE TABLE `e...')
#4 C:\xampp\htdocs\Codeigniter_Crud\crud_v2\app\Database\Migrations\2024-05-20-210512_AddElements.php(85): CodeIgniter\Database\Forge->createTable('elements')
#5 C:\xampp\htdocs\Codeigniter_Crud\crud_v2\vendor\codeigniter4\framework\system\Database\MigrationRunner.php(867): App\Database\Migrations\AddElements->up()
#6 C:\xampp\htdocs\Codeigniter_Crud\crud_v2\vendor\codeigniter4\framework\system\Database\MigrationRunner.php(183): CodeIgniter\Database\MigrationRunner->migrate('up', Object(stdClass))
#7 C:\xampp\htdocs\Codeigniter_Crud\crud_v2\vendor\codeigniter4\framework\system\Commands\Database\Migrate.php(85): CodeIgniter\Database\MigrationRunner->latest(NULL)
#8 C:\xampp\htdocs\Codeigniter_Crud\crud_v2\vendor\codeigniter4\framework\system\CLI\Commands.php(70): CodeIgniter\Commands\Database\Migrate->run(Array)
#9 C:\xampp\htdocs\Codeigniter_Crud\crud_v2\vendor\codeigniter4\framework\system\CLI\Console.php(48): CodeIgniter\CLI\Commands->run('migrate', Array)
#10 C:\xampp\htdocs\Codeigniter_Crud\crud_v2\vendor\codeigniter4\framework\system\Boot.php(338): CodeIgniter\CLI\Console->run()
#11 C:\xampp\htdocs\Codeigniter_Crud\crud_v2\vendor\codeigniter4\framework\system\Boot.php(104): CodeIgniter\Boot::runCommand(Object(CodeIgniter\CLI\Console))
#12 C:\xampp\htdocs\Codeigniter_Crud\crud_v2\spark(84): CodeIgniter\Boot::bootSpark(Object(Config\Paths))
#13 {main}
ERROR - 2024-05-21 01:57:57 --> mysqli_sql_exception: Can't create table `api_proyecto`.`elements` (errno: 150 "Foreign key constraint is incorrectly formed") in C:\xampp\htdocs\Codeigniter_Crud\crud_v2\vendor\codeigniter4\framework\system\Database\MySQLi\Connection.php:308
Stack trace:
#0 C:\xampp\htdocs\Codeigniter_Crud\crud_v2\vendor\codeigniter4\framework\system\Database\MySQLi\Connection.php(308): mysqli->query('CREATE TABLE `e...', 0)
#1 C:\xampp\htdocs\Codeigniter_Crud\crud_v2\vendor\codeigniter4\framework\system\Database\BaseConnection.php(722): CodeIgniter\Database\MySQLi\Connection->execute('CREATE TABLE `e...')
#2 C:\xampp\htdocs\Codeigniter_Crud\crud_v2\vendor\codeigniter4\framework\system\Database\BaseConnection.php(636): CodeIgniter\Database\BaseConnection->simpleQuery('CREATE TABLE `e...')
#3 C:\xampp\htdocs\Codeigniter_Crud\crud_v2\vendor\codeigniter4\framework\system\Database\Forge.php(570): CodeIgniter\Database\BaseConnection->query('CREATE TABLE `e...')
#4 C:\xampp\htdocs\Codeigniter_Crud\crud_v2\app\Database\Migrations\2024-05-20-210512_AddElements.php(85): CodeIgniter\Database\Forge->createTable('elements')
#5 C:\xampp\htdocs\Codeigniter_Crud\crud_v2\vendor\codeigniter4\framework\system\Database\MigrationRunner.php(867): App\Database\Migrations\AddElements->up()
#6 C:\xampp\htdocs\Codeigniter_Crud\crud_v2\vendor\codeigniter4\framework\system\Database\MigrationRunner.php(183): CodeIgniter\Database\MigrationRunner->migrate('up', Object(stdClass))
#7 C:\xampp\htdocs\Codeigniter_Crud\crud_v2\vendor\codeigniter4\framework\system\Commands\Database\Migrate.php(85): CodeIgniter\Database\MigrationRunner->latest(NULL)
#8 C:\xampp\htdocs\Codeigniter_Crud\crud_v2\vendor\codeigniter4\framework\system\CLI\Commands.php(70): CodeIgniter\Commands\Database\Migrate->run(Array)
#9 C:\xampp\htdocs\Codeigniter_Crud\crud_v2\vendor\codeigniter4\framework\system\CLI\Console.php(48): CodeIgniter\CLI\Commands->run('migrate', Array)
#10 C:\xampp\htdocs\Codeigniter_Crud\crud_v2\vendor\codeigniter4\framework\system\Boot.php(338): CodeIgniter\CLI\Console->run()
#11 C:\xampp\htdocs\Codeigniter_Crud\crud_v2\vendor\codeigniter4\framework\system\Boot.php(104): CodeIgniter\Boot::runCommand(Object(CodeIgniter\CLI\Console))
#12 C:\xampp\htdocs\Codeigniter_Crud\crud_v2\spark(84): CodeIgniter\Boot::bootSpark(Object(Config\Paths))
#13 {main}
ERROR - 2024-05-21 02:00:45 --> mysqli_sql_exception: Can't create table `api_proyecto`.`elements` (errno: 150 "Foreign key constraint is incorrectly formed") in C:\xampp\htdocs\Codeigniter_Crud\crud_v2\vendor\codeigniter4\framework\system\Database\MySQLi\Connection.php:308
Stack trace:
#0 C:\xampp\htdocs\Codeigniter_Crud\crud_v2\vendor\codeigniter4\framework\system\Database\MySQLi\Connection.php(308): mysqli->query('CREATE TABLE `e...', 0)
#1 C:\xampp\htdocs\Codeigniter_Crud\crud_v2\vendor\codeigniter4\framework\system\Database\BaseConnection.php(722): CodeIgniter\Database\MySQLi\Connection->execute('CREATE TABLE `e...')
#2 C:\xampp\htdocs\Codeigniter_Crud\crud_v2\vendor\codeigniter4\framework\system\Database\BaseConnection.php(636): CodeIgniter\Database\BaseConnection->simpleQuery('CREATE TABLE `e...')
#3 C:\xampp\htdocs\Codeigniter_Crud\crud_v2\vendor\codeigniter4\framework\system\Database\Forge.php(570): CodeIgniter\Database\BaseConnection->query('CREATE TABLE `e...')
#4 C:\xampp\htdocs\Codeigniter_Crud\crud_v2\app\Database\Migrations\2024-05-20-210512_AddElements.php(85): CodeIgniter\Database\Forge->createTable('elements')
#5 C:\xampp\htdocs\Codeigniter_Crud\crud_v2\vendor\codeigniter4\framework\system\Database\MigrationRunner.php(867): App\Database\Migrations\AddElements->up()
#6 C:\xampp\htdocs\Codeigniter_Crud\crud_v2\vendor\codeigniter4\framework\system\Database\MigrationRunner.php(183): CodeIgniter\Database\MigrationRunner->migrate('up', Object(stdClass))
#7 C:\xampp\htdocs\Codeigniter_Crud\crud_v2\vendor\codeigniter4\framework\system\Commands\Database\Migrate.php(85): CodeIgniter\Database\MigrationRunner->latest(NULL)
#8 C:\xampp\htdocs\Codeigniter_Crud\crud_v2\vendor\codeigniter4\framework\system\CLI\Commands.php(70): CodeIgniter\Commands\Database\Migrate->run(Array)
#9 C:\xampp\htdocs\Codeigniter_Crud\crud_v2\vendor\codeigniter4\framework\system\CLI\Console.php(48): CodeIgniter\CLI\Commands->run('migrate', Array)
#10 C:\xampp\htdocs\Codeigniter_Crud\crud_v2\vendor\codeigniter4\framework\system\Boot.php(338): CodeIgniter\CLI\Console->run()
#11 C:\xampp\htdocs\Codeigniter_Crud\crud_v2\vendor\codeigniter4\framework\system\Boot.php(104): CodeIgniter\Boot::runCommand(Object(CodeIgniter\CLI\Console))
#12 C:\xampp\htdocs\Codeigniter_Crud\crud_v2\spark(84): CodeIgniter\Boot::bootSpark(Object(Config\Paths))
#13 {main}
ERROR - 2024-05-21 02:02:18 --> mysqli_sql_exception: Can't create table `api_proyecto`.`elements` (errno: 150 "Foreign key constraint is incorrectly formed") in C:\xampp\htdocs\Codeigniter_Crud\crud_v2\vendor\codeigniter4\framework\system\Database\MySQLi\Connection.php:308
Stack trace:
#0 C:\xampp\htdocs\Codeigniter_Crud\crud_v2\vendor\codeigniter4\framework\system\Database\MySQLi\Connection.php(308): mysqli->query('CREATE TABLE `e...', 0)
#1 C:\xampp\htdocs\Codeigniter_Crud\crud_v2\vendor\codeigniter4\framework\system\Database\BaseConnection.php(722): CodeIgniter\Database\MySQLi\Connection->execute('CREATE TABLE `e...')
#2 C:\xampp\htdocs\Codeigniter_Crud\crud_v2\vendor\codeigniter4\framework\system\Database\BaseConnection.php(636): CodeIgniter\Database\BaseConnection->simpleQuery('CREATE TABLE `e...')
#3 C:\xampp\htdocs\Codeigniter_Crud\crud_v2\vendor\codeigniter4\framework\system\Database\Forge.php(570): CodeIgniter\Database\BaseConnection->query('CREATE TABLE `e...')
#4 C:\xampp\htdocs\Codeigniter_Crud\crud_v2\app\Database\Migrations\2024-05-20-210512_AddElements.php(85): CodeIgniter\Database\Forge->createTable('elements')
#5 C:\xampp\htdocs\Codeigniter_Crud\crud_v2\vendor\codeigniter4\framework\system\Database\MigrationRunner.php(867): App\Database\Migrations\AddElements->up()
#6 C:\xampp\htdocs\Codeigniter_Crud\crud_v2\vendor\codeigniter4\framework\system\Database\MigrationRunner.php(183): CodeIgniter\Database\MigrationRunner->migrate('up', Object(stdClass))
#7 C:\xampp\htdocs\Codeigniter_Crud\crud_v2\vendor\codeigniter4\framework\system\Commands\Database\Migrate.php(85): CodeIgniter\Database\MigrationRunner->latest(NULL)
#8 C:\xampp\htdocs\Codeigniter_Crud\crud_v2\vendor\codeigniter4\framework\system\CLI\Commands.php(70): CodeIgniter\Commands\Database\Migrate->run(Array)
#9 C:\xampp\htdocs\Codeigniter_Crud\crud_v2\vendor\codeigniter4\framework\system\CLI\Console.php(48): CodeIgniter\CLI\Commands->run('migrate', Array)
#10 C:\xampp\htdocs\Codeigniter_Crud\crud_v2\vendor\codeigniter4\framework\system\Boot.php(338): CodeIgniter\CLI\Console->run()
#11 C:\xampp\htdocs\Codeigniter_Crud\crud_v2\vendor\codeigniter4\framework\system\Boot.php(104): CodeIgniter\Boot::runCommand(Object(CodeIgniter\CLI\Console))
#12 C:\xampp\htdocs\Codeigniter_Crud\crud_v2\spark(84): CodeIgniter\Boot::bootSpark(Object(Config\Paths))
#13 {main}
ERROR - 2024-05-21 02:07:56 --> mysqli_sql_exception: Can't create table `api_proyecto`.`elements` (errno: 150 "Foreign key constraint is incorrectly formed") in C:\xampp\htdocs\Codeigniter_Crud\crud_v2\vendor\codeigniter4\framework\system\Database\MySQLi\Connection.php:308
Stack trace:
#0 C:\xampp\htdocs\Codeigniter_Crud\crud_v2\vendor\codeigniter4\framework\system\Database\MySQLi\Connection.php(308): mysqli->query('CREATE TABLE `e...', 0)
#1 C:\xampp\htdocs\Codeigniter_Crud\crud_v2\vendor\codeigniter4\framework\system\Database\BaseConnection.php(722): CodeIgniter\Database\MySQLi\Connection->execute('CREATE TABLE `e...')
#2 C:\xampp\htdocs\Codeigniter_Crud\crud_v2\vendor\codeigniter4\framework\system\Database\BaseConnection.php(636): CodeIgniter\Database\BaseConnection->simpleQuery('CREATE TABLE `e...')
#3 C:\xampp\htdocs\Codeigniter_Crud\crud_v2\vendor\codeigniter4\framework\system\Database\Forge.php(570): CodeIgniter\Database\BaseConnection->query('CREATE TABLE `e...')
#4 C:\xampp\htdocs\Codeigniter_Crud\crud_v2\app\Database\Migrations\2024-05-20-210512_AddElements.php(85): CodeIgniter\Database\Forge->createTable('elements')
#5 C:\xampp\htdocs\Codeigniter_Crud\crud_v2\vendor\codeigniter4\framework\system\Database\MigrationRunner.php(867): App\Database\Migrations\AddElements->up()
#6 C:\xampp\htdocs\Codeigniter_Crud\crud_v2\vendor\codeigniter4\framework\system\Database\MigrationRunner.php(183): CodeIgniter\Database\MigrationRunner->migrate('up', Object(stdClass))
#7 C:\xampp\htdocs\Codeigniter_Crud\crud_v2\vendor\codeigniter4\framework\system\Commands\Database\Migrate.php(85): CodeIgniter\Database\MigrationRunner->latest(NULL)
#8 C:\xampp\htdocs\Codeigniter_Crud\crud_v2\vendor\codeigniter4\framework\system\CLI\Commands.php(70): CodeIgniter\Commands\Database\Migrate->run(Array)
#9 C:\xampp\htdocs\Codeigniter_Crud\crud_v2\vendor\codeigniter4\framework\system\CLI\Console.php(48): CodeIgniter\CLI\Commands->run('migrate', Array)
#10 C:\xampp\htdocs\Codeigniter_Crud\crud_v2\vendor\codeigniter4\framework\system\Boot.php(338): CodeIgniter\CLI\Console->run()
#11 C:\xampp\htdocs\Codeigniter_Crud\crud_v2\vendor\codeigniter4\framework\system\Boot.php(104): CodeIgniter\Boot::runCommand(Object(CodeIgniter\CLI\Console))
#12 C:\xampp\htdocs\Codeigniter_Crud\crud_v2\spark(84): CodeIgniter\Boot::bootSpark(Object(Config\Paths))
#13 {main}
ERROR - 2024-05-21 02:19:59 --> mysqli_sql_exception: Can't create table `api_proyecto`.`elements` (errno: 150 "Foreign key constraint is incorrectly formed") in C:\xampp\htdocs\Codeigniter_Crud\crud_v2\vendor\codeigniter4\framework\system\Database\MySQLi\Connection.php:308
Stack trace:
#0 C:\xampp\htdocs\Codeigniter_Crud\crud_v2\vendor\codeigniter4\framework\system\Database\MySQLi\Connection.php(308): mysqli->query('CREATE TABLE `e...', 0)
#1 C:\xampp\htdocs\Codeigniter_Crud\crud_v2\vendor\codeigniter4\framework\system\Database\BaseConnection.php(722): CodeIgniter\Database\MySQLi\Connection->execute('CREATE TABLE `e...')
#2 C:\xampp\htdocs\Codeigniter_Crud\crud_v2\vendor\codeigniter4\framework\system\Database\BaseConnection.php(636): CodeIgniter\Database\BaseConnection->simpleQuery('CREATE TABLE `e...')
#3 C:\xampp\htdocs\Codeigniter_Crud\crud_v2\vendor\codeigniter4\framework\system\Database\Forge.php(570): CodeIgniter\Database\BaseConnection->query('CREATE TABLE `e...')
#4 C:\xampp\htdocs\Codeigniter_Crud\crud_v2\app\Database\Migrations\2024-05-20-210512_AddElements.php(84): CodeIgniter\Database\Forge->createTable('elements')
#5 C:\xampp\htdocs\Codeigniter_Crud\crud_v2\vendor\codeigniter4\framework\system\Database\MigrationRunner.php(867): App\Database\Migrations\AddElements->up()
#6 C:\xampp\htdocs\Codeigniter_Crud\crud_v2\vendor\codeigniter4\framework\system\Database\MigrationRunner.php(183): CodeIgniter\Database\MigrationRunner->migrate('up', Object(stdClass))
#7 C:\xampp\htdocs\Codeigniter_Crud\crud_v2\vendor\codeigniter4\framework\system\Commands\Database\Migrate.php(85): CodeIgniter\Database\MigrationRunner->latest(NULL)
#8 C:\xampp\htdocs\Codeigniter_Crud\crud_v2\vendor\codeigniter4\framework\system\CLI\Commands.php(70): CodeIgniter\Commands\Database\Migrate->run(Array)
#9 C:\xampp\htdocs\Codeigniter_Crud\crud_v2\vendor\codeigniter4\framework\system\CLI\Console.php(48): CodeIgniter\CLI\Commands->run('migrate', Array)
#10 C:\xampp\htdocs\Codeigniter_Crud\crud_v2\vendor\codeigniter4\framework\system\Boot.php(338): CodeIgniter\CLI\Console->run()
#11 C:\xampp\htdocs\Codeigniter_Crud\crud_v2\vendor\codeigniter4\framework\system\Boot.php(104): CodeIgniter\Boot::runCommand(Object(CodeIgniter\CLI\Console))
#12 C:\xampp\htdocs\Codeigniter_Crud\crud_v2\spark(84): CodeIgniter\Boot::bootSpark(Object(Config\Paths))
#13 {main}
ERROR - 2024-05-21 02:21:34 --> mysqli_sql_exception: Can't create table `api_proyecto`.`elements` (errno: 150 "Foreign key constraint is incorrectly formed") in C:\xampp\htdocs\Codeigniter_Crud\crud_v2\vendor\codeigniter4\framework\system\Database\MySQLi\Connection.php:308
Stack trace:
#0 C:\xampp\htdocs\Codeigniter_Crud\crud_v2\vendor\codeigniter4\framework\system\Database\MySQLi\Connection.php(308): mysqli->query('CREATE TABLE `e...', 0)
#1 C:\xampp\htdocs\Codeigniter_Crud\crud_v2\vendor\codeigniter4\framework\system\Database\BaseConnection.php(722): CodeIgniter\Database\MySQLi\Connection->execute('CREATE TABLE `e...')
#2 C:\xampp\htdocs\Codeigniter_Crud\crud_v2\vendor\codeigniter4\framework\system\Database\BaseConnection.php(636): CodeIgniter\Database\BaseConnection->simpleQuery('CREATE TABLE `e...')
#3 C:\xampp\htdocs\Codeigniter_Crud\crud_v2\vendor\codeigniter4\framework\system\Database\Forge.php(570): CodeIgniter\Database\BaseConnection->query('CREATE TABLE `e...')
#4 C:\xampp\htdocs\Codeigniter_Crud\crud_v2\app\Database\Migrations\2024-05-20-210512_AddElements.php(84): CodeIgniter\Database\Forge->createTable('elements')
#5 C:\xampp\htdocs\Codeigniter_Crud\crud_v2\vendor\codeigniter4\framework\system\Database\MigrationRunner.php(867): App\Database\Migrations\AddElements->up()
#6 C:\xampp\htdocs\Codeigniter_Crud\crud_v2\vendor\codeigniter4\framework\system\Database\MigrationRunner.php(183): CodeIgniter\Database\MigrationRunner->migrate('up', Object(stdClass))
#7 C:\xampp\htdocs\Codeigniter_Crud\crud_v2\vendor\codeigniter4\framework\system\Commands\Database\Migrate.php(85): CodeIgniter\Database\MigrationRunner->latest(NULL)
#8 C:\xampp\htdocs\Codeigniter_Crud\crud_v2\vendor\codeigniter4\framework\system\CLI\Commands.php(70): CodeIgniter\Commands\Database\Migrate->run(Array)
#9 C:\xampp\htdocs\Codeigniter_Crud\crud_v2\vendor\codeigniter4\framework\system\CLI\Console.php(48): CodeIgniter\CLI\Commands->run('migrate', Array)
#10 C:\xampp\htdocs\Codeigniter_Crud\crud_v2\vendor\codeigniter4\framework\system\Boot.php(338): CodeIgniter\CLI\Console->run()
#11 C:\xampp\htdocs\Codeigniter_Crud\crud_v2\vendor\codeigniter4\framework\system\Boot.php(104): CodeIgniter\Boot::runCommand(Object(CodeIgniter\CLI\Console))
#12 C:\xampp\htdocs\Codeigniter_Crud\crud_v2\spark(84): CodeIgniter\Boot::bootSpark(Object(Config\Paths))
#13 {main}
ERROR - 2024-05-21 02:31:12 --> mysqli_sql_exception: Can't create table `api_proyecto`.`elements` (errno: 150 "Foreign key constraint is incorrectly formed") in C:\xampp\htdocs\Codeigniter_Crud\crud_v2\vendor\codeigniter4\framework\system\Database\MySQLi\Connection.php:308
Stack trace:
#0 C:\xampp\htdocs\Codeigniter_Crud\crud_v2\vendor\codeigniter4\framework\system\Database\MySQLi\Connection.php(308): mysqli->query('CREATE TABLE `e...', 0)
#1 C:\xampp\htdocs\Codeigniter_Crud\crud_v2\vendor\codeigniter4\framework\system\Database\BaseConnection.php(722): CodeIgniter\Database\MySQLi\Connection->execute('CREATE TABLE `e...')
#2 C:\xampp\htdocs\Codeigniter_Crud\crud_v2\vendor\codeigniter4\framework\system\Database\BaseConnection.php(636): CodeIgniter\Database\BaseConnection->simpleQuery('CREATE TABLE `e...')
#3 C:\xampp\htdocs\Codeigniter_Crud\crud_v2\vendor\codeigniter4\framework\system\Database\Forge.php(570): CodeIgniter\Database\BaseConnection->query('CREATE TABLE `e...')
#4 C:\xampp\htdocs\Codeigniter_Crud\crud_v2\app\Database\Migrations\2024-05-20-210512_AddElements.php(84): CodeIgniter\Database\Forge->createTable('elements')
#5 C:\xampp\htdocs\Codeigniter_Crud\crud_v2\vendor\codeigniter4\framework\system\Database\MigrationRunner.php(867): App\Database\Migrations\AddElements->up()
#6 C:\xampp\htdocs\Codeigniter_Crud\crud_v2\vendor\codeigniter4\framework\system\Database\MigrationRunner.php(183): CodeIgniter\Database\MigrationRunner->migrate('up', Object(stdClass))
#7 C:\xampp\htdocs\Codeigniter_Crud\crud_v2\vendor\codeigniter4\framework\system\Commands\Database\Migrate.php(85): CodeIgniter\Database\MigrationRunner->latest(NULL)
#8 C:\xampp\htdocs\Codeigniter_Crud\crud_v2\vendor\codeigniter4\framework\system\CLI\Commands.php(70): CodeIgniter\Commands\Database\Migrate->run(Array)
#9 C:\xampp\htdocs\Codeigniter_Crud\crud_v2\vendor\codeigniter4\framework\system\CLI\Console.php(48): CodeIgniter\CLI\Commands->run('migrate', Array)
#10 C:\xampp\htdocs\Codeigniter_Crud\crud_v2\vendor\codeigniter4\framework\system\Boot.php(338): CodeIgniter\CLI\Console->run()
#11 C:\xampp\htdocs\Codeigniter_Crud\crud_v2\vendor\codeigniter4\framework\system\Boot.php(104): CodeIgniter\Boot::runCommand(Object(CodeIgniter\CLI\Console))
#12 C:\xampp\htdocs\Codeigniter_Crud\crud_v2\spark(84): CodeIgniter\Boot::bootSpark(Object(Config\Paths))
#13 {main}
ERROR - 2024-05-21 02:32:24 --> mysqli_sql_exception: Can't create table `api_proyecto`.`elements` (errno: 150 "Foreign key constraint is incorrectly formed") in C:\xampp\htdocs\Codeigniter_Crud\crud_v2\vendor\codeigniter4\framework\system\Database\MySQLi\Connection.php:308
Stack trace:
#0 C:\xampp\htdocs\Codeigniter_Crud\crud_v2\vendor\codeigniter4\framework\system\Database\MySQLi\Connection.php(308): mysqli->query('CREATE TABLE `e...', 0)
#1 C:\xampp\htdocs\Codeigniter_Crud\crud_v2\vendor\codeigniter4\framework\system\Database\BaseConnection.php(722): CodeIgniter\Database\MySQLi\Connection->execute('CREATE TABLE `e...')
#2 C:\xampp\htdocs\Codeigniter_Crud\crud_v2\vendor\codeigniter4\framework\system\Database\BaseConnection.php(636): CodeIgniter\Database\BaseConnection->simpleQuery('CREATE TABLE `e...')
#3 C:\xampp\htdocs\Codeigniter_Crud\crud_v2\vendor\codeigniter4\framework\system\Database\Forge.php(570): CodeIgniter\Database\BaseConnection->query('CREATE TABLE `e...')
#4 C:\xampp\htdocs\Codeigniter_Crud\crud_v2\app\Database\Migrations\2024-05-20-210512_AddElements.php(84): CodeIgniter\Database\Forge->createTable('elements')
#5 C:\xampp\htdocs\Codeigniter_Crud\crud_v2\vendor\codeigniter4\framework\system\Database\MigrationRunner.php(867): App\Database\Migrations\AddElements->up()
#6 C:\xampp\htdocs\Codeigniter_Crud\crud_v2\vendor\codeigniter4\framework\system\Database\MigrationRunner.php(183): CodeIgniter\Database\MigrationRunner->migrate('up', Object(stdClass))
#7 C:\xampp\htdocs\Codeigniter_Crud\crud_v2\vendor\codeigniter4\framework\system\Commands\Database\Migrate.php(85): CodeIgniter\Database\MigrationRunner->latest(NULL)
#8 C:\xampp\htdocs\Codeigniter_Crud\crud_v2\vendor\codeigniter4\framework\system\CLI\Commands.php(70): CodeIgniter\Commands\Database\Migrate->run(Array)
#9 C:\xampp\htdocs\Codeigniter_Crud\crud_v2\vendor\codeigniter4\framework\system\CLI\Console.php(48): CodeIgniter\CLI\Commands->run('migrate', Array)
#10 C:\xampp\htdocs\Codeigniter_Crud\crud_v2\vendor\codeigniter4\framework\system\Boot.php(338): CodeIgniter\CLI\Console->run()
#11 C:\xampp\htdocs\Codeigniter_Crud\crud_v2\vendor\codeigniter4\framework\system\Boot.php(104): CodeIgniter\Boot::runCommand(Object(CodeIgniter\CLI\Console))
#12 C:\xampp\htdocs\Codeigniter_Crud\crud_v2\spark(84): CodeIgniter\Boot::bootSpark(Object(Config\Paths))
#13 {main}
ERROR - 2024-05-21 02:41:06 --> mysqli_sql_exception: Can't create table `api_proyecto`.`elements` (errno: 150 "Foreign key constraint is incorrectly formed") in C:\xampp\htdocs\Codeigniter_Crud\crud_v2\vendor\codeigniter4\framework\system\Database\MySQLi\Connection.php:308
Stack trace:
#0 C:\xampp\htdocs\Codeigniter_Crud\crud_v2\vendor\codeigniter4\framework\system\Database\MySQLi\Connection.php(308): mysqli->query('CREATE TABLE `e...', 0)
#1 C:\xampp\htdocs\Codeigniter_Crud\crud_v2\vendor\codeigniter4\framework\system\Database\BaseConnection.php(722): CodeIgniter\Database\MySQLi\Connection->execute('CREATE TABLE `e...')
#2 C:\xampp\htdocs\Codeigniter_Crud\crud_v2\vendor\codeigniter4\framework\system\Database\BaseConnection.php(636): CodeIgniter\Database\BaseConnection->simpleQuery('CREATE TABLE `e...')
#3 C:\xampp\htdocs\Codeigniter_Crud\crud_v2\vendor\codeigniter4\framework\system\Database\Forge.php(570): CodeIgniter\Database\BaseConnection->query('CREATE TABLE `e...')
#4 C:\xampp\htdocs\Codeigniter_Crud\crud_v2\app\Database\Migrations\2024-05-20-210512_AddElements.php(84): CodeIgniter\Database\Forge->createTable('elements')
#5 C:\xampp\htdocs\Codeigniter_Crud\crud_v2\vendor\codeigniter4\framework\system\Database\MigrationRunner.php(867): App\Database\Migrations\AddElements->up()
#6 C:\xampp\htdocs\Codeigniter_Crud\crud_v2\vendor\codeigniter4\framework\system\Database\MigrationRunner.php(183): CodeIgniter\Database\MigrationRunner->migrate('up', Object(stdClass))
#7 C:\xampp\htdocs\Codeigniter_Crud\crud_v2\vendor\codeigniter4\framework\system\Commands\Database\Migrate.php(85): CodeIgniter\Database\MigrationRunner->latest(NULL)
#8 C:\xampp\htdocs\Codeigniter_Crud\crud_v2\vendor\codeigniter4\framework\system\CLI\Commands.php(70): CodeIgniter\Commands\Database\Migrate->run(Array)
#9 C:\xampp\htdocs\Codeigniter_Crud\crud_v2\vendor\codeigniter4\framework\system\CLI\Console.php(48): CodeIgniter\CLI\Commands->run('migrate', Array)
#10 C:\xampp\htdocs\Codeigniter_Crud\crud_v2\vendor\codeigniter4\framework\system\Boot.php(338): CodeIgniter\CLI\Console->run()
#11 C:\xampp\htdocs\Codeigniter_Crud\crud_v2\vendor\codeigniter4\framework\system\Boot.php(104): CodeIgniter\Boot::runCommand(Object(CodeIgniter\CLI\Console))
#12 C:\xampp\htdocs\Codeigniter_Crud\crud_v2\spark(84): CodeIgniter\Boot::bootSpark(Object(Config\Paths))
#13 {main}
ERROR - 2024-05-21 02:48:18 --> mysqli_sql_exception: Table 'modules' already exists in C:\xampp\htdocs\Codeigniter_Crud\crud_v2\vendor\codeigniter4\framework\system\Database\MySQLi\Connection.php:308
Stack trace:
#0 C:\xampp\htdocs\Codeigniter_Crud\crud_v2\vendor\codeigniter4\framework\system\Database\MySQLi\Connection.php(308): mysqli->query('CREATE TABLE `m...', 0)
#1 C:\xampp\htdocs\Codeigniter_Crud\crud_v2\vendor\codeigniter4\framework\system\Database\BaseConnection.php(722): CodeIgniter\Database\MySQLi\Connection->execute('CREATE TABLE `m...')
#2 C:\xampp\htdocs\Codeigniter_Crud\crud_v2\vendor\codeigniter4\framework\system\Database\BaseConnection.php(636): CodeIgniter\Database\BaseConnection->simpleQuery('CREATE TABLE `m...')
#3 C:\xampp\htdocs\Codeigniter_Crud\crud_v2\vendor\codeigniter4\framework\system\Database\Forge.php(570): CodeIgniter\Database\BaseConnection->query('CREATE TABLE `m...')
#4 C:\xampp\htdocs\Codeigniter_Crud\crud_v2\app\Database\Migrations\2024-05-20-210437_AddModules.php(60): CodeIgniter\Database\Forge->createTable('modules')
#5 C:\xampp\htdocs\Codeigniter_Crud\crud_v2\vendor\codeigniter4\framework\system\Database\MigrationRunner.php(867): App\Database\Migrations\AddModules->up()
#6 C:\xampp\htdocs\Codeigniter_Crud\crud_v2\vendor\codeigniter4\framework\system\Database\MigrationRunner.php(183): CodeIgniter\Database\MigrationRunner->migrate('up', Object(stdClass))
#7 C:\xampp\htdocs\Codeigniter_Crud\crud_v2\vendor\codeigniter4\framework\system\Commands\Database\Migrate.php(85): CodeIgniter\Database\MigrationRunner->latest(NULL)
#8 C:\xampp\htdocs\Codeigniter_Crud\crud_v2\vendor\codeigniter4\framework\system\CLI\Commands.php(70): CodeIgniter\Commands\Database\Migrate->run(Array)
#9 C:\xampp\htdocs\Codeigniter_Crud\crud_v2\vendor\codeigniter4\framework\system\CLI\BaseCommand.php(119): CodeIgniter\CLI\Commands->run('migrate', Array)
#10 C:\xampp\htdocs\Codeigniter_Crud\crud_v2\vendor\codeigniter4\framework\system\Commands\Database\MigrateRefresh.php(87): CodeIgniter\CLI\BaseCommand->call('migrate', Array)
#11 C:\xampp\htdocs\Codeigniter_Crud\crud_v2\vendor\codeigniter4\framework\system\CLI\Commands.php(70): CodeIgniter\Commands\Database\MigrateRefresh->run(Array)
#12 C:\xampp\htdocs\Codeigniter_Crud\crud_v2\vendor\codeigniter4\framework\system\CLI\Console.php(48): CodeIgniter\CLI\Commands->run('migrate:refresh', Array)
#13 C:\xampp\htdocs\Codeigniter_Crud\crud_v2\vendor\codeigniter4\framework\system\Boot.php(338): CodeIgniter\CLI\Console->run()
#14 C:\xampp\htdocs\Codeigniter_Crud\crud_v2\vendor\codeigniter4\framework\system\Boot.php(104): CodeIgniter\Boot::runCommand(Object(CodeIgniter\CLI\Console))
#15 C:\xampp\htdocs\Codeigniter_Crud\crud_v2\spark(84): CodeIgniter\Boot::bootSpark(Object(Config\Paths))
#16 {main}
