CRITICAL - 2024-05-19 22:51:19 --> Error: Class "CodeIgntier\Controller" not found
[Method: GET, Route: userStatus/]
in APPPATH\Controllers\UserStatus.php on line 13.
 1 VENDORPATH\composer\ClassLoader.php(576): include()
 2 VENDORPATH\composer\ClassLoader.php(427): Composer\Autoload\{closure}('C:\\xampp\\htdocs\\Codeigniter_Crud\\crud_v2\\vendor\\composer/../../app\\Controllers\\UserStatus.php')
 3 [internal function]: Composer\Autoload\ClassLoader->loadClass('App\\Controllers\\UserStatus')
 4 SYSTEMPATH\CodeIgniter.php(887): class_exists('\\App\\Controllers\\UserStatus', true)
 5 SYSTEMPATH\CodeIgniter.php(496): CodeIgniter\CodeIgniter->startController()
 6 SYSTEMPATH\CodeIgniter.php(355): CodeIgniter\CodeIgniter->handleRequest(null, Object(Config\Cache), false)
 7 SYSTEMPATH\Boot.php(312): CodeIgniter\CodeIgniter->run()
 8 SYSTEMPATH\Boot.php(67): CodeIgniter\Boot::runCodeIgniter(Object(CodeIgniter\CodeIgniter))
 9 FCPATH\index.php(56): CodeIgniter\Boot::bootWeb(Object(Config\Paths))
10 SYSTEMPATH\Commands\Server\rewrite.php(49): require_once('C:\\xampp\\htdocs\\Codeigniter_Crud\\crud_v2\\public\\index.php')
CRITICAL - 2024-05-19 22:53:13 --> Error: Class "CodeIgntier\Controller" not found
[Method: GET, Route: userStatus/]
in APPPATH\Controllers\UserStatus.php on line 13.
 1 VENDORPATH\composer\ClassLoader.php(576): include()
 2 VENDORPATH\composer\ClassLoader.php(427): Composer\Autoload\{closure}('C:\\xampp\\htdocs\\Codeigniter_Crud\\crud_v2\\vendor\\composer/../../app/Controllers/UserStatus.php')
 3 [internal function]: Composer\Autoload\ClassLoader->loadClass('App\\Controllers\\UserStatus')
 4 SYSTEMPATH\CodeIgniter.php(887): class_exists('\\App\\Controllers\\UserStatus', true)
 5 SYSTEMPATH\CodeIgniter.php(496): CodeIgniter\CodeIgniter->startController()
 6 SYSTEMPATH\CodeIgniter.php(355): CodeIgniter\CodeIgniter->handleRequest(null, Object(Config\Cache), false)
 7 SYSTEMPATH\Boot.php(312): CodeIgniter\CodeIgniter->run()
 8 SYSTEMPATH\Boot.php(67): CodeIgniter\Boot::runCodeIgniter(Object(CodeIgniter\CodeIgniter))
 9 FCPATH\index.php(56): CodeIgniter\Boot::bootWeb(Object(Config\Paths))
10 SYSTEMPATH\Commands\Server\rewrite.php(49): require_once('C:\\xampp\\htdocs\\Codeigniter_Crud\\crud_v2\\public\\index.php')
CRITICAL - 2024-05-19 22:53:13 --> Error: Class "CodeIgntier\Controller" not found
[Method: GET, Route: userStatus/]
in APPPATH\Controllers\UserStatus.php on line 13.
 1 VENDORPATH\composer\ClassLoader.php(576): include()
 2 VENDORPATH\composer\ClassLoader.php(427): Composer\Autoload\{closure}('C:\\xampp\\htdocs\\Codeigniter_Crud\\crud_v2\\vendor\\composer/../../app/Controllers/UserStatus.php')
 3 [internal function]: Composer\Autoload\ClassLoader->loadClass('App\\Controllers\\UserStatus')
 4 SYSTEMPATH\CodeIgniter.php(887): class_exists('\\App\\Controllers\\UserStatus', true)
 5 SYSTEMPATH\CodeIgniter.php(496): CodeIgniter\CodeIgniter->startController()
 6 SYSTEMPATH\CodeIgniter.php(355): CodeIgniter\CodeIgniter->handleRequest(null, Object(Config\Cache), false)
 7 SYSTEMPATH\Boot.php(312): CodeIgniter\CodeIgniter->run()
 8 SYSTEMPATH\Boot.php(67): CodeIgniter\Boot::runCodeIgniter(Object(CodeIgniter\CodeIgniter))
 9 FCPATH\index.php(56): CodeIgniter\Boot::bootWeb(Object(Config\Paths))
10 SYSTEMPATH\Commands\Server\rewrite.php(49): require_once('C:\\xampp\\htdocs\\Codeigniter_Crud\\crud_v2\\public\\index.php')
CRITICAL - 2024-05-19 22:53:14 --> Error: Class "CodeIgntier\Controller" not found
[Method: GET, Route: userStatus/]
in APPPATH\Controllers\UserStatus.php on line 13.
 1 VENDORPATH\composer\ClassLoader.php(576): include()
 2 VENDORPATH\composer\ClassLoader.php(427): Composer\Autoload\{closure}('C:\\xampp\\htdocs\\Codeigniter_Crud\\crud_v2\\vendor\\composer/../../app/Controllers/UserStatus.php')
 3 [internal function]: Composer\Autoload\ClassLoader->loadClass('App\\Controllers\\UserStatus')
 4 SYSTEMPATH\CodeIgniter.php(887): class_exists('\\App\\Controllers\\UserStatus', true)
 5 SYSTEMPATH\CodeIgniter.php(496): CodeIgniter\CodeIgniter->startController()
 6 SYSTEMPATH\CodeIgniter.php(355): CodeIgniter\CodeIgniter->handleRequest(null, Object(Config\Cache), false)
 7 SYSTEMPATH\Boot.php(312): CodeIgniter\CodeIgniter->run()
 8 SYSTEMPATH\Boot.php(67): CodeIgniter\Boot::runCodeIgniter(Object(CodeIgniter\CodeIgniter))
 9 FCPATH\index.php(56): CodeIgniter\Boot::bootWeb(Object(Config\Paths))
10 SYSTEMPATH\Commands\Server\rewrite.php(49): require_once('C:\\xampp\\htdocs\\Codeigniter_Crud\\crud_v2\\public\\index.php')
CRITICAL - 2024-05-19 22:53:14 --> Error: Class "CodeIgntier\Controller" not found
[Method: GET, Route: userStatus/]
in APPPATH\Controllers\UserStatus.php on line 13.
 1 VENDORPATH\composer\ClassLoader.php(576): include()
 2 VENDORPATH\composer\ClassLoader.php(427): Composer\Autoload\{closure}('C:\\xampp\\htdocs\\Codeigniter_Crud\\crud_v2\\vendor\\composer/../../app/Controllers/UserStatus.php')
 3 [internal function]: Composer\Autoload\ClassLoader->loadClass('App\\Controllers\\UserStatus')
 4 SYSTEMPATH\CodeIgniter.php(887): class_exists('\\App\\Controllers\\UserStatus', true)
 5 SYSTEMPATH\CodeIgniter.php(496): CodeIgniter\CodeIgniter->startController()
 6 SYSTEMPATH\CodeIgniter.php(355): CodeIgniter\CodeIgniter->handleRequest(null, Object(Config\Cache), false)
 7 SYSTEMPATH\Boot.php(312): CodeIgniter\CodeIgniter->run()
 8 SYSTEMPATH\Boot.php(67): CodeIgniter\Boot::runCodeIgniter(Object(CodeIgniter\CodeIgniter))
 9 FCPATH\index.php(56): CodeIgniter\Boot::bootWeb(Object(Config\Paths))
10 SYSTEMPATH\Commands\Server\rewrite.php(49): require_once('C:\\xampp\\htdocs\\Codeigniter_Crud\\crud_v2\\public\\index.php')
CRITICAL - 2024-05-19 22:53:15 --> Error: Class "CodeIgntier\Controller" not found
[Method: GET, Route: userStatus/]
in APPPATH\Controllers\UserStatus.php on line 13.
 1 VENDORPATH\composer\ClassLoader.php(576): include()
 2 VENDORPATH\composer\ClassLoader.php(427): Composer\Autoload\{closure}('C:\\xampp\\htdocs\\Codeigniter_Crud\\crud_v2\\vendor\\composer/../../app/Controllers/UserStatus.php')
 3 [internal function]: Composer\Autoload\ClassLoader->loadClass('App\\Controllers\\UserStatus')
 4 SYSTEMPATH\CodeIgniter.php(887): class_exists('\\App\\Controllers\\UserStatus', true)
 5 SYSTEMPATH\CodeIgniter.php(496): CodeIgniter\CodeIgniter->startController()
 6 SYSTEMPATH\CodeIgniter.php(355): CodeIgniter\CodeIgniter->handleRequest(null, Object(Config\Cache), false)
 7 SYSTEMPATH\Boot.php(312): CodeIgniter\CodeIgniter->run()
 8 SYSTEMPATH\Boot.php(67): CodeIgniter\Boot::runCodeIgniter(Object(CodeIgniter\CodeIgniter))
 9 FCPATH\index.php(56): CodeIgniter\Boot::bootWeb(Object(Config\Paths))
10 SYSTEMPATH\Commands\Server\rewrite.php(49): require_once('C:\\xampp\\htdocs\\Codeigniter_Crud\\crud_v2\\public\\index.php')
CRITICAL - 2024-05-19 22:53:15 --> Error: Class "CodeIgntier\Controller" not found
[Method: GET, Route: userStatus/]
in APPPATH\Controllers\UserStatus.php on line 13.
 1 VENDORPATH\composer\ClassLoader.php(576): include()
 2 VENDORPATH\composer\ClassLoader.php(427): Composer\Autoload\{closure}('C:\\xampp\\htdocs\\Codeigniter_Crud\\crud_v2\\vendor\\composer/../../app/Controllers/UserStatus.php')
 3 [internal function]: Composer\Autoload\ClassLoader->loadClass('App\\Controllers\\UserStatus')
 4 SYSTEMPATH\CodeIgniter.php(887): class_exists('\\App\\Controllers\\UserStatus', true)
 5 SYSTEMPATH\CodeIgniter.php(496): CodeIgniter\CodeIgniter->startController()
 6 SYSTEMPATH\CodeIgniter.php(355): CodeIgniter\CodeIgniter->handleRequest(null, Object(Config\Cache), false)
 7 SYSTEMPATH\Boot.php(312): CodeIgniter\CodeIgniter->run()
 8 SYSTEMPATH\Boot.php(67): CodeIgniter\Boot::runCodeIgniter(Object(CodeIgniter\CodeIgniter))
 9 FCPATH\index.php(56): CodeIgniter\Boot::bootWeb(Object(Config\Paths))
10 SYSTEMPATH\Commands\Server\rewrite.php(49): require_once('C:\\xampp\\htdocs\\Codeigniter_Crud\\crud_v2\\public\\index.php')
CRITICAL - 2024-05-19 22:53:15 --> Error: Class "CodeIgntier\Controller" not found
[Method: GET, Route: userStatus/]
in APPPATH\Controllers\UserStatus.php on line 13.
 1 VENDORPATH\composer\ClassLoader.php(576): include()
 2 VENDORPATH\composer\ClassLoader.php(427): Composer\Autoload\{closure}('C:\\xampp\\htdocs\\Codeigniter_Crud\\crud_v2\\vendor\\composer/../../app/Controllers/UserStatus.php')
 3 [internal function]: Composer\Autoload\ClassLoader->loadClass('App\\Controllers\\UserStatus')
 4 SYSTEMPATH\CodeIgniter.php(887): class_exists('\\App\\Controllers\\UserStatus', true)
 5 SYSTEMPATH\CodeIgniter.php(496): CodeIgniter\CodeIgniter->startController()
 6 SYSTEMPATH\CodeIgniter.php(355): CodeIgniter\CodeIgniter->handleRequest(null, Object(Config\Cache), false)
 7 SYSTEMPATH\Boot.php(312): CodeIgniter\CodeIgniter->run()
 8 SYSTEMPATH\Boot.php(67): CodeIgniter\Boot::runCodeIgniter(Object(CodeIgniter\CodeIgniter))
 9 FCPATH\index.php(56): CodeIgniter\Boot::bootWeb(Object(Config\Paths))
10 SYSTEMPATH\Commands\Server\rewrite.php(49): require_once('C:\\xampp\\htdocs\\Codeigniter_Crud\\crud_v2\\public\\index.php')
CRITICAL - 2024-05-19 22:53:17 --> Error: Class "CodeIgntier\Controller" not found
[Method: GET, Route: userStatus/]
in APPPATH\Controllers\UserStatus.php on line 13.
 1 VENDORPATH\composer\ClassLoader.php(576): include()
 2 VENDORPATH\composer\ClassLoader.php(427): Composer\Autoload\{closure}('C:\\xampp\\htdocs\\Codeigniter_Crud\\crud_v2\\vendor\\composer/../../app/Controllers/UserStatus.php')
 3 [internal function]: Composer\Autoload\ClassLoader->loadClass('App\\Controllers\\UserStatus')
 4 SYSTEMPATH\CodeIgniter.php(887): class_exists('\\App\\Controllers\\UserStatus', true)
 5 SYSTEMPATH\CodeIgniter.php(496): CodeIgniter\CodeIgniter->startController()
 6 SYSTEMPATH\CodeIgniter.php(355): CodeIgniter\CodeIgniter->handleRequest(null, Object(Config\Cache), false)
 7 SYSTEMPATH\Boot.php(312): CodeIgniter\CodeIgniter->run()
 8 SYSTEMPATH\Boot.php(67): CodeIgniter\Boot::runCodeIgniter(Object(CodeIgniter\CodeIgniter))
 9 FCPATH\index.php(56): CodeIgniter\Boot::bootWeb(Object(Config\Paths))
10 SYSTEMPATH\Commands\Server\rewrite.php(49): require_once('C:\\xampp\\htdocs\\Codeigniter_Crud\\crud_v2\\public\\index.php')
CRITICAL - 2024-05-19 22:53:17 --> Error: Class "CodeIgntier\Controller" not found
[Method: GET, Route: userStatus/]
in APPPATH\Controllers\UserStatus.php on line 13.
 1 VENDORPATH\composer\ClassLoader.php(576): include()
 2 VENDORPATH\composer\ClassLoader.php(427): Composer\Autoload\{closure}('C:\\xampp\\htdocs\\Codeigniter_Crud\\crud_v2\\vendor\\composer/../../app/Controllers/UserStatus.php')
 3 [internal function]: Composer\Autoload\ClassLoader->loadClass('App\\Controllers\\UserStatus')
 4 SYSTEMPATH\CodeIgniter.php(887): class_exists('\\App\\Controllers\\UserStatus', true)
 5 SYSTEMPATH\CodeIgniter.php(496): CodeIgniter\CodeIgniter->startController()
 6 SYSTEMPATH\CodeIgniter.php(355): CodeIgniter\CodeIgniter->handleRequest(null, Object(Config\Cache), false)
 7 SYSTEMPATH\Boot.php(312): CodeIgniter\CodeIgniter->run()
 8 SYSTEMPATH\Boot.php(67): CodeIgniter\Boot::runCodeIgniter(Object(CodeIgniter\CodeIgniter))
 9 FCPATH\index.php(56): CodeIgniter\Boot::bootWeb(Object(Config\Paths))
10 SYSTEMPATH\Commands\Server\rewrite.php(49): require_once('C:\\xampp\\htdocs\\Codeigniter_Crud\\crud_v2\\public\\index.php')
CRITICAL - 2024-05-19 22:53:17 --> Error: Class "CodeIgntier\Controller" not found
[Method: GET, Route: userStatus/]
in APPPATH\Controllers\UserStatus.php on line 13.
 1 VENDORPATH\composer\ClassLoader.php(576): include()
 2 VENDORPATH\composer\ClassLoader.php(427): Composer\Autoload\{closure}('C:\\xampp\\htdocs\\Codeigniter_Crud\\crud_v2\\vendor\\composer/../../app/Controllers/UserStatus.php')
 3 [internal function]: Composer\Autoload\ClassLoader->loadClass('App\\Controllers\\UserStatus')
 4 SYSTEMPATH\CodeIgniter.php(887): class_exists('\\App\\Controllers\\UserStatus', true)
 5 SYSTEMPATH\CodeIgniter.php(496): CodeIgniter\CodeIgniter->startController()
 6 SYSTEMPATH\CodeIgniter.php(355): CodeIgniter\CodeIgniter->handleRequest(null, Object(Config\Cache), false)
 7 SYSTEMPATH\Boot.php(312): CodeIgniter\CodeIgniter->run()
 8 SYSTEMPATH\Boot.php(67): CodeIgniter\Boot::runCodeIgniter(Object(CodeIgniter\CodeIgniter))
 9 FCPATH\index.php(56): CodeIgniter\Boot::bootWeb(Object(Config\Paths))
10 SYSTEMPATH\Commands\Server\rewrite.php(49): require_once('C:\\xampp\\htdocs\\Codeigniter_Crud\\crud_v2\\public\\index.php')
CRITICAL - 2024-05-19 22:53:18 --> Error: Class "CodeIgntier\Controller" not found
[Method: GET, Route: userStatus/]
in APPPATH\Controllers\UserStatus.php on line 13.
 1 VENDORPATH\composer\ClassLoader.php(576): include()
 2 VENDORPATH\composer\ClassLoader.php(427): Composer\Autoload\{closure}('C:\\xampp\\htdocs\\Codeigniter_Crud\\crud_v2\\vendor\\composer/../../app/Controllers/UserStatus.php')
 3 [internal function]: Composer\Autoload\ClassLoader->loadClass('App\\Controllers\\UserStatus')
 4 SYSTEMPATH\CodeIgniter.php(887): class_exists('\\App\\Controllers\\UserStatus', true)
 5 SYSTEMPATH\CodeIgniter.php(496): CodeIgniter\CodeIgniter->startController()
 6 SYSTEMPATH\CodeIgniter.php(355): CodeIgniter\CodeIgniter->handleRequest(null, Object(Config\Cache), false)
 7 SYSTEMPATH\Boot.php(312): CodeIgniter\CodeIgniter->run()
 8 SYSTEMPATH\Boot.php(67): CodeIgniter\Boot::runCodeIgniter(Object(CodeIgniter\CodeIgniter))
 9 FCPATH\index.php(56): CodeIgniter\Boot::bootWeb(Object(Config\Paths))
10 SYSTEMPATH\Commands\Server\rewrite.php(49): require_once('C:\\xampp\\htdocs\\Codeigniter_Crud\\crud_v2\\public\\index.php')
CRITICAL - 2024-05-19 22:53:18 --> Error: Class "CodeIgntier\Controller" not found
[Method: GET, Route: userStatus/]
in APPPATH\Controllers\UserStatus.php on line 13.
 1 VENDORPATH\composer\ClassLoader.php(576): include()
 2 VENDORPATH\composer\ClassLoader.php(427): Composer\Autoload\{closure}('C:\\xampp\\htdocs\\Codeigniter_Crud\\crud_v2\\vendor\\composer/../../app/Controllers/UserStatus.php')
 3 [internal function]: Composer\Autoload\ClassLoader->loadClass('App\\Controllers\\UserStatus')
 4 SYSTEMPATH\CodeIgniter.php(887): class_exists('\\App\\Controllers\\UserStatus', true)
 5 SYSTEMPATH\CodeIgniter.php(496): CodeIgniter\CodeIgniter->startController()
 6 SYSTEMPATH\CodeIgniter.php(355): CodeIgniter\CodeIgniter->handleRequest(null, Object(Config\Cache), false)
 7 SYSTEMPATH\Boot.php(312): CodeIgniter\CodeIgniter->run()
 8 SYSTEMPATH\Boot.php(67): CodeIgniter\Boot::runCodeIgniter(Object(CodeIgniter\CodeIgniter))
 9 FCPATH\index.php(56): CodeIgniter\Boot::bootWeb(Object(Config\Paths))
10 SYSTEMPATH\Commands\Server\rewrite.php(49): require_once('C:\\xampp\\htdocs\\Codeigniter_Crud\\crud_v2\\public\\index.php')
CRITICAL - 2024-05-19 22:53:18 --> Error: Class "CodeIgntier\Controller" not found
[Method: GET, Route: userStatus/]
in APPPATH\Controllers\UserStatus.php on line 13.
 1 VENDORPATH\composer\ClassLoader.php(576): include()
 2 VENDORPATH\composer\ClassLoader.php(427): Composer\Autoload\{closure}('C:\\xampp\\htdocs\\Codeigniter_Crud\\crud_v2\\vendor\\composer/../../app/Controllers/UserStatus.php')
 3 [internal function]: Composer\Autoload\ClassLoader->loadClass('App\\Controllers\\UserStatus')
 4 SYSTEMPATH\CodeIgniter.php(887): class_exists('\\App\\Controllers\\UserStatus', true)
 5 SYSTEMPATH\CodeIgniter.php(496): CodeIgniter\CodeIgniter->startController()
 6 SYSTEMPATH\CodeIgniter.php(355): CodeIgniter\CodeIgniter->handleRequest(null, Object(Config\Cache), false)
 7 SYSTEMPATH\Boot.php(312): CodeIgniter\CodeIgniter->run()
 8 SYSTEMPATH\Boot.php(67): CodeIgniter\Boot::runCodeIgniter(Object(CodeIgniter\CodeIgniter))
 9 FCPATH\index.php(56): CodeIgniter\Boot::bootWeb(Object(Config\Paths))
10 SYSTEMPATH\Commands\Server\rewrite.php(49): require_once('C:\\xampp\\htdocs\\Codeigniter_Crud\\crud_v2\\public\\index.php')
CRITICAL - 2024-05-19 22:53:18 --> Error: Class "CodeIgntier\Controller" not found
[Method: GET, Route: userStatus/]
in APPPATH\Controllers\UserStatus.php on line 13.
 1 VENDORPATH\composer\ClassLoader.php(576): include()
 2 VENDORPATH\composer\ClassLoader.php(427): Composer\Autoload\{closure}('C:\\xampp\\htdocs\\Codeigniter_Crud\\crud_v2\\vendor\\composer/../../app/Controllers/UserStatus.php')
 3 [internal function]: Composer\Autoload\ClassLoader->loadClass('App\\Controllers\\UserStatus')
 4 SYSTEMPATH\CodeIgniter.php(887): class_exists('\\App\\Controllers\\UserStatus', true)
 5 SYSTEMPATH\CodeIgniter.php(496): CodeIgniter\CodeIgniter->startController()
 6 SYSTEMPATH\CodeIgniter.php(355): CodeIgniter\CodeIgniter->handleRequest(null, Object(Config\Cache), false)
 7 SYSTEMPATH\Boot.php(312): CodeIgniter\CodeIgniter->run()
 8 SYSTEMPATH\Boot.php(67): CodeIgniter\Boot::runCodeIgniter(Object(CodeIgniter\CodeIgniter))
 9 FCPATH\index.php(56): CodeIgniter\Boot::bootWeb(Object(Config\Paths))
10 SYSTEMPATH\Commands\Server\rewrite.php(49): require_once('C:\\xampp\\htdocs\\Codeigniter_Crud\\crud_v2\\public\\index.php')
CRITICAL - 2024-05-19 23:00:53 --> Error: Class "CodeIgntier\Controller" not found
[Method: GET, Route: userStatus/]
in APPPATH\Controllers\UserStatus.php on line 13.
 1 VENDORPATH\composer\ClassLoader.php(576): include()
 2 VENDORPATH\composer\ClassLoader.php(427): Composer\Autoload\{closure}('C:\\xampp\\htdocs\\Codeigniter_Crud\\crud_v2\\vendor\\composer/../../app/Controllers/UserStatus.php')
 3 [internal function]: Composer\Autoload\ClassLoader->loadClass('App\\Controllers\\UserStatus')
 4 SYSTEMPATH\CodeIgniter.php(887): class_exists('\\App\\Controllers\\UserStatus', true)
 5 SYSTEMPATH\CodeIgniter.php(496): CodeIgniter\CodeIgniter->startController()
 6 SYSTEMPATH\CodeIgniter.php(355): CodeIgniter\CodeIgniter->handleRequest(null, Object(Config\Cache), false)
 7 SYSTEMPATH\Boot.php(312): CodeIgniter\CodeIgniter->run()
 8 SYSTEMPATH\Boot.php(67): CodeIgniter\Boot::runCodeIgniter(Object(CodeIgniter\CodeIgniter))
 9 FCPATH\index.php(56): CodeIgniter\Boot::bootWeb(Object(Config\Paths))
10 SYSTEMPATH\Commands\Server\rewrite.php(49): require_once('C:\\xampp\\htdocs\\Codeigniter_Crud\\crud_v2\\public\\index.php')
CRITICAL - 2024-05-19 23:00:53 --> Error: Class "CodeIgntier\Controller" not found
[Method: GET, Route: userStatus/]
in APPPATH\Controllers\UserStatus.php on line 13.
 1 VENDORPATH\composer\ClassLoader.php(576): include()
 2 VENDORPATH\composer\ClassLoader.php(427): Composer\Autoload\{closure}('C:\\xampp\\htdocs\\Codeigniter_Crud\\crud_v2\\vendor\\composer/../../app/Controllers/UserStatus.php')
 3 [internal function]: Composer\Autoload\ClassLoader->loadClass('App\\Controllers\\UserStatus')
 4 SYSTEMPATH\CodeIgniter.php(887): class_exists('\\App\\Controllers\\UserStatus', true)
 5 SYSTEMPATH\CodeIgniter.php(496): CodeIgniter\CodeIgniter->startController()
 6 SYSTEMPATH\CodeIgniter.php(355): CodeIgniter\CodeIgniter->handleRequest(null, Object(Config\Cache), false)
 7 SYSTEMPATH\Boot.php(312): CodeIgniter\CodeIgniter->run()
 8 SYSTEMPATH\Boot.php(67): CodeIgniter\Boot::runCodeIgniter(Object(CodeIgniter\CodeIgniter))
 9 FCPATH\index.php(56): CodeIgniter\Boot::bootWeb(Object(Config\Paths))
10 SYSTEMPATH\Commands\Server\rewrite.php(49): require_once('C:\\xampp\\htdocs\\Codeigniter_Crud\\crud_v2\\public\\index.php')
CRITICAL - 2024-05-19 23:00:54 --> Error: Class "CodeIgntier\Controller" not found
[Method: GET, Route: userStatus/]
in APPPATH\Controllers\UserStatus.php on line 13.
 1 VENDORPATH\composer\ClassLoader.php(576): include()
 2 VENDORPATH\composer\ClassLoader.php(427): Composer\Autoload\{closure}('C:\\xampp\\htdocs\\Codeigniter_Crud\\crud_v2\\vendor\\composer/../../app/Controllers/UserStatus.php')
 3 [internal function]: Composer\Autoload\ClassLoader->loadClass('App\\Controllers\\UserStatus')
 4 SYSTEMPATH\CodeIgniter.php(887): class_exists('\\App\\Controllers\\UserStatus', true)
 5 SYSTEMPATH\CodeIgniter.php(496): CodeIgniter\CodeIgniter->startController()
 6 SYSTEMPATH\CodeIgniter.php(355): CodeIgniter\CodeIgniter->handleRequest(null, Object(Config\Cache), false)
 7 SYSTEMPATH\Boot.php(312): CodeIgniter\CodeIgniter->run()
 8 SYSTEMPATH\Boot.php(67): CodeIgniter\Boot::runCodeIgniter(Object(CodeIgniter\CodeIgniter))
 9 FCPATH\index.php(56): CodeIgniter\Boot::bootWeb(Object(Config\Paths))
10 SYSTEMPATH\Commands\Server\rewrite.php(49): require_once('C:\\xampp\\htdocs\\Codeigniter_Crud\\crud_v2\\public\\index.php')
