CRITICAL - 2024-05-14 00:04:54 --> Error: Class "CodeIgntier\Controller" not found
[Method: GET, Route: userStatus]
in APPPATH\Controllers\UserStatus.php on line 13.
 1 VENDORPATH\composer\ClassLoader.php(576): include()
 2 VENDORPATH\composer\ClassLoader.php(427): Composer\Autoload\{closure}('C:\\xampp\\htdocs\\Codeigniter_Crud\\crud_v2\\vendor\\composer/../../app\\Controllers\\UserStatus.php')
 3 [internal function]: Composer\Autoload\ClassLoader->loadClass('App\\Controllers\\UserStatus')
 4 SYSTEMPATH\CodeIgniter.php(887): class_exists('\\App\\Controllers\\UserStatus', true)
 5 SYSTEMPATH\CodeIgniter.php(496): CodeIgniter\CodeIgniter->startController()
 6 SYSTEMPATH\CodeIgniter.php(355): CodeIgniter\CodeIgniter->handleRequest(null, Object(Config\Cache), false)
 7 SYSTEMPATH\Boot.php(312): CodeIgniter\CodeIgniter->run()
 8 SYSTEMPATH\Boot.php(67): CodeIgniter\Boot::runCodeIgniter(Object(CodeIgniter\CodeIgniter))
 9 FCPATH\index.php(56): CodeIgniter\Boot::bootWeb(Object(Config\Paths))
10 SYSTEMPATH\Commands\Server\rewrite.php(49): require_once('C:\\xampp\\htdocs\\Codeigniter_Crud\\crud_v2\\public\\index.php')
CRITICAL - 2024-05-14 00:06:13 --> ErrorException: require_once(../app/Views/assets/navbar/navbar.php): Failed to open stream: No such file or directory
[Method: GET, Route: userStatus]
in APPPATH\Views\userStatus\status_view.php on line 21.
 1 APPPATH\Views\userStatus\status_view.php(21): CodeIgniter\Debug\Exceptions->errorHandler(2, 'require_once(../app/Views/assets/navbar/navbar.php): Failed to open stream: No such file or directory', 'C:\\xampp\\htdocs\\Codeigniter_Crud\\crud_v2\\app\\Views\\userStatus\\status_view.php', 21)
 2 APPPATH\Views\userStatus\status_view.php(21): require_once()
 3 SYSTEMPATH\View\View.php(234): include('C:\\xampp\\htdocs\\Codeigniter_Crud\\crud_v2\\app\\Views\\userStatus\\status_view.php')
 4 SYSTEMPATH\View\View.php(237): CodeIgniter\View\View->CodeIgniter\View\{closure}()
 5 SYSTEMPATH\Common.php(1171): CodeIgniter\View\View->render('userStatus/status_view', [], true)
 6 APPPATH\Controllers\UserStatus.php(36): view('userStatus/status_view', [...])
 7 SYSTEMPATH\CodeIgniter.php(933): App\Controllers\UserStatus->index()
 8 SYSTEMPATH\CodeIgniter.php(509): CodeIgniter\CodeIgniter->runController(Object(App\Controllers\UserStatus))
 9 SYSTEMPATH\CodeIgniter.php(355): CodeIgniter\CodeIgniter->handleRequest(null, Object(Config\Cache), false)
10 SYSTEMPATH\Boot.php(312): CodeIgniter\CodeIgniter->run()
11 SYSTEMPATH\Boot.php(67): CodeIgniter\Boot::runCodeIgniter(Object(CodeIgniter\CodeIgniter))
12 FCPATH\index.php(56): CodeIgniter\Boot::bootWeb(Object(Config\Paths))
13 SYSTEMPATH\Commands\Server\rewrite.php(49): require_once('C:\\xampp\\htdocs\\Codeigniter_Crud\\crud_v2\\public\\index.php')
CRITICAL - 2024-05-14 00:08:42 --> ErrorException: require_once(../app/Views/assets/navbar/navbar.php): Failed to open stream: No such file or directory
[Method: GET, Route: userStatus]
in APPPATH\Views\userStatus\status_view.php on line 21.
 1 APPPATH\Views\userStatus\status_view.php(21): CodeIgniter\Debug\Exceptions->errorHandler(2, 'require_once(../app/Views/assets/navbar/navbar.php): Failed to open stream: No such file or directory', 'C:\\xampp\\htdocs\\Codeigniter_Crud\\crud_v2\\app\\Views\\userStatus\\status_view.php', 21)
 2 APPPATH\Views\userStatus\status_view.php(21): require_once()
 3 SYSTEMPATH\View\View.php(234): include('C:\\xampp\\htdocs\\Codeigniter_Crud\\crud_v2\\app\\Views\\userStatus\\status_view.php')
 4 SYSTEMPATH\View\View.php(237): CodeIgniter\View\View->CodeIgniter\View\{closure}()
 5 SYSTEMPATH\Common.php(1171): CodeIgniter\View\View->render('userStatus/status_view', [], true)
 6 APPPATH\Controllers\UserStatus.php(36): view('userStatus/status_view', [...])
 7 SYSTEMPATH\CodeIgniter.php(933): App\Controllers\UserStatus->index()
 8 SYSTEMPATH\CodeIgniter.php(509): CodeIgniter\CodeIgniter->runController(Object(App\Controllers\UserStatus))
 9 SYSTEMPATH\CodeIgniter.php(355): CodeIgniter\CodeIgniter->handleRequest(null, Object(Config\Cache), false)
10 SYSTEMPATH\Boot.php(312): CodeIgniter\CodeIgniter->run()
11 SYSTEMPATH\Boot.php(67): CodeIgniter\Boot::runCodeIgniter(Object(CodeIgniter\CodeIgniter))
12 FCPATH\index.php(56): CodeIgniter\Boot::bootWeb(Object(Config\Paths))
13 SYSTEMPATH\Commands\Server\rewrite.php(49): require_once('C:\\xampp\\htdocs\\Codeigniter_Crud\\crud_v2\\public\\index.php')
CRITICAL - 2024-05-14 00:08:55 --> ErrorException: require_once(../app/Views/assets/navbar/navbar.php): Failed to open stream: No such file or directory
[Method: GET, Route: userStatus]
in APPPATH\Views\userStatus\status_view.php on line 21.
 1 APPPATH\Views\userStatus\status_view.php(21): CodeIgniter\Debug\Exceptions->errorHandler(2, 'require_once(../app/Views/assets/navbar/navbar.php): Failed to open stream: No such file or directory', 'C:\\xampp\\htdocs\\Codeigniter_Crud\\crud_v2\\app\\Views\\userStatus\\status_view.php', 21)
 2 APPPATH\Views\userStatus\status_view.php(21): require_once()
 3 SYSTEMPATH\View\View.php(234): include('C:\\xampp\\htdocs\\Codeigniter_Crud\\crud_v2\\app\\Views\\userStatus\\status_view.php')
 4 SYSTEMPATH\View\View.php(237): CodeIgniter\View\View->CodeIgniter\View\{closure}()
 5 SYSTEMPATH\Common.php(1171): CodeIgniter\View\View->render('userStatus/status_view', [], true)
 6 APPPATH\Controllers\UserStatus.php(36): view('userStatus/status_view', [...])
 7 SYSTEMPATH\CodeIgniter.php(933): App\Controllers\UserStatus->index()
 8 SYSTEMPATH\CodeIgniter.php(509): CodeIgniter\CodeIgniter->runController(Object(App\Controllers\UserStatus))
 9 SYSTEMPATH\CodeIgniter.php(355): CodeIgniter\CodeIgniter->handleRequest(null, Object(Config\Cache), false)
10 SYSTEMPATH\Boot.php(312): CodeIgniter\CodeIgniter->run()
11 SYSTEMPATH\Boot.php(67): CodeIgniter\Boot::runCodeIgniter(Object(CodeIgniter\CodeIgniter))
12 FCPATH\index.php(56): CodeIgniter\Boot::bootWeb(Object(Config\Paths))
13 SYSTEMPATH\Commands\Server\rewrite.php(49): require_once('C:\\xampp\\htdocs\\Codeigniter_Crud\\crud_v2\\public\\index.php')
CRITICAL - 2024-05-14 00:08:56 --> ErrorException: require_once(../app/Views/assets/navbar/navbar.php): Failed to open stream: No such file or directory
[Method: GET, Route: userStatus]
in APPPATH\Views\userStatus\status_view.php on line 21.
 1 APPPATH\Views\userStatus\status_view.php(21): CodeIgniter\Debug\Exceptions->errorHandler(2, 'require_once(../app/Views/assets/navbar/navbar.php): Failed to open stream: No such file or directory', 'C:\\xampp\\htdocs\\Codeigniter_Crud\\crud_v2\\app\\Views\\userStatus\\status_view.php', 21)
 2 APPPATH\Views\userStatus\status_view.php(21): require_once()
 3 SYSTEMPATH\View\View.php(234): include('C:\\xampp\\htdocs\\Codeigniter_Crud\\crud_v2\\app\\Views\\userStatus\\status_view.php')
 4 SYSTEMPATH\View\View.php(237): CodeIgniter\View\View->CodeIgniter\View\{closure}()
 5 SYSTEMPATH\Common.php(1171): CodeIgniter\View\View->render('userStatus/status_view', [], true)
 6 APPPATH\Controllers\UserStatus.php(36): view('userStatus/status_view', [...])
 7 SYSTEMPATH\CodeIgniter.php(933): App\Controllers\UserStatus->index()
 8 SYSTEMPATH\CodeIgniter.php(509): CodeIgniter\CodeIgniter->runController(Object(App\Controllers\UserStatus))
 9 SYSTEMPATH\CodeIgniter.php(355): CodeIgniter\CodeIgniter->handleRequest(null, Object(Config\Cache), false)
10 SYSTEMPATH\Boot.php(312): CodeIgniter\CodeIgniter->run()
11 SYSTEMPATH\Boot.php(67): CodeIgniter\Boot::runCodeIgniter(Object(CodeIgniter\CodeIgniter))
12 FCPATH\index.php(56): CodeIgniter\Boot::bootWeb(Object(Config\Paths))
13 SYSTEMPATH\Commands\Server\rewrite.php(49): require_once('C:\\xampp\\htdocs\\Codeigniter_Crud\\crud_v2\\public\\index.php')
CRITICAL - 2024-05-14 00:09:02 --> ErrorException: require_once(../app/Views/assets/navbar/navbar.php): Failed to open stream: No such file or directory
[Method: GET, Route: userStatus]
in APPPATH\Views\userStatus\status_view.php on line 21.
 1 APPPATH\Views\userStatus\status_view.php(21): CodeIgniter\Debug\Exceptions->errorHandler(2, 'require_once(../app/Views/assets/navbar/navbar.php): Failed to open stream: No such file or directory', 'C:\\xampp\\htdocs\\Codeigniter_Crud\\crud_v2\\app\\Views\\userStatus\\status_view.php', 21)
 2 APPPATH\Views\userStatus\status_view.php(21): require_once()
 3 SYSTEMPATH\View\View.php(234): include('C:\\xampp\\htdocs\\Codeigniter_Crud\\crud_v2\\app\\Views\\userStatus\\status_view.php')
 4 SYSTEMPATH\View\View.php(237): CodeIgniter\View\View->CodeIgniter\View\{closure}()
 5 SYSTEMPATH\Common.php(1171): CodeIgniter\View\View->render('userStatus/status_view', [], true)
 6 APPPATH\Controllers\UserStatus.php(36): view('userStatus/status_view', [...])
 7 SYSTEMPATH\CodeIgniter.php(933): App\Controllers\UserStatus->index()
 8 SYSTEMPATH\CodeIgniter.php(509): CodeIgniter\CodeIgniter->runController(Object(App\Controllers\UserStatus))
 9 SYSTEMPATH\CodeIgniter.php(355): CodeIgniter\CodeIgniter->handleRequest(null, Object(Config\Cache), false)
10 SYSTEMPATH\Boot.php(312): CodeIgniter\CodeIgniter->run()
11 SYSTEMPATH\Boot.php(67): CodeIgniter\Boot::runCodeIgniter(Object(CodeIgniter\CodeIgniter))
12 FCPATH\index.php(56): CodeIgniter\Boot::bootWeb(Object(Config\Paths))
13 SYSTEMPATH\Commands\Server\rewrite.php(49): require_once('C:\\xampp\\htdocs\\Codeigniter_Crud\\crud_v2\\public\\index.php')
CRITICAL - 2024-05-14 00:09:05 --> ErrorException: require_once(../app/Views/assets/navbar/navbar.php): Failed to open stream: No such file or directory
[Method: GET, Route: userStatus]
in APPPATH\Views\userStatus\status_view.php on line 21.
 1 APPPATH\Views\userStatus\status_view.php(21): CodeIgniter\Debug\Exceptions->errorHandler(2, 'require_once(../app/Views/assets/navbar/navbar.php): Failed to open stream: No such file or directory', 'C:\\xampp\\htdocs\\Codeigniter_Crud\\crud_v2\\app\\Views\\userStatus\\status_view.php', 21)
 2 APPPATH\Views\userStatus\status_view.php(21): require_once()
 3 SYSTEMPATH\View\View.php(234): include('C:\\xampp\\htdocs\\Codeigniter_Crud\\crud_v2\\app\\Views\\userStatus\\status_view.php')
 4 SYSTEMPATH\View\View.php(237): CodeIgniter\View\View->CodeIgniter\View\{closure}()
 5 SYSTEMPATH\Common.php(1171): CodeIgniter\View\View->render('userStatus/status_view', [], true)
 6 APPPATH\Controllers\UserStatus.php(36): view('userStatus/status_view', [...])
 7 SYSTEMPATH\CodeIgniter.php(933): App\Controllers\UserStatus->index()
 8 SYSTEMPATH\CodeIgniter.php(509): CodeIgniter\CodeIgniter->runController(Object(App\Controllers\UserStatus))
 9 SYSTEMPATH\CodeIgniter.php(355): CodeIgniter\CodeIgniter->handleRequest(null, Object(Config\Cache), false)
10 SYSTEMPATH\Boot.php(312): CodeIgniter\CodeIgniter->run()
11 SYSTEMPATH\Boot.php(67): CodeIgniter\Boot::runCodeIgniter(Object(CodeIgniter\CodeIgniter))
12 FCPATH\index.php(56): CodeIgniter\Boot::bootWeb(Object(Config\Paths))
13 SYSTEMPATH\Commands\Server\rewrite.php(49): require_once('C:\\xampp\\htdocs\\Codeigniter_Crud\\crud_v2\\public\\index.php')
CRITICAL - 2024-05-14 00:09:39 --> ErrorException: require_once(../app/Views/assets/navbar/navbar.php): Failed to open stream: No such file or directory
[Method: GET, Route: userStatus]
in APPPATH\Views\userStatus\status_view.php on line 21.
 1 APPPATH\Views\userStatus\status_view.php(21): CodeIgniter\Debug\Exceptions->errorHandler(2, 'require_once(../app/Views/assets/navbar/navbar.php): Failed to open stream: No such file or directory', 'C:\\xampp\\htdocs\\Codeigniter_Crud\\crud_v2\\app\\Views\\userStatus\\status_view.php', 21)
 2 APPPATH\Views\userStatus\status_view.php(21): require_once()
 3 SYSTEMPATH\View\View.php(234): include('C:\\xampp\\htdocs\\Codeigniter_Crud\\crud_v2\\app\\Views\\userStatus\\status_view.php')
 4 SYSTEMPATH\View\View.php(237): CodeIgniter\View\View->CodeIgniter\View\{closure}()
 5 SYSTEMPATH\Common.php(1171): CodeIgniter\View\View->render('userStatus/status_view', [], true)
 6 APPPATH\Controllers\UserStatus.php(36): view('userStatus/status_view', [...])
 7 SYSTEMPATH\CodeIgniter.php(933): App\Controllers\UserStatus->index()
 8 SYSTEMPATH\CodeIgniter.php(509): CodeIgniter\CodeIgniter->runController(Object(App\Controllers\UserStatus))
 9 SYSTEMPATH\CodeIgniter.php(355): CodeIgniter\CodeIgniter->handleRequest(null, Object(Config\Cache), false)
10 SYSTEMPATH\Boot.php(312): CodeIgniter\CodeIgniter->run()
11 SYSTEMPATH\Boot.php(67): CodeIgniter\Boot::runCodeIgniter(Object(CodeIgniter\CodeIgniter))
12 FCPATH\index.php(56): CodeIgniter\Boot::bootWeb(Object(Config\Paths))
13 SYSTEMPATH\Commands\Server\rewrite.php(49): require_once('C:\\xampp\\htdocs\\Codeigniter_Crud\\crud_v2\\public\\index.php')
CRITICAL - 2024-05-14 00:09:47 --> ErrorException: require_once(../app/Views/assets/navbar/navbar.php): Failed to open stream: No such file or directory
[Method: GET, Route: userStatus]
in APPPATH\Views\userStatus\status_view.php on line 21.
 1 APPPATH\Views\userStatus\status_view.php(21): CodeIgniter\Debug\Exceptions->errorHandler(2, 'require_once(../app/Views/assets/navbar/navbar.php): Failed to open stream: No such file or directory', 'C:\\xampp\\htdocs\\Codeigniter_Crud\\crud_v2\\app\\Views\\userStatus\\status_view.php', 21)
 2 APPPATH\Views\userStatus\status_view.php(21): require_once()
 3 SYSTEMPATH\View\View.php(234): include('C:\\xampp\\htdocs\\Codeigniter_Crud\\crud_v2\\app\\Views\\userStatus\\status_view.php')
 4 SYSTEMPATH\View\View.php(237): CodeIgniter\View\View->CodeIgniter\View\{closure}()
 5 SYSTEMPATH\Common.php(1171): CodeIgniter\View\View->render('userStatus/status_view', [], true)
 6 APPPATH\Controllers\UserStatus.php(36): view('userStatus/status_view', [...])
 7 SYSTEMPATH\CodeIgniter.php(933): App\Controllers\UserStatus->index()
 8 SYSTEMPATH\CodeIgniter.php(509): CodeIgniter\CodeIgniter->runController(Object(App\Controllers\UserStatus))
 9 SYSTEMPATH\CodeIgniter.php(355): CodeIgniter\CodeIgniter->handleRequest(null, Object(Config\Cache), false)
10 SYSTEMPATH\Boot.php(312): CodeIgniter\CodeIgniter->run()
11 SYSTEMPATH\Boot.php(67): CodeIgniter\Boot::runCodeIgniter(Object(CodeIgniter\CodeIgniter))
12 FCPATH\index.php(56): CodeIgniter\Boot::bootWeb(Object(Config\Paths))
13 SYSTEMPATH\Commands\Server\rewrite.php(49): require_once('C:\\xampp\\htdocs\\Codeigniter_Crud\\crud_v2\\public\\index.php')
CRITICAL - 2024-05-14 00:09:55 --> ErrorException: require_once(../app/Views/assets/navbar/navbar.php): Failed to open stream: No such file or directory
[Method: GET, Route: userStatus]
in APPPATH\Views\userStatus\status_view.php on line 21.
 1 APPPATH\Views\userStatus\status_view.php(21): CodeIgniter\Debug\Exceptions->errorHandler(2, 'require_once(../app/Views/assets/navbar/navbar.php): Failed to open stream: No such file or directory', 'C:\\xampp\\htdocs\\Codeigniter_Crud\\crud_v2\\app\\Views\\userStatus\\status_view.php', 21)
 2 APPPATH\Views\userStatus\status_view.php(21): require_once()
 3 SYSTEMPATH\View\View.php(234): include('C:\\xampp\\htdocs\\Codeigniter_Crud\\crud_v2\\app\\Views\\userStatus\\status_view.php')
 4 SYSTEMPATH\View\View.php(237): CodeIgniter\View\View->CodeIgniter\View\{closure}()
 5 SYSTEMPATH\Common.php(1171): CodeIgniter\View\View->render('userStatus/status_view', [], true)
 6 APPPATH\Controllers\UserStatus.php(36): view('userStatus/status_view', [...])
 7 SYSTEMPATH\CodeIgniter.php(933): App\Controllers\UserStatus->index()
 8 SYSTEMPATH\CodeIgniter.php(509): CodeIgniter\CodeIgniter->runController(Object(App\Controllers\UserStatus))
 9 SYSTEMPATH\CodeIgniter.php(355): CodeIgniter\CodeIgniter->handleRequest(null, Object(Config\Cache), false)
10 SYSTEMPATH\Boot.php(312): CodeIgniter\CodeIgniter->run()
11 SYSTEMPATH\Boot.php(67): CodeIgniter\Boot::runCodeIgniter(Object(CodeIgniter\CodeIgniter))
12 FCPATH\index.php(56): CodeIgniter\Boot::bootWeb(Object(Config\Paths))
13 SYSTEMPATH\Commands\Server\rewrite.php(49): require_once('C:\\xampp\\htdocs\\Codeigniter_Crud\\crud_v2\\public\\index.php')
CRITICAL - 2024-05-14 00:10:24 --> ErrorException: require_once(../app/Views/assets/navbar/navbar.php): Failed to open stream: No such file or directory
[Method: GET, Route: userStatus/show]
in APPPATH\Views\userStatus\status_view.php on line 21.
 1 APPPATH\Views\userStatus\status_view.php(21): CodeIgniter\Debug\Exceptions->errorHandler(2, 'require_once(../app/Views/assets/navbar/navbar.php): Failed to open stream: No such file or directory', 'C:\\xampp\\htdocs\\Codeigniter_Crud\\crud_v2\\app\\Views\\userStatus\\status_view.php', 21)
 2 APPPATH\Views\userStatus\status_view.php(21): require_once()
 3 SYSTEMPATH\View\View.php(234): include('C:\\xampp\\htdocs\\Codeigniter_Crud\\crud_v2\\app\\Views\\userStatus\\status_view.php')
 4 SYSTEMPATH\View\View.php(237): CodeIgniter\View\View->CodeIgniter\View\{closure}()
 5 SYSTEMPATH\Common.php(1171): CodeIgniter\View\View->render('userStatus/status_view', [], true)
 6 APPPATH\Controllers\UserStatus.php(36): view('userStatus/status_view', [...])
 7 SYSTEMPATH\CodeIgniter.php(933): App\Controllers\UserStatus->index()
 8 SYSTEMPATH\CodeIgniter.php(509): CodeIgniter\CodeIgniter->runController(Object(App\Controllers\UserStatus))
 9 SYSTEMPATH\CodeIgniter.php(355): CodeIgniter\CodeIgniter->handleRequest(null, Object(Config\Cache), false)
10 SYSTEMPATH\Boot.php(312): CodeIgniter\CodeIgniter->run()
11 SYSTEMPATH\Boot.php(67): CodeIgniter\Boot::runCodeIgniter(Object(CodeIgniter\CodeIgniter))
12 FCPATH\index.php(56): CodeIgniter\Boot::bootWeb(Object(Config\Paths))
13 SYSTEMPATH\Commands\Server\rewrite.php(49): require_once('C:\\xampp\\htdocs\\Codeigniter_Crud\\crud_v2\\public\\index.php')
CRITICAL - 2024-05-14 00:11:13 --> ErrorException: require_once(../app/Views/assets/navbar/navbar.php): Failed to open stream: No such file or directory
[Method: GET, Route: userStatus]
in APPPATH\Views\userStatus\status_view.php on line 21.
 1 APPPATH\Views\userStatus\status_view.php(21): CodeIgniter\Debug\Exceptions->errorHandler(2, 'require_once(../app/Views/assets/navbar/navbar.php): Failed to open stream: No such file or directory', 'C:\\xampp\\htdocs\\Codeigniter_Crud\\crud_v2\\app\\Views\\userStatus\\status_view.php', 21)
 2 APPPATH\Views\userStatus\status_view.php(21): require_once()
 3 SYSTEMPATH\View\View.php(234): include('C:\\xampp\\htdocs\\Codeigniter_Crud\\crud_v2\\app\\Views\\userStatus\\status_view.php')
 4 SYSTEMPATH\View\View.php(237): CodeIgniter\View\View->CodeIgniter\View\{closure}()
 5 SYSTEMPATH\Common.php(1171): CodeIgniter\View\View->render('userStatus/status_view', [], true)
 6 APPPATH\Controllers\UserStatus.php(36): view('userStatus/status_view', [...])
 7 SYSTEMPATH\CodeIgniter.php(933): App\Controllers\UserStatus->index()
 8 SYSTEMPATH\CodeIgniter.php(509): CodeIgniter\CodeIgniter->runController(Object(App\Controllers\UserStatus))
 9 SYSTEMPATH\CodeIgniter.php(355): CodeIgniter\CodeIgniter->handleRequest(null, Object(Config\Cache), false)
10 SYSTEMPATH\Boot.php(312): CodeIgniter\CodeIgniter->run()
11 SYSTEMPATH\Boot.php(67): CodeIgniter\Boot::runCodeIgniter(Object(CodeIgniter\CodeIgniter))
12 FCPATH\index.php(56): CodeIgniter\Boot::bootWeb(Object(Config\Paths))
13 SYSTEMPATH\Commands\Server\rewrite.php(49): require_once('C:\\xampp\\htdocs\\Codeigniter_Crud\\crud_v2\\public\\index.php')
CRITICAL - 2024-05-14 00:12:10 --> ErrorException: require_once(../app/Views/assets/navbar/navbar.php): Failed to open stream: No such file or directory
[Method: GET, Route: userStatus]
in APPPATH\Views\userStatus\status_view.php on line 21.
 1 APPPATH\Views\userStatus\status_view.php(21): CodeIgniter\Debug\Exceptions->errorHandler(2, 'require_once(../app/Views/assets/navbar/navbar.php): Failed to open stream: No such file or directory', 'C:\\xampp\\htdocs\\Codeigniter_Crud\\crud_v2\\app\\Views\\userStatus\\status_view.php', 21)
 2 APPPATH\Views\userStatus\status_view.php(21): require_once()
 3 SYSTEMPATH\View\View.php(234): include('C:\\xampp\\htdocs\\Codeigniter_Crud\\crud_v2\\app\\Views\\userStatus\\status_view.php')
 4 SYSTEMPATH\View\View.php(237): CodeIgniter\View\View->CodeIgniter\View\{closure}()
 5 SYSTEMPATH\Common.php(1171): CodeIgniter\View\View->render('userStatus/status_view', [], true)
 6 APPPATH\Controllers\UserStatus.php(36): view('userStatus/status_view', [...])
 7 SYSTEMPATH\CodeIgniter.php(933): App\Controllers\UserStatus->index()
 8 SYSTEMPATH\CodeIgniter.php(509): CodeIgniter\CodeIgniter->runController(Object(App\Controllers\UserStatus))
 9 SYSTEMPATH\CodeIgniter.php(355): CodeIgniter\CodeIgniter->handleRequest(null, Object(Config\Cache), false)
10 SYSTEMPATH\Boot.php(312): CodeIgniter\CodeIgniter->run()
11 SYSTEMPATH\Boot.php(67): CodeIgniter\Boot::runCodeIgniter(Object(CodeIgniter\CodeIgniter))
12 FCPATH\index.php(56): CodeIgniter\Boot::bootWeb(Object(Config\Paths))
13 SYSTEMPATH\Commands\Server\rewrite.php(49): require_once('C:\\xampp\\htdocs\\Codeigniter_Crud\\crud_v2\\public\\index.php')
CRITICAL - 2024-05-14 00:12:12 --> ErrorException: require_once(../app/Views/assets/navbar/navbar.php): Failed to open stream: No such file or directory
[Method: GET, Route: userStatus]
in APPPATH\Views\userStatus\status_view.php on line 21.
 1 APPPATH\Views\userStatus\status_view.php(21): CodeIgniter\Debug\Exceptions->errorHandler(2, 'require_once(../app/Views/assets/navbar/navbar.php): Failed to open stream: No such file or directory', 'C:\\xampp\\htdocs\\Codeigniter_Crud\\crud_v2\\app\\Views\\userStatus\\status_view.php', 21)
 2 APPPATH\Views\userStatus\status_view.php(21): require_once()
 3 SYSTEMPATH\View\View.php(234): include('C:\\xampp\\htdocs\\Codeigniter_Crud\\crud_v2\\app\\Views\\userStatus\\status_view.php')
 4 SYSTEMPATH\View\View.php(237): CodeIgniter\View\View->CodeIgniter\View\{closure}()
 5 SYSTEMPATH\Common.php(1171): CodeIgniter\View\View->render('userStatus/status_view', [], true)
 6 APPPATH\Controllers\UserStatus.php(36): view('userStatus/status_view', [...])
 7 SYSTEMPATH\CodeIgniter.php(933): App\Controllers\UserStatus->index()
 8 SYSTEMPATH\CodeIgniter.php(509): CodeIgniter\CodeIgniter->runController(Object(App\Controllers\UserStatus))
 9 SYSTEMPATH\CodeIgniter.php(355): CodeIgniter\CodeIgniter->handleRequest(null, Object(Config\Cache), false)
10 SYSTEMPATH\Boot.php(312): CodeIgniter\CodeIgniter->run()
11 SYSTEMPATH\Boot.php(67): CodeIgniter\Boot::runCodeIgniter(Object(CodeIgniter\CodeIgniter))
12 FCPATH\index.php(56): CodeIgniter\Boot::bootWeb(Object(Config\Paths))
13 SYSTEMPATH\Commands\Server\rewrite.php(49): require_once('C:\\xampp\\htdocs\\Codeigniter_Crud\\crud_v2\\public\\index.php')
CRITICAL - 2024-05-14 00:12:12 --> ErrorException: require_once(../app/Views/assets/navbar/navbar.php): Failed to open stream: No such file or directory
[Method: GET, Route: userStatus]
in APPPATH\Views\userStatus\status_view.php on line 21.
 1 APPPATH\Views\userStatus\status_view.php(21): CodeIgniter\Debug\Exceptions->errorHandler(2, 'require_once(../app/Views/assets/navbar/navbar.php): Failed to open stream: No such file or directory', 'C:\\xampp\\htdocs\\Codeigniter_Crud\\crud_v2\\app\\Views\\userStatus\\status_view.php', 21)
 2 APPPATH\Views\userStatus\status_view.php(21): require_once()
 3 SYSTEMPATH\View\View.php(234): include('C:\\xampp\\htdocs\\Codeigniter_Crud\\crud_v2\\app\\Views\\userStatus\\status_view.php')
 4 SYSTEMPATH\View\View.php(237): CodeIgniter\View\View->CodeIgniter\View\{closure}()
 5 SYSTEMPATH\Common.php(1171): CodeIgniter\View\View->render('userStatus/status_view', [], true)
 6 APPPATH\Controllers\UserStatus.php(36): view('userStatus/status_view', [...])
 7 SYSTEMPATH\CodeIgniter.php(933): App\Controllers\UserStatus->index()
 8 SYSTEMPATH\CodeIgniter.php(509): CodeIgniter\CodeIgniter->runController(Object(App\Controllers\UserStatus))
 9 SYSTEMPATH\CodeIgniter.php(355): CodeIgniter\CodeIgniter->handleRequest(null, Object(Config\Cache), false)
10 SYSTEMPATH\Boot.php(312): CodeIgniter\CodeIgniter->run()
11 SYSTEMPATH\Boot.php(67): CodeIgniter\Boot::runCodeIgniter(Object(CodeIgniter\CodeIgniter))
12 FCPATH\index.php(56): CodeIgniter\Boot::bootWeb(Object(Config\Paths))
13 SYSTEMPATH\Commands\Server\rewrite.php(49): require_once('C:\\xampp\\htdocs\\Codeigniter_Crud\\crud_v2\\public\\index.php')
CRITICAL - 2024-05-14 00:12:12 --> ErrorException: require_once(../app/Views/assets/navbar/navbar.php): Failed to open stream: No such file or directory
[Method: GET, Route: userStatus]
in APPPATH\Views\userStatus\status_view.php on line 21.
 1 APPPATH\Views\userStatus\status_view.php(21): CodeIgniter\Debug\Exceptions->errorHandler(2, 'require_once(../app/Views/assets/navbar/navbar.php): Failed to open stream: No such file or directory', 'C:\\xampp\\htdocs\\Codeigniter_Crud\\crud_v2\\app\\Views\\userStatus\\status_view.php', 21)
 2 APPPATH\Views\userStatus\status_view.php(21): require_once()
 3 SYSTEMPATH\View\View.php(234): include('C:\\xampp\\htdocs\\Codeigniter_Crud\\crud_v2\\app\\Views\\userStatus\\status_view.php')
 4 SYSTEMPATH\View\View.php(237): CodeIgniter\View\View->CodeIgniter\View\{closure}()
 5 SYSTEMPATH\Common.php(1171): CodeIgniter\View\View->render('userStatus/status_view', [], true)
 6 APPPATH\Controllers\UserStatus.php(36): view('userStatus/status_view', [...])
 7 SYSTEMPATH\CodeIgniter.php(933): App\Controllers\UserStatus->index()
 8 SYSTEMPATH\CodeIgniter.php(509): CodeIgniter\CodeIgniter->runController(Object(App\Controllers\UserStatus))
 9 SYSTEMPATH\CodeIgniter.php(355): CodeIgniter\CodeIgniter->handleRequest(null, Object(Config\Cache), false)
10 SYSTEMPATH\Boot.php(312): CodeIgniter\CodeIgniter->run()
11 SYSTEMPATH\Boot.php(67): CodeIgniter\Boot::runCodeIgniter(Object(CodeIgniter\CodeIgniter))
12 FCPATH\index.php(56): CodeIgniter\Boot::bootWeb(Object(Config\Paths))
13 SYSTEMPATH\Commands\Server\rewrite.php(49): require_once('C:\\xampp\\htdocs\\Codeigniter_Crud\\crud_v2\\public\\index.php')
CRITICAL - 2024-05-14 00:12:13 --> ErrorException: require_once(../app/Views/assets/navbar/navbar.php): Failed to open stream: No such file or directory
[Method: GET, Route: userStatus]
in APPPATH\Views\userStatus\status_view.php on line 21.
 1 APPPATH\Views\userStatus\status_view.php(21): CodeIgniter\Debug\Exceptions->errorHandler(2, 'require_once(../app/Views/assets/navbar/navbar.php): Failed to open stream: No such file or directory', 'C:\\xampp\\htdocs\\Codeigniter_Crud\\crud_v2\\app\\Views\\userStatus\\status_view.php', 21)
 2 APPPATH\Views\userStatus\status_view.php(21): require_once()
 3 SYSTEMPATH\View\View.php(234): include('C:\\xampp\\htdocs\\Codeigniter_Crud\\crud_v2\\app\\Views\\userStatus\\status_view.php')
 4 SYSTEMPATH\View\View.php(237): CodeIgniter\View\View->CodeIgniter\View\{closure}()
 5 SYSTEMPATH\Common.php(1171): CodeIgniter\View\View->render('userStatus/status_view', [], true)
 6 APPPATH\Controllers\UserStatus.php(36): view('userStatus/status_view', [...])
 7 SYSTEMPATH\CodeIgniter.php(933): App\Controllers\UserStatus->index()
 8 SYSTEMPATH\CodeIgniter.php(509): CodeIgniter\CodeIgniter->runController(Object(App\Controllers\UserStatus))
 9 SYSTEMPATH\CodeIgniter.php(355): CodeIgniter\CodeIgniter->handleRequest(null, Object(Config\Cache), false)
10 SYSTEMPATH\Boot.php(312): CodeIgniter\CodeIgniter->run()
11 SYSTEMPATH\Boot.php(67): CodeIgniter\Boot::runCodeIgniter(Object(CodeIgniter\CodeIgniter))
12 FCPATH\index.php(56): CodeIgniter\Boot::bootWeb(Object(Config\Paths))
13 SYSTEMPATH\Commands\Server\rewrite.php(49): require_once('C:\\xampp\\htdocs\\Codeigniter_Crud\\crud_v2\\public\\index.php')
CRITICAL - 2024-05-14 00:12:13 --> ErrorException: require_once(../app/Views/assets/navbar/navbar.php): Failed to open stream: No such file or directory
[Method: GET, Route: userStatus]
in APPPATH\Views\userStatus\status_view.php on line 21.
 1 APPPATH\Views\userStatus\status_view.php(21): CodeIgniter\Debug\Exceptions->errorHandler(2, 'require_once(../app/Views/assets/navbar/navbar.php): Failed to open stream: No such file or directory', 'C:\\xampp\\htdocs\\Codeigniter_Crud\\crud_v2\\app\\Views\\userStatus\\status_view.php', 21)
 2 APPPATH\Views\userStatus\status_view.php(21): require_once()
 3 SYSTEMPATH\View\View.php(234): include('C:\\xampp\\htdocs\\Codeigniter_Crud\\crud_v2\\app\\Views\\userStatus\\status_view.php')
 4 SYSTEMPATH\View\View.php(237): CodeIgniter\View\View->CodeIgniter\View\{closure}()
 5 SYSTEMPATH\Common.php(1171): CodeIgniter\View\View->render('userStatus/status_view', [], true)
 6 APPPATH\Controllers\UserStatus.php(36): view('userStatus/status_view', [...])
 7 SYSTEMPATH\CodeIgniter.php(933): App\Controllers\UserStatus->index()
 8 SYSTEMPATH\CodeIgniter.php(509): CodeIgniter\CodeIgniter->runController(Object(App\Controllers\UserStatus))
 9 SYSTEMPATH\CodeIgniter.php(355): CodeIgniter\CodeIgniter->handleRequest(null, Object(Config\Cache), false)
10 SYSTEMPATH\Boot.php(312): CodeIgniter\CodeIgniter->run()
11 SYSTEMPATH\Boot.php(67): CodeIgniter\Boot::runCodeIgniter(Object(CodeIgniter\CodeIgniter))
12 FCPATH\index.php(56): CodeIgniter\Boot::bootWeb(Object(Config\Paths))
13 SYSTEMPATH\Commands\Server\rewrite.php(49): require_once('C:\\xampp\\htdocs\\Codeigniter_Crud\\crud_v2\\public\\index.php')
CRITICAL - 2024-05-14 00:12:13 --> ErrorException: require_once(../app/Views/assets/navbar/navbar.php): Failed to open stream: No such file or directory
[Method: GET, Route: userStatus]
in APPPATH\Views\userStatus\status_view.php on line 21.
 1 APPPATH\Views\userStatus\status_view.php(21): CodeIgniter\Debug\Exceptions->errorHandler(2, 'require_once(../app/Views/assets/navbar/navbar.php): Failed to open stream: No such file or directory', 'C:\\xampp\\htdocs\\Codeigniter_Crud\\crud_v2\\app\\Views\\userStatus\\status_view.php', 21)
 2 APPPATH\Views\userStatus\status_view.php(21): require_once()
 3 SYSTEMPATH\View\View.php(234): include('C:\\xampp\\htdocs\\Codeigniter_Crud\\crud_v2\\app\\Views\\userStatus\\status_view.php')
 4 SYSTEMPATH\View\View.php(237): CodeIgniter\View\View->CodeIgniter\View\{closure}()
 5 SYSTEMPATH\Common.php(1171): CodeIgniter\View\View->render('userStatus/status_view', [], true)
 6 APPPATH\Controllers\UserStatus.php(36): view('userStatus/status_view', [...])
 7 SYSTEMPATH\CodeIgniter.php(933): App\Controllers\UserStatus->index()
 8 SYSTEMPATH\CodeIgniter.php(509): CodeIgniter\CodeIgniter->runController(Object(App\Controllers\UserStatus))
 9 SYSTEMPATH\CodeIgniter.php(355): CodeIgniter\CodeIgniter->handleRequest(null, Object(Config\Cache), false)
10 SYSTEMPATH\Boot.php(312): CodeIgniter\CodeIgniter->run()
11 SYSTEMPATH\Boot.php(67): CodeIgniter\Boot::runCodeIgniter(Object(CodeIgniter\CodeIgniter))
12 FCPATH\index.php(56): CodeIgniter\Boot::bootWeb(Object(Config\Paths))
13 SYSTEMPATH\Commands\Server\rewrite.php(49): require_once('C:\\xampp\\htdocs\\Codeigniter_Crud\\crud_v2\\public\\index.php')
CRITICAL - 2024-05-14 00:12:13 --> ErrorException: require_once(../app/Views/assets/navbar/navbar.php): Failed to open stream: No such file or directory
[Method: GET, Route: userStatus]
in APPPATH\Views\userStatus\status_view.php on line 21.
 1 APPPATH\Views\userStatus\status_view.php(21): CodeIgniter\Debug\Exceptions->errorHandler(2, 'require_once(../app/Views/assets/navbar/navbar.php): Failed to open stream: No such file or directory', 'C:\\xampp\\htdocs\\Codeigniter_Crud\\crud_v2\\app\\Views\\userStatus\\status_view.php', 21)
 2 APPPATH\Views\userStatus\status_view.php(21): require_once()
 3 SYSTEMPATH\View\View.php(234): include('C:\\xampp\\htdocs\\Codeigniter_Crud\\crud_v2\\app\\Views\\userStatus\\status_view.php')
 4 SYSTEMPATH\View\View.php(237): CodeIgniter\View\View->CodeIgniter\View\{closure}()
 5 SYSTEMPATH\Common.php(1171): CodeIgniter\View\View->render('userStatus/status_view', [], true)
 6 APPPATH\Controllers\UserStatus.php(36): view('userStatus/status_view', [...])
 7 SYSTEMPATH\CodeIgniter.php(933): App\Controllers\UserStatus->index()
 8 SYSTEMPATH\CodeIgniter.php(509): CodeIgniter\CodeIgniter->runController(Object(App\Controllers\UserStatus))
 9 SYSTEMPATH\CodeIgniter.php(355): CodeIgniter\CodeIgniter->handleRequest(null, Object(Config\Cache), false)
10 SYSTEMPATH\Boot.php(312): CodeIgniter\CodeIgniter->run()
11 SYSTEMPATH\Boot.php(67): CodeIgniter\Boot::runCodeIgniter(Object(CodeIgniter\CodeIgniter))
12 FCPATH\index.php(56): CodeIgniter\Boot::bootWeb(Object(Config\Paths))
13 SYSTEMPATH\Commands\Server\rewrite.php(49): require_once('C:\\xampp\\htdocs\\Codeigniter_Crud\\crud_v2\\public\\index.php')
CRITICAL - 2024-05-14 00:13:53 --> ErrorException: require_once(../app/Views/assets/nav/navbar.php): Failed to open stream: No such file or directory
[Method: GET, Route: userStatus]
in APPPATH\Views\userStatus\status_view.php on line 21.
 1 APPPATH\Views\userStatus\status_view.php(21): CodeIgniter\Debug\Exceptions->errorHandler(2, 'require_once(../app/Views/assets/nav/navbar.php): Failed to open stream: No such file or directory', 'C:\\xampp\\htdocs\\Codeigniter_Crud\\crud_v2\\app\\Views\\userStatus\\status_view.php', 21)
 2 APPPATH\Views\userStatus\status_view.php(21): require_once()
 3 SYSTEMPATH\View\View.php(234): include('C:\\xampp\\htdocs\\Codeigniter_Crud\\crud_v2\\app\\Views\\userStatus\\status_view.php')
 4 SYSTEMPATH\View\View.php(237): CodeIgniter\View\View->CodeIgniter\View\{closure}()
 5 SYSTEMPATH\Common.php(1171): CodeIgniter\View\View->render('userStatus/status_view', [], true)
 6 APPPATH\Controllers\UserStatus.php(36): view('userStatus/status_view', [...])
 7 SYSTEMPATH\CodeIgniter.php(933): App\Controllers\UserStatus->index()
 8 SYSTEMPATH\CodeIgniter.php(509): CodeIgniter\CodeIgniter->runController(Object(App\Controllers\UserStatus))
 9 SYSTEMPATH\CodeIgniter.php(355): CodeIgniter\CodeIgniter->handleRequest(null, Object(Config\Cache), false)
10 SYSTEMPATH\Boot.php(312): CodeIgniter\CodeIgniter->run()
11 SYSTEMPATH\Boot.php(67): CodeIgniter\Boot::runCodeIgniter(Object(CodeIgniter\CodeIgniter))
12 FCPATH\index.php(56): CodeIgniter\Boot::bootWeb(Object(Config\Paths))
13 SYSTEMPATH\Commands\Server\rewrite.php(49): require_once('C:\\xampp\\htdocs\\Codeigniter_Crud\\crud_v2\\public\\index.php')
CRITICAL - 2024-05-14 00:14:35 --> ErrorException: require_once(/crud_v2/app/Views/nav/navbar.php): Failed to open stream: No such file or directory
[Method: GET, Route: userStatus]
in APPPATH\Views\userStatus\status_view.php on line 21.
 1 APPPATH\Views\userStatus\status_view.php(21): CodeIgniter\Debug\Exceptions->errorHandler(2, 'require_once(/crud_v2/app/Views/nav/navbar.php): Failed to open stream: No such file or directory', 'C:\\xampp\\htdocs\\Codeigniter_Crud\\crud_v2\\app\\Views\\userStatus\\status_view.php', 21)
 2 APPPATH\Views\userStatus\status_view.php(21): require_once()
 3 SYSTEMPATH\View\View.php(234): include('C:\\xampp\\htdocs\\Codeigniter_Crud\\crud_v2\\app\\Views\\userStatus\\status_view.php')
 4 SYSTEMPATH\View\View.php(237): CodeIgniter\View\View->CodeIgniter\View\{closure}()
 5 SYSTEMPATH\Common.php(1171): CodeIgniter\View\View->render('userStatus/status_view', [], true)
 6 APPPATH\Controllers\UserStatus.php(36): view('userStatus/status_view', [...])
 7 SYSTEMPATH\CodeIgniter.php(933): App\Controllers\UserStatus->index()
 8 SYSTEMPATH\CodeIgniter.php(509): CodeIgniter\CodeIgniter->runController(Object(App\Controllers\UserStatus))
 9 SYSTEMPATH\CodeIgniter.php(355): CodeIgniter\CodeIgniter->handleRequest(null, Object(Config\Cache), false)
10 SYSTEMPATH\Boot.php(312): CodeIgniter\CodeIgniter->run()
11 SYSTEMPATH\Boot.php(67): CodeIgniter\Boot::runCodeIgniter(Object(CodeIgniter\CodeIgniter))
12 FCPATH\index.php(56): CodeIgniter\Boot::bootWeb(Object(Config\Paths))
13 SYSTEMPATH\Commands\Server\rewrite.php(49): require_once('C:\\xampp\\htdocs\\Codeigniter_Crud\\crud_v2\\public\\index.php')
CRITICAL - 2024-05-14 00:19:52 --> ErrorException: require_once(/crud_v2/app/Views/nav/navbar.php): Failed to open stream: No such file or directory
[Method: GET, Route: userStatus]
in APPPATH\Views\userStatus\status_view.php on line 17.
 1 APPPATH\Views\userStatus\status_view.php(17): CodeIgniter\Debug\Exceptions->errorHandler(2, 'require_once(/crud_v2/app/Views/nav/navbar.php): Failed to open stream: No such file or directory', 'C:\\xampp\\htdocs\\Codeigniter_Crud\\crud_v2\\app\\Views\\userStatus\\status_view.php', 17)
 2 APPPATH\Views\userStatus\status_view.php(17): require_once()
 3 SYSTEMPATH\View\View.php(234): include('C:\\xampp\\htdocs\\Codeigniter_Crud\\crud_v2\\app\\Views\\userStatus\\status_view.php')
 4 SYSTEMPATH\View\View.php(237): CodeIgniter\View\View->CodeIgniter\View\{closure}()
 5 SYSTEMPATH\Common.php(1171): CodeIgniter\View\View->render('userStatus/status_view', [], true)
 6 APPPATH\Controllers\UserStatus.php(36): view('userStatus/status_view', [...])
 7 SYSTEMPATH\CodeIgniter.php(933): App\Controllers\UserStatus->index()
 8 SYSTEMPATH\CodeIgniter.php(509): CodeIgniter\CodeIgniter->runController(Object(App\Controllers\UserStatus))
 9 SYSTEMPATH\CodeIgniter.php(355): CodeIgniter\CodeIgniter->handleRequest(null, Object(Config\Cache), false)
10 SYSTEMPATH\Boot.php(312): CodeIgniter\CodeIgniter->run()
11 SYSTEMPATH\Boot.php(67): CodeIgniter\Boot::runCodeIgniter(Object(CodeIgniter\CodeIgniter))
12 FCPATH\index.php(56): CodeIgniter\Boot::bootWeb(Object(Config\Paths))
13 SYSTEMPATH\Commands\Server\rewrite.php(49): require_once('C:\\xampp\\htdocs\\Codeigniter_Crud\\crud_v2\\public\\index.php')
CRITICAL - 2024-05-14 00:20:15 --> ErrorException: require_once(C:\xampp\htdocs\Codeigniter_Crud\crud_v2): Failed to open stream: Permission denied
[Method: GET, Route: userStatus]
in APPPATH\Views\userStatus\status_view.php on line 21.
 1 APPPATH\Views\userStatus\status_view.php(21): CodeIgniter\Debug\Exceptions->errorHandler(2, 'require_once(C:\\xampp\\htdocs\\Codeigniter_Crud\\crud_v2): Failed to open stream: Permission denied', 'C:\\xampp\\htdocs\\Codeigniter_Crud\\crud_v2\\app\\Views\\userStatus\\status_view.php', 21)
 2 APPPATH\Views\userStatus\status_view.php(21): require_once()
 3 SYSTEMPATH\View\View.php(234): include('C:\\xampp\\htdocs\\Codeigniter_Crud\\crud_v2\\app\\Views\\userStatus\\status_view.php')
 4 SYSTEMPATH\View\View.php(237): CodeIgniter\View\View->CodeIgniter\View\{closure}()
 5 SYSTEMPATH\Common.php(1171): CodeIgniter\View\View->render('userStatus/status_view', [], true)
 6 APPPATH\Controllers\UserStatus.php(36): view('userStatus/status_view', [...])
 7 SYSTEMPATH\CodeIgniter.php(933): App\Controllers\UserStatus->index()
 8 SYSTEMPATH\CodeIgniter.php(509): CodeIgniter\CodeIgniter->runController(Object(App\Controllers\UserStatus))
 9 SYSTEMPATH\CodeIgniter.php(355): CodeIgniter\CodeIgniter->handleRequest(null, Object(Config\Cache), false)
10 SYSTEMPATH\Boot.php(312): CodeIgniter\CodeIgniter->run()
11 SYSTEMPATH\Boot.php(67): CodeIgniter\Boot::runCodeIgniter(Object(CodeIgniter\CodeIgniter))
12 FCPATH\index.php(56): CodeIgniter\Boot::bootWeb(Object(Config\Paths))
13 SYSTEMPATH\Commands\Server\rewrite.php(49): require_once('C:\\xampp\\htdocs\\Codeigniter_Crud\\crud_v2\\public\\index.php')
CRITICAL - 2024-05-14 00:20:35 --> ErrorException: require_once(/crud_v2/app/Views/userStatus/table.php): Failed to open stream: No such file or directory
[Method: GET, Route: userStatus]
in APPPATH\Views\userStatus\status_view.php on line 29.
 1 APPPATH\Views\userStatus\status_view.php(29): CodeIgniter\Debug\Exceptions->errorHandler(2, 'require_once(/crud_v2/app/Views/userStatus/table.php): Failed to open stream: No such file or directory', 'C:\\xampp\\htdocs\\Codeigniter_Crud\\crud_v2\\app\\Views\\userStatus\\status_view.php', 29)
 2 APPPATH\Views\userStatus\status_view.php(29): require_once()
 3 SYSTEMPATH\View\View.php(234): include('C:\\xampp\\htdocs\\Codeigniter_Crud\\crud_v2\\app\\Views\\userStatus\\status_view.php')
 4 SYSTEMPATH\View\View.php(237): CodeIgniter\View\View->CodeIgniter\View\{closure}()
 5 SYSTEMPATH\Common.php(1171): CodeIgniter\View\View->render('userStatus/status_view', [], true)
 6 APPPATH\Controllers\UserStatus.php(36): view('userStatus/status_view', [...])
 7 SYSTEMPATH\CodeIgniter.php(933): App\Controllers\UserStatus->index()
 8 SYSTEMPATH\CodeIgniter.php(509): CodeIgniter\CodeIgniter->runController(Object(App\Controllers\UserStatus))
 9 SYSTEMPATH\CodeIgniter.php(355): CodeIgniter\CodeIgniter->handleRequest(null, Object(Config\Cache), false)
10 SYSTEMPATH\Boot.php(312): CodeIgniter\CodeIgniter->run()
11 SYSTEMPATH\Boot.php(67): CodeIgniter\Boot::runCodeIgniter(Object(CodeIgniter\CodeIgniter))
12 FCPATH\index.php(56): CodeIgniter\Boot::bootWeb(Object(Config\Paths))
13 SYSTEMPATH\Commands\Server\rewrite.php(49): require_once('C:\\xampp\\htdocs\\Codeigniter_Crud\\crud_v2\\public\\index.php')
CRITICAL - 2024-05-14 00:20:36 --> ErrorException: require_once(/crud_v2/app/Views/userStatus/table.php): Failed to open stream: No such file or directory
[Method: GET, Route: userStatus]
in APPPATH\Views\userStatus\status_view.php on line 29.
 1 APPPATH\Views\userStatus\status_view.php(29): CodeIgniter\Debug\Exceptions->errorHandler(2, 'require_once(/crud_v2/app/Views/userStatus/table.php): Failed to open stream: No such file or directory', 'C:\\xampp\\htdocs\\Codeigniter_Crud\\crud_v2\\app\\Views\\userStatus\\status_view.php', 29)
 2 APPPATH\Views\userStatus\status_view.php(29): require_once()
 3 SYSTEMPATH\View\View.php(234): include('C:\\xampp\\htdocs\\Codeigniter_Crud\\crud_v2\\app\\Views\\userStatus\\status_view.php')
 4 SYSTEMPATH\View\View.php(237): CodeIgniter\View\View->CodeIgniter\View\{closure}()
 5 SYSTEMPATH\Common.php(1171): CodeIgniter\View\View->render('userStatus/status_view', [], true)
 6 APPPATH\Controllers\UserStatus.php(36): view('userStatus/status_view', [...])
 7 SYSTEMPATH\CodeIgniter.php(933): App\Controllers\UserStatus->index()
 8 SYSTEMPATH\CodeIgniter.php(509): CodeIgniter\CodeIgniter->runController(Object(App\Controllers\UserStatus))
 9 SYSTEMPATH\CodeIgniter.php(355): CodeIgniter\CodeIgniter->handleRequest(null, Object(Config\Cache), false)
10 SYSTEMPATH\Boot.php(312): CodeIgniter\CodeIgniter->run()
11 SYSTEMPATH\Boot.php(67): CodeIgniter\Boot::runCodeIgniter(Object(CodeIgniter\CodeIgniter))
12 FCPATH\index.php(56): CodeIgniter\Boot::bootWeb(Object(Config\Paths))
13 SYSTEMPATH\Commands\Server\rewrite.php(49): require_once('C:\\xampp\\htdocs\\Codeigniter_Crud\\crud_v2\\public\\index.php')
CRITICAL - 2024-05-14 00:20:36 --> ErrorException: require_once(/crud_v2/app/Views/userStatus/table.php): Failed to open stream: No such file or directory
[Method: GET, Route: userStatus]
in APPPATH\Views\userStatus\status_view.php on line 29.
 1 APPPATH\Views\userStatus\status_view.php(29): CodeIgniter\Debug\Exceptions->errorHandler(2, 'require_once(/crud_v2/app/Views/userStatus/table.php): Failed to open stream: No such file or directory', 'C:\\xampp\\htdocs\\Codeigniter_Crud\\crud_v2\\app\\Views\\userStatus\\status_view.php', 29)
 2 APPPATH\Views\userStatus\status_view.php(29): require_once()
 3 SYSTEMPATH\View\View.php(234): include('C:\\xampp\\htdocs\\Codeigniter_Crud\\crud_v2\\app\\Views\\userStatus\\status_view.php')
 4 SYSTEMPATH\View\View.php(237): CodeIgniter\View\View->CodeIgniter\View\{closure}()
 5 SYSTEMPATH\Common.php(1171): CodeIgniter\View\View->render('userStatus/status_view', [], true)
 6 APPPATH\Controllers\UserStatus.php(36): view('userStatus/status_view', [...])
 7 SYSTEMPATH\CodeIgniter.php(933): App\Controllers\UserStatus->index()
 8 SYSTEMPATH\CodeIgniter.php(509): CodeIgniter\CodeIgniter->runController(Object(App\Controllers\UserStatus))
 9 SYSTEMPATH\CodeIgniter.php(355): CodeIgniter\CodeIgniter->handleRequest(null, Object(Config\Cache), false)
10 SYSTEMPATH\Boot.php(312): CodeIgniter\CodeIgniter->run()
11 SYSTEMPATH\Boot.php(67): CodeIgniter\Boot::runCodeIgniter(Object(CodeIgniter\CodeIgniter))
12 FCPATH\index.php(56): CodeIgniter\Boot::bootWeb(Object(Config\Paths))
13 SYSTEMPATH\Commands\Server\rewrite.php(49): require_once('C:\\xampp\\htdocs\\Codeigniter_Crud\\crud_v2\\public\\index.php')
CRITICAL - 2024-05-14 00:20:36 --> ErrorException: require_once(/crud_v2/app/Views/userStatus/table.php): Failed to open stream: No such file or directory
[Method: GET, Route: userStatus]
in APPPATH\Views\userStatus\status_view.php on line 29.
 1 APPPATH\Views\userStatus\status_view.php(29): CodeIgniter\Debug\Exceptions->errorHandler(2, 'require_once(/crud_v2/app/Views/userStatus/table.php): Failed to open stream: No such file or directory', 'C:\\xampp\\htdocs\\Codeigniter_Crud\\crud_v2\\app\\Views\\userStatus\\status_view.php', 29)
 2 APPPATH\Views\userStatus\status_view.php(29): require_once()
 3 SYSTEMPATH\View\View.php(234): include('C:\\xampp\\htdocs\\Codeigniter_Crud\\crud_v2\\app\\Views\\userStatus\\status_view.php')
 4 SYSTEMPATH\View\View.php(237): CodeIgniter\View\View->CodeIgniter\View\{closure}()
 5 SYSTEMPATH\Common.php(1171): CodeIgniter\View\View->render('userStatus/status_view', [], true)
 6 APPPATH\Controllers\UserStatus.php(36): view('userStatus/status_view', [...])
 7 SYSTEMPATH\CodeIgniter.php(933): App\Controllers\UserStatus->index()
 8 SYSTEMPATH\CodeIgniter.php(509): CodeIgniter\CodeIgniter->runController(Object(App\Controllers\UserStatus))
 9 SYSTEMPATH\CodeIgniter.php(355): CodeIgniter\CodeIgniter->handleRequest(null, Object(Config\Cache), false)
10 SYSTEMPATH\Boot.php(312): CodeIgniter\CodeIgniter->run()
11 SYSTEMPATH\Boot.php(67): CodeIgniter\Boot::runCodeIgniter(Object(CodeIgniter\CodeIgniter))
12 FCPATH\index.php(56): CodeIgniter\Boot::bootWeb(Object(Config\Paths))
13 SYSTEMPATH\Commands\Server\rewrite.php(49): require_once('C:\\xampp\\htdocs\\Codeigniter_Crud\\crud_v2\\public\\index.php')
CRITICAL - 2024-05-14 00:20:47 --> ErrorException: Undefined variable $userStatus
[Method: GET, Route: userStatus]
in APPPATH\Views\userStatus\table.php on line 12.
 1 APPPATH\Views\userStatus\table.php(12): CodeIgniter\Debug\Exceptions->errorHandler(2, 'Undefined variable $userStatus', 'C:\\xampp\\htdocs\\Codeigniter_Crud\\crud_v2\\app\\Views\\userStatus\\table.php', 12)
 2 APPPATH\Views\userStatus\status_view.php(29): require_once('C:\\xampp\\htdocs\\Codeigniter_Crud\\crud_v2\\app\\Views\\userStatus\\table.php')
 3 SYSTEMPATH\View\View.php(234): include('C:\\xampp\\htdocs\\Codeigniter_Crud\\crud_v2\\app\\Views\\userStatus\\status_view.php')
 4 SYSTEMPATH\View\View.php(237): CodeIgniter\View\View->CodeIgniter\View\{closure}()
 5 SYSTEMPATH\Common.php(1171): CodeIgniter\View\View->render('userStatus/status_view', [], true)
 6 APPPATH\Controllers\UserStatus.php(36): view('userStatus/status_view', [...])
 7 SYSTEMPATH\CodeIgniter.php(933): App\Controllers\UserStatus->index()
 8 SYSTEMPATH\CodeIgniter.php(509): CodeIgniter\CodeIgniter->runController(Object(App\Controllers\UserStatus))
 9 SYSTEMPATH\CodeIgniter.php(355): CodeIgniter\CodeIgniter->handleRequest(null, Object(Config\Cache), false)
10 SYSTEMPATH\Boot.php(312): CodeIgniter\CodeIgniter->run()
11 SYSTEMPATH\Boot.php(67): CodeIgniter\Boot::runCodeIgniter(Object(CodeIgniter\CodeIgniter))
12 FCPATH\index.php(56): CodeIgniter\Boot::bootWeb(Object(Config\Paths))
13 SYSTEMPATH\Commands\Server\rewrite.php(49): require_once('C:\\xampp\\htdocs\\Codeigniter_Crud\\crud_v2\\public\\index.php')
CRITICAL - 2024-05-14 00:22:48 --> ErrorException: Undefined variable $userStatus
[Method: GET, Route: userStatus]
in APPPATH\Views\userStatus\table.php on line 12.
 1 APPPATH\Views\userStatus\table.php(12): CodeIgniter\Debug\Exceptions->errorHandler(2, 'Undefined variable $userStatus', 'C:\\xampp\\htdocs\\Codeigniter_Crud\\crud_v2\\app\\Views\\userStatus\\table.php', 12)
 2 APPPATH\Views\userStatus\status_view.php(29): require_once('C:\\xampp\\htdocs\\Codeigniter_Crud\\crud_v2\\app\\Views\\userStatus\\table.php')
 3 SYSTEMPATH\View\View.php(234): include('C:\\xampp\\htdocs\\Codeigniter_Crud\\crud_v2\\app\\Views\\userStatus\\status_view.php')
 4 SYSTEMPATH\View\View.php(237): CodeIgniter\View\View->CodeIgniter\View\{closure}()
 5 SYSTEMPATH\Common.php(1171): CodeIgniter\View\View->render('userStatus/status_view', [], true)
 6 APPPATH\Controllers\UserStatus.php(36): view('userStatus/status_view', [...])
 7 SYSTEMPATH\CodeIgniter.php(933): App\Controllers\UserStatus->index()
 8 SYSTEMPATH\CodeIgniter.php(509): CodeIgniter\CodeIgniter->runController(Object(App\Controllers\UserStatus))
 9 SYSTEMPATH\CodeIgniter.php(355): CodeIgniter\CodeIgniter->handleRequest(null, Object(Config\Cache), false)
10 SYSTEMPATH\Boot.php(312): CodeIgniter\CodeIgniter->run()
11 SYSTEMPATH\Boot.php(67): CodeIgniter\Boot::runCodeIgniter(Object(CodeIgniter\CodeIgniter))
12 FCPATH\index.php(56): CodeIgniter\Boot::bootWeb(Object(Config\Paths))
13 SYSTEMPATH\Commands\Server\rewrite.php(49): require_once('C:\\xampp\\htdocs\\Codeigniter_Crud\\crud_v2\\public\\index.php')
CRITICAL - 2024-05-14 00:22:49 --> ErrorException: Undefined variable $userStatus
[Method: GET, Route: userStatus]
in APPPATH\Views\userStatus\table.php on line 12.
 1 APPPATH\Views\userStatus\table.php(12): CodeIgniter\Debug\Exceptions->errorHandler(2, 'Undefined variable $userStatus', 'C:\\xampp\\htdocs\\Codeigniter_Crud\\crud_v2\\app\\Views\\userStatus\\table.php', 12)
 2 APPPATH\Views\userStatus\status_view.php(29): require_once('C:\\xampp\\htdocs\\Codeigniter_Crud\\crud_v2\\app\\Views\\userStatus\\table.php')
 3 SYSTEMPATH\View\View.php(234): include('C:\\xampp\\htdocs\\Codeigniter_Crud\\crud_v2\\app\\Views\\userStatus\\status_view.php')
 4 SYSTEMPATH\View\View.php(237): CodeIgniter\View\View->CodeIgniter\View\{closure}()
 5 SYSTEMPATH\Common.php(1171): CodeIgniter\View\View->render('userStatus/status_view', [], true)
 6 APPPATH\Controllers\UserStatus.php(36): view('userStatus/status_view', [...])
 7 SYSTEMPATH\CodeIgniter.php(933): App\Controllers\UserStatus->index()
 8 SYSTEMPATH\CodeIgniter.php(509): CodeIgniter\CodeIgniter->runController(Object(App\Controllers\UserStatus))
 9 SYSTEMPATH\CodeIgniter.php(355): CodeIgniter\CodeIgniter->handleRequest(null, Object(Config\Cache), false)
10 SYSTEMPATH\Boot.php(312): CodeIgniter\CodeIgniter->run()
11 SYSTEMPATH\Boot.php(67): CodeIgniter\Boot::runCodeIgniter(Object(CodeIgniter\CodeIgniter))
12 FCPATH\index.php(56): CodeIgniter\Boot::bootWeb(Object(Config\Paths))
13 SYSTEMPATH\Commands\Server\rewrite.php(49): require_once('C:\\xampp\\htdocs\\Codeigniter_Crud\\crud_v2\\public\\index.php')
CRITICAL - 2024-05-14 00:24:35 --> ErrorException: Undefined variable $userStatus
[Method: GET, Route: userStatus]
in APPPATH\Views\userStatus\table.php on line 12.
 1 APPPATH\Views\userStatus\table.php(12): CodeIgniter\Debug\Exceptions->errorHandler(2, 'Undefined variable $userStatus', 'C:\\xampp\\htdocs\\Codeigniter_Crud\\crud_v2\\app\\Views\\userStatus\\table.php', 12)
 2 APPPATH\Views\userStatus\status_view.php(29): require_once('C:\\xampp\\htdocs\\Codeigniter_Crud\\crud_v2\\app\\Views\\userStatus\\table.php')
 3 SYSTEMPATH\View\View.php(234): include('C:\\xampp\\htdocs\\Codeigniter_Crud\\crud_v2\\app\\Views\\userStatus\\status_view.php')
 4 SYSTEMPATH\View\View.php(237): CodeIgniter\View\View->CodeIgniter\View\{closure}()
 5 SYSTEMPATH\Common.php(1171): CodeIgniter\View\View->render('userStatus/status_view', [], true)
 6 APPPATH\Controllers\UserStatus.php(36): view('userStatus/status_view', [...])
 7 SYSTEMPATH\CodeIgniter.php(933): App\Controllers\UserStatus->index()
 8 SYSTEMPATH\CodeIgniter.php(509): CodeIgniter\CodeIgniter->runController(Object(App\Controllers\UserStatus))
 9 SYSTEMPATH\CodeIgniter.php(355): CodeIgniter\CodeIgniter->handleRequest(null, Object(Config\Cache), false)
10 SYSTEMPATH\Boot.php(312): CodeIgniter\CodeIgniter->run()
11 SYSTEMPATH\Boot.php(67): CodeIgniter\Boot::runCodeIgniter(Object(CodeIgniter\CodeIgniter))
12 FCPATH\index.php(56): CodeIgniter\Boot::bootWeb(Object(Config\Paths))
13 SYSTEMPATH\Commands\Server\rewrite.php(49): require_once('C:\\xampp\\htdocs\\Codeigniter_Crud\\crud_v2\\public\\index.php')
CRITICAL - 2024-05-14 00:26:22 --> ErrorException: Undefined variable $userStatus
[Method: GET, Route: userStatus]
in APPPATH\Views\userStatus\table.php on line 12.
 1 APPPATH\Views\userStatus\table.php(12): CodeIgniter\Debug\Exceptions->errorHandler(2, 'Undefined variable $userStatus', 'C:\\xampp\\htdocs\\Codeigniter_Crud\\crud_v2\\app\\Views\\userStatus\\table.php', 12)
 2 APPPATH\Views\userStatus\status_view.php(29): require_once('C:\\xampp\\htdocs\\Codeigniter_Crud\\crud_v2\\app\\Views\\userStatus\\table.php')
 3 SYSTEMPATH\View\View.php(234): include('C:\\xampp\\htdocs\\Codeigniter_Crud\\crud_v2\\app\\Views\\userStatus\\status_view.php')
 4 SYSTEMPATH\View\View.php(237): CodeIgniter\View\View->CodeIgniter\View\{closure}()
 5 SYSTEMPATH\Common.php(1171): CodeIgniter\View\View->render('userStatus/status_view', [], true)
 6 APPPATH\Controllers\UserStatus.php(36): view('userStatus/status_view', [...])
 7 SYSTEMPATH\CodeIgniter.php(933): App\Controllers\UserStatus->index()
 8 SYSTEMPATH\CodeIgniter.php(509): CodeIgniter\CodeIgniter->runController(Object(App\Controllers\UserStatus))
 9 SYSTEMPATH\CodeIgniter.php(355): CodeIgniter\CodeIgniter->handleRequest(null, Object(Config\Cache), false)
10 SYSTEMPATH\Boot.php(312): CodeIgniter\CodeIgniter->run()
11 SYSTEMPATH\Boot.php(67): CodeIgniter\Boot::runCodeIgniter(Object(CodeIgniter\CodeIgniter))
12 FCPATH\index.php(56): CodeIgniter\Boot::bootWeb(Object(Config\Paths))
13 SYSTEMPATH\Commands\Server\rewrite.php(49): require_once('C:\\xampp\\htdocs\\Codeigniter_Crud\\crud_v2\\public\\index.php')
CRITICAL - 2024-05-14 00:30:50 --> ErrorException: require_once(/crud_v2/app/Views/footer/footer.php): Failed to open stream: No such file or directory
[Method: GET, Route: userStatus]
in APPPATH\Views\userStatus\status_view.php on line 35.
 1 APPPATH\Views\userStatus\status_view.php(35): CodeIgniter\Debug\Exceptions->errorHandler(2, 'require_once(/crud_v2/app/Views/footer/footer.php): Failed to open stream: No such file or directory', 'C:\\xampp\\htdocs\\Codeigniter_Crud\\crud_v2\\app\\Views\\userStatus\\status_view.php', 35)
 2 APPPATH\Views\userStatus\status_view.php(35): require_once()
 3 SYSTEMPATH\View\View.php(234): include('C:\\xampp\\htdocs\\Codeigniter_Crud\\crud_v2\\app\\Views\\userStatus\\status_view.php')
 4 SYSTEMPATH\View\View.php(237): CodeIgniter\View\View->CodeIgniter\View\{closure}()
 5 SYSTEMPATH\Common.php(1171): CodeIgniter\View\View->render('userStatus/status_view', [], true)
 6 APPPATH\Controllers\UserStatus.php(36): view('userStatus/status_view', [...])
 7 SYSTEMPATH\CodeIgniter.php(933): App\Controllers\UserStatus->index()
 8 SYSTEMPATH\CodeIgniter.php(509): CodeIgniter\CodeIgniter->runController(Object(App\Controllers\UserStatus))
 9 SYSTEMPATH\CodeIgniter.php(355): CodeIgniter\CodeIgniter->handleRequest(null, Object(Config\Cache), false)
10 SYSTEMPATH\Boot.php(312): CodeIgniter\CodeIgniter->run()
11 SYSTEMPATH\Boot.php(67): CodeIgniter\Boot::runCodeIgniter(Object(CodeIgniter\CodeIgniter))
12 FCPATH\index.php(56): CodeIgniter\Boot::bootWeb(Object(Config\Paths))
13 SYSTEMPATH\Commands\Server\rewrite.php(49): require_once('C:\\xampp\\htdocs\\Codeigniter_Crud\\crud_v2\\public\\index.php')
CRITICAL - 2024-05-14 00:31:14 --> ErrorException: require_once(/crud_v2/app/Views/footer/footer.php): Failed to open stream: No such file or directory
[Method: GET, Route: userStatus]
in APPPATH\Views\userStatus\status_view.php on line 35.
 1 APPPATH\Views\userStatus\status_view.php(35): CodeIgniter\Debug\Exceptions->errorHandler(2, 'require_once(/crud_v2/app/Views/footer/footer.php): Failed to open stream: No such file or directory', 'C:\\xampp\\htdocs\\Codeigniter_Crud\\crud_v2\\app\\Views\\userStatus\\status_view.php', 35)
 2 APPPATH\Views\userStatus\status_view.php(35): require_once()
 3 SYSTEMPATH\View\View.php(234): include('C:\\xampp\\htdocs\\Codeigniter_Crud\\crud_v2\\app\\Views\\userStatus\\status_view.php')
 4 SYSTEMPATH\View\View.php(237): CodeIgniter\View\View->CodeIgniter\View\{closure}()
 5 SYSTEMPATH\Common.php(1171): CodeIgniter\View\View->render('userStatus/status_view', [], true)
 6 APPPATH\Controllers\UserStatus.php(36): view('userStatus/status_view', [...])
 7 SYSTEMPATH\CodeIgniter.php(933): App\Controllers\UserStatus->index()
 8 SYSTEMPATH\CodeIgniter.php(509): CodeIgniter\CodeIgniter->runController(Object(App\Controllers\UserStatus))
 9 SYSTEMPATH\CodeIgniter.php(355): CodeIgniter\CodeIgniter->handleRequest(null, Object(Config\Cache), false)
10 SYSTEMPATH\Boot.php(312): CodeIgniter\CodeIgniter->run()
11 SYSTEMPATH\Boot.php(67): CodeIgniter\Boot::runCodeIgniter(Object(CodeIgniter\CodeIgniter))
12 FCPATH\index.php(56): CodeIgniter\Boot::bootWeb(Object(Config\Paths))
13 SYSTEMPATH\Commands\Server\rewrite.php(49): require_once('C:\\xampp\\htdocs\\Codeigniter_Crud\\crud_v2\\public\\index.php')
CRITICAL - 2024-05-14 00:31:17 --> ErrorException: require_once(/crud_v2/app/Views/footer/footer.php): Failed to open stream: No such file or directory
[Method: GET, Route: userStatus]
in APPPATH\Views\userStatus\status_view.php on line 35.
 1 APPPATH\Views\userStatus\status_view.php(35): CodeIgniter\Debug\Exceptions->errorHandler(2, 'require_once(/crud_v2/app/Views/footer/footer.php): Failed to open stream: No such file or directory', 'C:\\xampp\\htdocs\\Codeigniter_Crud\\crud_v2\\app\\Views\\userStatus\\status_view.php', 35)
 2 APPPATH\Views\userStatus\status_view.php(35): require_once()
 3 SYSTEMPATH\View\View.php(234): include('C:\\xampp\\htdocs\\Codeigniter_Crud\\crud_v2\\app\\Views\\userStatus\\status_view.php')
 4 SYSTEMPATH\View\View.php(237): CodeIgniter\View\View->CodeIgniter\View\{closure}()
 5 SYSTEMPATH\Common.php(1171): CodeIgniter\View\View->render('userStatus/status_view', [], true)
 6 APPPATH\Controllers\UserStatus.php(36): view('userStatus/status_view', [...])
 7 SYSTEMPATH\CodeIgniter.php(933): App\Controllers\UserStatus->index()
 8 SYSTEMPATH\CodeIgniter.php(509): CodeIgniter\CodeIgniter->runController(Object(App\Controllers\UserStatus))
 9 SYSTEMPATH\CodeIgniter.php(355): CodeIgniter\CodeIgniter->handleRequest(null, Object(Config\Cache), false)
10 SYSTEMPATH\Boot.php(312): CodeIgniter\CodeIgniter->run()
11 SYSTEMPATH\Boot.php(67): CodeIgniter\Boot::runCodeIgniter(Object(CodeIgniter\CodeIgniter))
12 FCPATH\index.php(56): CodeIgniter\Boot::bootWeb(Object(Config\Paths))
13 SYSTEMPATH\Commands\Server\rewrite.php(49): require_once('C:\\xampp\\htdocs\\Codeigniter_Crud\\crud_v2\\public\\index.php')
ERROR - 2024-05-14 11:15:00 --> Error connecting to the database: mysqli_sql_exception: No se puede establecer una conexin ya que el equipo de destino deneg expresamente dicha conexin in C:\xampp\htdocs\Codeigniter_Crud\crud_v2\vendor\codeigniter4\framework\system\Database\MySQLi\Connection.php:186
Stack trace:
#0 C:\xampp\htdocs\Codeigniter_Crud\crud_v2\vendor\codeigniter4\framework\system\Database\MySQLi\Connection.php(186): mysqli->real_connect('localhost', 'root', Object(SensitiveParameterValue), 'crud_v2', 3306, '', 0)
#1 C:\xampp\htdocs\Codeigniter_Crud\crud_v2\vendor\codeigniter4\framework\system\Database\BaseConnection.php(421): CodeIgniter\Database\MySQLi\Connection->connect(false)
#2 C:\xampp\htdocs\Codeigniter_Crud\crud_v2\vendor\codeigniter4\framework\system\Database\BaseConnection.php(604): CodeIgniter\Database\BaseConnection->initialize()
#3 C:\xampp\htdocs\Codeigniter_Crud\crud_v2\vendor\codeigniter4\framework\system\Database\BaseBuilder.php(1629): CodeIgniter\Database\BaseConnection->query('SELECT *\nFROM `...', Array, false)
#4 C:\xampp\htdocs\Codeigniter_Crud\crud_v2\vendor\codeigniter4\framework\system\Model.php(275): CodeIgniter\Database\BaseBuilder->get()
#5 C:\xampp\htdocs\Codeigniter_Crud\crud_v2\vendor\codeigniter4\framework\system\BaseModel.php(676): CodeIgniter\Model->doFindAll(0, 0)
#6 C:\xampp\htdocs\Codeigniter_Crud\crud_v2\app\Controllers\UserStatus.php(35): CodeIgniter\BaseModel->findAll()
#7 C:\xampp\htdocs\Codeigniter_Crud\crud_v2\vendor\codeigniter4\framework\system\CodeIgniter.php(933): App\Controllers\UserStatus->index()
#8 C:\xampp\htdocs\Codeigniter_Crud\crud_v2\vendor\codeigniter4\framework\system\CodeIgniter.php(509): CodeIgniter\CodeIgniter->runController(Object(App\Controllers\UserStatus))
#9 C:\xampp\htdocs\Codeigniter_Crud\crud_v2\vendor\codeigniter4\framework\system\CodeIgniter.php(355): CodeIgniter\CodeIgniter->handleRequest(NULL, Object(Config\Cache), false)
#10 C:\xampp\htdocs\Codeigniter_Crud\crud_v2\vendor\codeigniter4\framework\system\Boot.php(312): CodeIgniter\CodeIgniter->run()
#11 C:\xampp\htdocs\Codeigniter_Crud\crud_v2\vendor\codeigniter4\framework\system\Boot.php(67): CodeIgniter\Boot::runCodeIgniter(Object(CodeIgniter\CodeIgniter))
#12 C:\xampp\htdocs\Codeigniter_Crud\crud_v2\public\index.php(56): CodeIgniter\Boot::bootWeb(Object(Config\Paths))
#13 C:\xampp\htdocs\Codeigniter_Crud\crud_v2\vendor\codeigniter4\framework\system\Commands\Server\rewrite.php(49): require_once('C:\\xampp\\htdocs...')
#14 {main}

Next CodeIgniter\Database\Exceptions\DatabaseException: No se puede establecer una conexin ya que el equipo de destino deneg expresamente dicha conexin in C:\xampp\htdocs\Codeigniter_Crud\crud_v2\vendor\codeigniter4\framework\system\Database\MySQLi\Connection.php:231
Stack trace:
#0 C:\xampp\htdocs\Codeigniter_Crud\crud_v2\vendor\codeigniter4\framework\system\Database\BaseConnection.php(421): CodeIgniter\Database\MySQLi\Connection->connect(false)
#1 C:\xampp\htdocs\Codeigniter_Crud\crud_v2\vendor\codeigniter4\framework\system\Database\BaseConnection.php(604): CodeIgniter\Database\BaseConnection->initialize()
#2 C:\xampp\htdocs\Codeigniter_Crud\crud_v2\vendor\codeigniter4\framework\system\Database\BaseBuilder.php(1629): CodeIgniter\Database\BaseConnection->query('SELECT *\nFROM `...', Array, false)
#3 C:\xampp\htdocs\Codeigniter_Crud\crud_v2\vendor\codeigniter4\framework\system\Model.php(275): CodeIgniter\Database\BaseBuilder->get()
#4 C:\xampp\htdocs\Codeigniter_Crud\crud_v2\vendor\codeigniter4\framework\system\BaseModel.php(676): CodeIgniter\Model->doFindAll(0, 0)
#5 C:\xampp\htdocs\Codeigniter_Crud\crud_v2\app\Controllers\UserStatus.php(35): CodeIgniter\BaseModel->findAll()
#6 C:\xampp\htdocs\Codeigniter_Crud\crud_v2\vendor\codeigniter4\framework\system\CodeIgniter.php(933): App\Controllers\UserStatus->index()
#7 C:\xampp\htdocs\Codeigniter_Crud\crud_v2\vendor\codeigniter4\framework\system\CodeIgniter.php(509): CodeIgniter\CodeIgniter->runController(Object(App\Controllers\UserStatus))
#8 C:\xampp\htdocs\Codeigniter_Crud\crud_v2\vendor\codeigniter4\framework\system\CodeIgniter.php(355): CodeIgniter\CodeIgniter->handleRequest(NULL, Object(Config\Cache), false)
#9 C:\xampp\htdocs\Codeigniter_Crud\crud_v2\vendor\codeigniter4\framework\system\Boot.php(312): CodeIgniter\CodeIgniter->run()
#10 C:\xampp\htdocs\Codeigniter_Crud\crud_v2\vendor\codeigniter4\framework\system\Boot.php(67): CodeIgniter\Boot::runCodeIgniter(Object(CodeIgniter\CodeIgniter))
#11 C:\xampp\htdocs\Codeigniter_Crud\crud_v2\public\index.php(56): CodeIgniter\Boot::bootWeb(Object(Config\Paths))
#12 C:\xampp\htdocs\Codeigniter_Crud\crud_v2\vendor\codeigniter4\framework\system\Commands\Server\rewrite.php(49): require_once('C:\\xampp\\htdocs...')
#13 {main}
CRITICAL - 2024-05-14 11:15:00 --> CodeIgniter\Database\Exceptions\DatabaseException: Unable to connect to the database.
Main connection [MySQLi]: No se puede establecer una conexin ya que el equipo de destino deneg expresamente dicha conexin
[Method: GET, Route: userStatus]
in SYSTEMPATH\Database\BaseConnection.php on line 457.
 1 SYSTEMPATH\Database\BaseConnection.php(604): CodeIgniter\Database\BaseConnection->initialize()
 2 SYSTEMPATH\Database\BaseBuilder.php(1629): CodeIgniter\Database\BaseConnection->query('SELECT *
FROM `user_status`
ORDER BY `User_status_id` ASC', [], false)
 3 SYSTEMPATH\Model.php(275): CodeIgniter\Database\BaseBuilder->get()
 4 SYSTEMPATH\BaseModel.php(676): CodeIgniter\Model->doFindAll(0, 0)
 5 APPPATH\Controllers\UserStatus.php(35): CodeIgniter\BaseModel->findAll()
 6 SYSTEMPATH\CodeIgniter.php(933): App\Controllers\UserStatus->index()
 7 SYSTEMPATH\CodeIgniter.php(509): CodeIgniter\CodeIgniter->runController(Object(App\Controllers\UserStatus))
 8 SYSTEMPATH\CodeIgniter.php(355): CodeIgniter\CodeIgniter->handleRequest(null, Object(Config\Cache), false)
 9 SYSTEMPATH\Boot.php(312): CodeIgniter\CodeIgniter->run()
10 SYSTEMPATH\Boot.php(67): CodeIgniter\Boot::runCodeIgniter(Object(CodeIgniter\CodeIgniter))
11 FCPATH\index.php(56): CodeIgniter\Boot::bootWeb(Object(Config\Paths))
12 SYSTEMPATH\Commands\Server\rewrite.php(49): require_once('C:\\xampp\\htdocs\\Codeigniter_Crud\\crud_v2\\public\\index.php')
