INFO - 2024-10-15 23:39:02 --> Session: Class initialized using 'CodeIgniter\Session\Handlers\FileHandler' driver.
ERROR - 2024-10-15 23:39:10 --> Error connecting to the database: mysqli_sql_exception: No se puede establecer una conexión ya que el equipo de destino denegó expresamente dicha conexión in C:\Users\1022441593\Desktop\ADSO_SENA_VII-crud_v2\vendor\codeigniter4\framework\system\Database\MySQLi\Connection.php:186
Stack trace:
#0 C:\Users\1022441593\Desktop\ADSO_SENA_VII-crud_v2\vendor\codeigniter4\framework\system\Database\MySQLi\Connection.php(186): mysqli->real_connect('localhost', 'root', Object(SensitiveParameterValue), 'api_proyecto', 3306, '', 0)
#1 C:\Users\1022441593\Desktop\ADSO_SENA_VII-crud_v2\vendor\codeigniter4\framework\system\Database\BaseConnection.php(421): CodeIgniter\Database\MySQLi\Connection->connect(false)
#2 C:\Users\1022441593\Desktop\ADSO_SENA_VII-crud_v2\vendor\codeigniter4\framework\system\Database\BaseConnection.php(604): CodeIgniter\Database\BaseConnection->initialize()
#3 C:\Users\1022441593\Desktop\ADSO_SENA_VII-crud_v2\app\Models\LoginModel.php(27): CodeIgniter\Database\BaseConnection->query('SELECT * FROM u...')
#4 C:\Users\1022441593\Desktop\ADSO_SENA_VII-crud_v2\app\Controllers\Login.php(37): App\Models\LoginModel->sp_get_user('brayan@gmail.co...')
#5 C:\Users\1022441593\Desktop\ADSO_SENA_VII-crud_v2\vendor\codeigniter4\framework\system\CodeIgniter.php(933): App\Controllers\Login->logIn()
#6 C:\Users\1022441593\Desktop\ADSO_SENA_VII-crud_v2\vendor\codeigniter4\framework\system\CodeIgniter.php(509): CodeIgniter\CodeIgniter->runController(Object(App\Controllers\Login))
#7 C:\Users\1022441593\Desktop\ADSO_SENA_VII-crud_v2\vendor\codeigniter4\framework\system\CodeIgniter.php(355): CodeIgniter\CodeIgniter->handleRequest(NULL, Object(Config\Cache), false)
#8 C:\Users\1022441593\Desktop\ADSO_SENA_VII-crud_v2\vendor\codeigniter4\framework\system\Boot.php(312): CodeIgniter\CodeIgniter->run()
#9 C:\Users\1022441593\Desktop\ADSO_SENA_VII-crud_v2\vendor\codeigniter4\framework\system\Boot.php(67): CodeIgniter\Boot::runCodeIgniter(Object(CodeIgniter\CodeIgniter))
#10 C:\Users\1022441593\Desktop\ADSO_SENA_VII-crud_v2\public\index.php(56): CodeIgniter\Boot::bootWeb(Object(Config\Paths))
#11 C:\Users\1022441593\Desktop\ADSO_SENA_VII-crud_v2\vendor\codeigniter4\framework\system\Commands\Server\rewrite.php(49): require_once('C:\\Users\\102244...')
#12 {main}

Next CodeIgniter\Database\Exceptions\DatabaseException: No se puede establecer una conexión ya que el equipo de destino denegó expresamente dicha conexión in C:\Users\1022441593\Desktop\ADSO_SENA_VII-crud_v2\vendor\codeigniter4\framework\system\Database\MySQLi\Connection.php:231
Stack trace:
#0 C:\Users\1022441593\Desktop\ADSO_SENA_VII-crud_v2\vendor\codeigniter4\framework\system\Database\BaseConnection.php(421): CodeIgniter\Database\MySQLi\Connection->connect(false)
#1 C:\Users\1022441593\Desktop\ADSO_SENA_VII-crud_v2\vendor\codeigniter4\framework\system\Database\BaseConnection.php(604): CodeIgniter\Database\BaseConnection->initialize()
#2 C:\Users\1022441593\Desktop\ADSO_SENA_VII-crud_v2\app\Models\LoginModel.php(27): CodeIgniter\Database\BaseConnection->query('SELECT * FROM u...')
#3 C:\Users\1022441593\Desktop\ADSO_SENA_VII-crud_v2\app\Controllers\Login.php(37): App\Models\LoginModel->sp_get_user('brayan@gmail.co...')
#4 C:\Users\1022441593\Desktop\ADSO_SENA_VII-crud_v2\vendor\codeigniter4\framework\system\CodeIgniter.php(933): App\Controllers\Login->logIn()
#5 C:\Users\1022441593\Desktop\ADSO_SENA_VII-crud_v2\vendor\codeigniter4\framework\system\CodeIgniter.php(509): CodeIgniter\CodeIgniter->runController(Object(App\Controllers\Login))
#6 C:\Users\1022441593\Desktop\ADSO_SENA_VII-crud_v2\vendor\codeigniter4\framework\system\CodeIgniter.php(355): CodeIgniter\CodeIgniter->handleRequest(NULL, Object(Config\Cache), false)
#7 C:\Users\1022441593\Desktop\ADSO_SENA_VII-crud_v2\vendor\codeigniter4\framework\system\Boot.php(312): CodeIgniter\CodeIgniter->run()
#8 C:\Users\1022441593\Desktop\ADSO_SENA_VII-crud_v2\vendor\codeigniter4\framework\system\Boot.php(67): CodeIgniter\Boot::runCodeIgniter(Object(CodeIgniter\CodeIgniter))
#9 C:\Users\1022441593\Desktop\ADSO_SENA_VII-crud_v2\public\index.php(56): CodeIgniter\Boot::bootWeb(Object(Config\Paths))
#10 C:\Users\1022441593\Desktop\ADSO_SENA_VII-crud_v2\vendor\codeigniter4\framework\system\Commands\Server\rewrite.php(49): require_once('C:\\Users\\102244...')
#11 {main}
CRITICAL - 2024-10-15 23:39:10 --> CodeIgniter\Database\Exceptions\DatabaseException: Unable to connect to the database.
Main connection [MySQLi]: No se puede establecer una conexión ya que el equipo de destino denegó expresamente dicha conexión
[Method: POST, Route: login/logIn]
in SYSTEMPATH\Database\BaseConnection.php on line 457.
 1 SYSTEMPATH\Database\BaseConnection.php(604): CodeIgniter\Database\BaseConnection->initialize()
 2 APPPATH\Models\LoginModel.php(27): CodeIgniter\Database\BaseConnection->query('SELECT * FROM users WHERE User_correo=\'brayan@gmail.com\'')
 3 APPPATH\Controllers\Login.php(37): App\Models\LoginModel->sp_get_user('brayan@gmail.com')
 4 SYSTEMPATH\CodeIgniter.php(933): App\Controllers\Login->logIn()
 5 SYSTEMPATH\CodeIgniter.php(509): CodeIgniter\CodeIgniter->runController(Object(App\Controllers\Login))
 6 SYSTEMPATH\CodeIgniter.php(355): CodeIgniter\CodeIgniter->handleRequest(null, Object(Config\Cache), false)
 7 SYSTEMPATH\Boot.php(312): CodeIgniter\CodeIgniter->run()
 8 SYSTEMPATH\Boot.php(67): CodeIgniter\Boot::runCodeIgniter(Object(CodeIgniter\CodeIgniter))
 9 FCPATH\index.php(56): CodeIgniter\Boot::bootWeb(Object(Config\Paths))
10 SYSTEMPATH\Commands\Server\rewrite.php(49): require_once('C:\\Users\\1022441593\\Desktop\\ADSO_SENA_VII-crud_v2\\public\\index.php')
INFO - 2024-10-15 23:39:20 --> Session: Class initialized using 'CodeIgniter\Session\Handlers\FileHandler' driver.
INFO - 2024-10-15 23:39:22 --> Session: Class initialized using 'CodeIgniter\Session\Handlers\FileHandler' driver.
INFO - 2024-10-15 23:39:25 --> Session: Class initialized using 'CodeIgniter\Session\Handlers\FileHandler' driver.
INFO - 2024-10-15 23:39:32 --> Session: Class initialized using 'CodeIgniter\Session\Handlers\FileHandler' driver.
INFO - 2024-10-15 23:39:39 --> Session: Class initialized using 'CodeIgniter\Session\Handlers\FileHandler' driver.
INFO - 2024-10-15 23:39:47 --> Session: Class initialized using 'CodeIgniter\Session\Handlers\FileHandler' driver.
INFO - 2024-10-15 23:39:50 --> Session: Class initialized using 'CodeIgniter\Session\Handlers\FileHandler' driver.
INFO - 2024-10-15 23:39:56 --> Session: Class initialized using 'CodeIgniter\Session\Handlers\FileHandler' driver.
INFO - 2024-10-15 23:40:05 --> Session: Class initialized using 'CodeIgniter\Session\Handlers\FileHandler' driver.
INFO - 2024-10-15 23:40:08 --> Session: Class initialized using 'CodeIgniter\Session\Handlers\FileHandler' driver.
INFO - 2024-10-15 23:45:56 --> Session: Class initialized using 'CodeIgniter\Session\Handlers\FileHandler' driver.
INFO - 2024-10-15 23:46:32 --> Session: Class initialized using 'CodeIgniter\Session\Handlers\FileHandler' driver.
INFO - 2024-10-15 23:49:00 --> Session: Class initialized using 'CodeIgniter\Session\Handlers\FileHandler' driver.
INFO - 2024-10-15 23:49:44 --> Session: Class initialized using 'CodeIgniter\Session\Handlers\FileHandler' driver.
INFO - 2024-10-15 23:51:36 --> Session: Class initialized using 'CodeIgniter\Session\Handlers\FileHandler' driver.
INFO - 2024-10-15 23:52:35 --> Session: Class initialized using 'CodeIgniter\Session\Handlers\FileHandler' driver.
INFO - 2024-10-15 23:54:51 --> Session: Class initialized using 'CodeIgniter\Session\Handlers\FileHandler' driver.
INFO - 2024-10-15 23:55:19 --> Session: Class initialized using 'CodeIgniter\Session\Handlers\FileHandler' driver.
